Script started on 2019-09-24 23:58:01+0300
]0;habbes@ubuntu: ~/code/class/aos/p1-virtualization/test/memory[01;32mhabbes@ubuntu[00m:[01;34m~/code/class/aos/p1-virtualization/test/memory[00m$ python monitor.py 
vm1: 512.0 287.78125
vm2: 512.0 286.26953125
vm3: 512.0 287.73828125
vm4: 512.0 287.4921875
--------------------------------------------------------------------------------
total  :              8141584 KiB
free   :              4149024 KiB
buffers:                47720 KiB
cached :               821760 KiB


--------------------------------------------------------------------------------
vm1: 512.0 287.78125
vm2: 512.0 286.26953125
vm3: 512.0 287.73828125
vm4: 512.0 287.4921875
--------------------------------------------------------------------------------
total  :              8141584 KiB
free   :              4148772 KiB
buffers:                47720 KiB
cached :               821740 KiB


--------------------------------------------------------------------------------
vm1: 512.0 287.78125
vm2: 512.0 286.26953125
vm3: 512.0 287.73828125
vm4: 512.0 287.4921875
--------------------------------------------------------------------------------
total  :              8141584 KiB
free   :              4148472 KiB
buffers:                47728 KiB
cached :               822136 KiB


--------------------------------------------------------------------------------
vm1: 512.0 287.78125
vm2: 512.0 286.26953125
vm3: 512.0 287.73828125
vm4: 512.0 287.4921875
--------------------------------------------------------------------------------
total  :              8141584 KiB
free   :              4148300 KiB
buffers:                47728 KiB
cached :               822248 KiB


--------------------------------------------------------------------------------
vm1: 512.0 287.78125
vm2: 512.0 286.26953125
vm3: 512.0 287.73828125
vm4: 512.0 287.4921875
--------------------------------------------------------------------------------
total  :              8141584 KiB
free   :              4147716 KiB
buffers:                47744 KiB
cached :               822732 KiB


--------------------------------------------------------------------------------
vm1: 512.0 287.78125
vm2: 512.0 286.26953125
vm3: 512.0 287.73828125
vm4: 512.0 287.4921875
--------------------------------------------------------------------------------
total  :              8141584 KiB
free   :              4147744 KiB
buffers:                47744 KiB
cached :               822732 KiB


--------------------------------------------------------------------------------
vm1: 512.0 287.78125
vm2: 512.0 286.26953125
vm3: 512.0 287.73828125
vm4: 512.0 287.4921875
--------------------------------------------------------------------------------
total  :              8141584 KiB
free   :              4146888 KiB
buffers:                47756 KiB
cached :               822920 KiB


--------------------------------------------------------------------------------
vm1: 512.0 287.78125
vm2: 512.0 286.26953125
vm3: 512.0 287.73828125
vm4: 512.0 287.4921875
--------------------------------------------------------------------------------
total  :              8141584 KiB
free   :              4139376 KiB
buffers:                47764 KiB
cached :               822928 KiB


--------------------------------------------------------------------------------
vm1: 512.0 281.640625
vm2: 512.0 280.25
vm3: 512.0 281.35546875
vm4: 512.0 281.0859375
--------------------------------------------------------------------------------
total  :              8141584 KiB
free   :              4144988 KiB
buffers:                47764 KiB
cached :               822928 KiB


--------------------------------------------------------------------------------
vm1: 512.0 273.52734375
vm2: 512.0 272.13671875
vm3: 512.0 273.12109375
vm4: 512.0 272.8515625
--------------------------------------------------------------------------------
total  :              8141584 KiB
free   :              4143804 KiB
buffers:                47764 KiB
cached :               822928 KiB


--------------------------------------------------------------------------------
vm1: 512.0 265.29296875
vm2: 512.0 263.90234375
vm3: 512.0 265.0078125
vm4: 512.0 264.6171875
--------------------------------------------------------------------------------
total  :              8141584 KiB
free   :              4143880 KiB
buffers:                47764 KiB
cached :               822928 KiB


--------------------------------------------------------------------------------
vm1: 512.0 256.453125
vm2: 512.0 255.0625
vm3: 512.0 256.16796875
vm4: 512.0 255.8984375
--------------------------------------------------------------------------------
total  :              8141584 KiB
free   :              4144264 KiB
buffers:                47764 KiB
cached :               822928 KiB


--------------------------------------------------------------------------------
vm1: 512.0 247.61328125
vm2: 512.0 246.1015625
vm3: 512.0 247.44921875
vm4: 512.0 247.05859375
--------------------------------------------------------------------------------
total  :              8141584 KiB
free   :              4089820 KiB
buffers:                47980 KiB
cached :               847720 KiB


--------------------------------------------------------------------------------
vm1: 512.0 239.015625
vm2: 512.0 237.625
vm3: 512.0 238.97265625
vm4: 512.0 238.58203125
--------------------------------------------------------------------------------
total  :              8141584 KiB
free   :              4056248 KiB
buffers:                47980 KiB
cached :               847720 KiB


--------------------------------------------------------------------------------
vm1: 512.0 230.41796875
vm2: 512.0 229.1484375
vm3: 512.0 230.375
vm4: 512.0 230.10546875
--------------------------------------------------------------------------------
total  :              8141584 KiB
free   :              4020148 KiB
buffers:                47980 KiB
cached :               847720 KiB


--------------------------------------------------------------------------------
vm1: 512.0 222.18359375
vm2: 512.0 220.9140625
vm3: 512.0 222.26171875
vm4: 512.0 221.87109375
--------------------------------------------------------------------------------
total  :              8141584 KiB
free   :              3985992 KiB
buffers:                47988 KiB
cached :               847720 KiB


--------------------------------------------------------------------------------
vm1: 512.0 213.94921875
vm2: 512.0 212.55859375
vm3: 512.0 213.90625
vm4: 512.0 213.7578125
--------------------------------------------------------------------------------
total  :              8141584 KiB
free   :              3948624 KiB
buffers:                47988 KiB
cached :               847720 KiB


--------------------------------------------------------------------------------
vm1: 512.0 205.47265625
vm2: 512.0 203.9609375
vm3: 512.0 205.4296875
vm4: 512.0 205.40234375
--------------------------------------------------------------------------------
total  :              8141584 KiB
free   :              3911680 KiB
buffers:                47988 KiB
cached :               848744 KiB


--------------------------------------------------------------------------------
vm1: 512.0 196.1875
vm2: 512.0 194.70703125
vm3: 512.0 195.86328125
vm4: 512.0 195.95703125
--------------------------------------------------------------------------------
total  :              8141584 KiB
free   :              3691696 KiB
buffers:                48668 KiB
cached :               925060 KiB


--------------------------------------------------------------------------------
vm1: 512.0 186.5
vm2: 512.0 185.140625
vm3: 512.0 186.21484375
vm4: 512.0 186.26953125
--------------------------------------------------------------------------------
total  :              8141584 KiB
free   :              3458084 KiB
buffers:                48752 KiB
cached :               964708 KiB


--------------------------------------------------------------------------------
vm1: 512.0 177.0859375
vm2: 512.0 175.36328125
vm3: 512.0 176.40625
vm4: 512.0 176.75
--------------------------------------------------------------------------------
total  :              8141584 KiB
free   :              3291888 KiB
buffers:                49004 KiB
cached :               990832 KiB


--------------------------------------------------------------------------------
vm1: 512.0 168.97265625
vm2: 512.0 167.25
vm3: 512.0 167.83984375
vm4: 512.0 168.63671875
--------------------------------------------------------------------------------
total  :              8141584 KiB
free   :              3081552 KiB
buffers:                49728 KiB
cached :              1020880 KiB


--------------------------------------------------------------------------------
vm1: 512.0 159.28515625
vm2: 512.0 156.95703125
vm3: 512.0 157.91015625
vm4: 512.0 158.828125
--------------------------------------------------------------------------------
total  :              8141584 KiB
free   :              2949136 KiB
buffers:                51680 KiB
cached :              1039788 KiB


--------------------------------------------------------------------------------
vm1: 512.0 144.75390625
vm2: 512.0 142.546875
vm3: 512.0 143.5
vm4: 512.0 143.96484375
--------------------------------------------------------------------------------
total  :              8141584 KiB
free   :              2836808 KiB
buffers:                51824 KiB
cached :              1066132 KiB


--------------------------------------------------------------------------------
vm1: 512.0 136.03515625
vm2: 512.0 133.828125
vm3: 512.0 134.66015625
vm4: 512.0 135.24609375
--------------------------------------------------------------------------------
total  :              8141584 KiB
free   :              2798916 KiB
buffers:                51860 KiB
cached :              1061788 KiB


--------------------------------------------------------------------------------
vm1: 512.0 127.6796875
vm2: 512.0 125.47265625
vm3: 512.0 126.3046875
vm4: 512.0 126.890625
--------------------------------------------------------------------------------
total  :              8141584 KiB
free   :              2754884 KiB
buffers:                51860 KiB
cached :              1062080 KiB


--------------------------------------------------------------------------------
vm1: 512.0 119.56640625
vm2: 512.0 117.359375
vm3: 512.0 118.19140625
vm4: 512.0 118.77734375
--------------------------------------------------------------------------------
total  :              8141584 KiB
free   :              2724344 KiB
buffers:                51888 KiB
cached :              1062004 KiB


--------------------------------------------------------------------------------
vm1: 512.0 111.453125
vm2: 512.0 109.3671875
vm3: 512.0 109.8359375
vm4: 512.0 110.421875
--------------------------------------------------------------------------------
total  :              8141584 KiB
free   :              2690112 KiB
buffers:                51888 KiB
cached :              1061740 KiB


--------------------------------------------------------------------------------
vm1: 512.0 103.33984375
vm2: 512.0 101.01171875
vm3: 512.0 101.48046875
vm4: 512.0 102.06640625
--------------------------------------------------------------------------------
total  :              8141584 KiB
free   :              2656920 KiB
buffers:                51896 KiB
cached :              1062028 KiB


--------------------------------------------------------------------------------
vm1: 512.0 95.10546875
vm2: 512.0 92.8984375
vm3: 512.0 93.24609375
vm4: 512.0 93.7109375
--------------------------------------------------------------------------------
total  :              8141584 KiB
free   :              2628816 KiB
buffers:                51896 KiB
cached :              1062032 KiB


--------------------------------------------------------------------------------
vm1: 572.66796875 87.11328125
vm2: 573.03125 84.78515625
vm3: 572.66796875 85.25390625
vm4: 574.12109375 85.59765625
--------------------------------------------------------------------------------
total  :              8141584 KiB
free   :              2581108 KiB
buffers:                51896 KiB
cached :              1062820 KiB


--------------------------------------------------------------------------------
vm1: 572.66796875 139.66796875
vm2: 573.03125 137.82421875
vm3: 572.66796875 137.9296875
vm4: 574.12109375 140.33203125
--------------------------------------------------------------------------------
total  :              8141584 KiB
free   :              2612940 KiB
buffers:                51896 KiB
cached :              1062304 KiB


--------------------------------------------------------------------------------
vm1: 572.66796875 131.5546875
vm2: 573.03125 129.7109375
vm3: 572.66796875 130.05859375
vm4: 574.12109375 132.21875
--------------------------------------------------------------------------------
total  :              8141584 KiB
free   :              2595448 KiB
buffers:                51904 KiB
cached :              1061772 KiB


--------------------------------------------------------------------------------
vm1: 572.66796875 123.5625
vm2: 573.03125 121.35546875
vm3: 572.66796875 121.703125
vm4: 574.12109375 123.7421875
--------------------------------------------------------------------------------
total  :              8141584 KiB
free   :              2559196 KiB
buffers:                51904 KiB
cached :              1062436 KiB


--------------------------------------------------------------------------------
vm1: 572.66796875 115.328125
vm2: 573.03125 113.2421875
vm3: 572.66796875 113.7109375
vm4: 574.12109375 115.5078125
--------------------------------------------------------------------------------
total  :              8141584 KiB
free   :              2520544 KiB
buffers:                51904 KiB
cached :              1061876 KiB


--------------------------------------------------------------------------------
vm1: 572.66796875 106.97265625
vm2: 573.03125 104.765625
vm3: 572.66796875 105.234375
vm4: 574.12109375 107.15234375
--------------------------------------------------------------------------------
total  :              8141584 KiB
free   :              2488448 KiB
buffers:                51912 KiB
cached :              1061784 KiB


--------------------------------------------------------------------------------
vm1: 572.66796875 98.25390625
vm2: 573.03125 96.16796875
vm3: 572.66796875 96.7578125
vm4: 574.12109375 98.5546875
--------------------------------------------------------------------------------
total  :              8141584 KiB
free   :              2455764 KiB
buffers:                51928 KiB
cached :              1061784 KiB


--------------------------------------------------------------------------------
vm1: 572.66796875 89.65625
vm2: 573.03125 87.8125
vm3: 572.66796875 88.16015625
vm4: 574.12109375 90.078125
--------------------------------------------------------------------------------
total  :              8141584 KiB
free   :              2421208 KiB
buffers:                51928 KiB
cached :              1061784 KiB


--------------------------------------------------------------------------------
vm1: 636.96875 146.69140625
vm2: 636.2421875 143.7578125
vm3: 635.515625 143.7421875
vm4: 637.33203125 146.0234375
--------------------------------------------------------------------------------
total  :              8141584 KiB
free   :              2389144 KiB
buffers:                51928 KiB
cached :              1061784 KiB


--------------------------------------------------------------------------------
vm1: 636.96875 138.3359375
vm2: 636.2421875 135.16015625
vm3: 635.515625 135.38671875
vm4: 637.33203125 137.66796875
--------------------------------------------------------------------------------
total  :              8141584 KiB
free   :              2365032 KiB
buffers:                51928 KiB
cached :              1061784 KiB


--------------------------------------------------------------------------------
vm1: 636.96875 130.25390625
vm2: 636.2421875 127.19921875
vm3: 635.515625 127.39453125
vm4: 637.33203125 129.5546875
--------------------------------------------------------------------------------
total  :              8141584 KiB
free   :              2329504 KiB
buffers:                51928 KiB
cached :              1061784 KiB


--------------------------------------------------------------------------------
vm1: 636.96875 122.01953125
vm2: 636.2421875 119.0859375
vm3: 635.515625 119.19140625
vm4: 637.33203125 121.3203125
--------------------------------------------------------------------------------
total  :              8141584 KiB
free   :              2296944 KiB
buffers:                51928 KiB
cached :              1061784 KiB


--------------------------------------------------------------------------------
vm1: 636.96875 113.78515625
vm2: 636.2421875 110.97265625
vm3: 635.515625 110.95703125
vm4: 637.33203125 113.359375
--------------------------------------------------------------------------------
total  :              8141584 KiB
free   :              2267116 KiB
buffers:                51928 KiB
cached :              1061788 KiB


--------------------------------------------------------------------------------
vm1: 636.96875 105.671875
vm2: 636.2421875 102.859375
vm3: 635.515625 102.96484375
vm4: 637.33203125 105.3671875
--------------------------------------------------------------------------------
total  :              8141584 KiB
free   :              2231828 KiB
buffers:                51936 KiB
cached :              1061788 KiB


--------------------------------------------------------------------------------
vm1: 636.96875 97.4375
vm2: 636.2421875 94.625
vm3: 635.515625 94.73046875
vm4: 637.33203125 97.1328125
--------------------------------------------------------------------------------
total  :              8141584 KiB
free   :              2197728 KiB
buffers:                51936 KiB
cached :              1061788 KiB


--------------------------------------------------------------------------------
vm1: 698.36328125 89.32421875
vm2: 697.2734375 86.6328125
vm3: 696.91015625 86.6171875
vm4: 698.0 89.140625
--------------------------------------------------------------------------------
total  :              8141584 KiB
free   :              2152980 KiB
buffers:                51936 KiB
cached :              1061788 KiB


--------------------------------------------------------------------------------
vm1: 698.36328125 142.84765625
vm2: 697.2734375 139.79296875
vm3: 696.91015625 140.140625
vm4: 698.0 141.9375
--------------------------------------------------------------------------------
total  :              8141584 KiB
free   :              2133232 KiB
buffers:                51944 KiB
cached :              1061788 KiB


--------------------------------------------------------------------------------
vm1: 698.36328125 134.9765625
vm2: 697.2734375 132.04296875
vm3: 696.91015625 132.390625
vm4: 698.0 134.1875
--------------------------------------------------------------------------------
total  :              8141584 KiB
free   :              2108120 KiB
buffers:                51944 KiB
cached :              1061788 KiB


--------------------------------------------------------------------------------
vm1: 698.36328125 126.984375
vm2: 697.2734375 124.171875
vm3: 696.91015625 124.3984375
vm4: 698.0 126.4375
--------------------------------------------------------------------------------
total  :              8141584 KiB
free   :              2075392 KiB
buffers:                51944 KiB
cached :              1061788 KiB


--------------------------------------------------------------------------------
vm1: 698.36328125 118.87109375
vm2: 697.2734375 116.30078125
vm3: 696.91015625 116.28515625
vm4: 698.0 118.4453125
--------------------------------------------------------------------------------
total  :              8141584 KiB
free   :              2042876 KiB
buffers:                51944 KiB
cached :              1061788 KiB


--------------------------------------------------------------------------------
vm1: 698.36328125 107.125
vm2: 697.2734375 104.3125
vm3: 696.91015625 104.5390625
vm4: 698.0 106.45703125
--------------------------------------------------------------------------------
total  :              8141584 KiB
free   :              2010368 KiB
buffers:                51952 KiB
cached :              1061788 KiB


--------------------------------------------------------------------------------
vm1: 698.36328125 99.1328125
vm2: 697.2734375 96.3203125
vm3: 696.91015625 96.42578125
vm4: 698.0 98.46484375
--------------------------------------------------------------------------------
total  :              8141584 KiB
free   :              1977700 KiB
buffers:                51952 KiB
cached :              1061788 KiB


--------------------------------------------------------------------------------
vm1: 698.36328125 90.8984375
vm2: 697.2734375 88.0859375
vm3: 696.91015625 88.3125
vm4: 698.0 90.23046875
--------------------------------------------------------------------------------
total  :              8141584 KiB
free   :              1946376 KiB
buffers:                51952 KiB
cached :              1061792 KiB


--------------------------------------------------------------------------------
vm1: 758.66796875 143.6953125
vm2: 757.94140625 141.24609375
vm3: 757.21484375 140.98828125
vm4: 758.66796875 143.26953125
--------------------------------------------------------------------------------
total  :              8141584 KiB
free   :              1916704 KiB
buffers:                51952 KiB
cached :              1061792 KiB


--------------------------------------------------------------------------------
vm1: 758.66796875 135.82421875
vm2: 757.94140625 133.375
vm3: 757.21484375 132.99609375
vm4: 758.66796875 135.15625
--------------------------------------------------------------------------------
total  :              8141584 KiB
free   :              1883856 KiB
buffers:                51952 KiB
cached :              1061792 KiB


--------------------------------------------------------------------------------
vm1: 758.66796875 127.953125
vm2: 757.94140625 125.625
vm3: 757.21484375 125.24609375
vm4: 758.66796875 127.1640625
--------------------------------------------------------------------------------
total  :              8141584 KiB
free   :              1849872 KiB
buffers:                51952 KiB
cached :              1061792 KiB


--------------------------------------------------------------------------------
vm1: 758.66796875 119.75
vm2: 757.94140625 117.54296875
vm3: 757.21484375 117.01171875
vm4: 758.66796875 119.171875
--------------------------------------------------------------------------------
total  :              8141584 KiB
free   :              1817068 KiB
buffers:                51952 KiB
cached :              1061792 KiB


--------------------------------------------------------------------------------
vm1: 758.66796875 111.87890625
vm2: 757.94140625 109.55078125
vm3: 757.21484375 109.05078125
vm4: 758.66796875 111.1796875
--------------------------------------------------------------------------------
total  :              8141584 KiB
free   :              1784048 KiB
buffers:                51952 KiB
cached :              1061792 KiB


--------------------------------------------------------------------------------
vm1: 758.66796875 104.12890625
vm2: 757.94140625 101.80078125
vm3: 757.21484375 101.05859375
vm4: 758.66796875 103.1875
--------------------------------------------------------------------------------
total  :              8141584 KiB
free   :              1750880 KiB
buffers:                51952 KiB
cached :              1061792 KiB


--------------------------------------------------------------------------------
vm1: 758.66796875 96.37890625
vm2: 757.94140625 94.05078125
vm3: 757.21484375 93.1875
vm4: 758.66796875 95.2265625
--------------------------------------------------------------------------------
total  :              8141584 KiB
free   :              1718296 KiB
buffers:                51952 KiB
cached :              1061792 KiB


--------------------------------------------------------------------------------
vm1: 816.79296875 147.1171875
vm2: 816.06640625 145.03125
vm3: 816.79296875 145.5
vm4: 818.515625 147.5390625
--------------------------------------------------------------------------------
total  :              8141584 KiB
free   :              1680232 KiB
buffers:                51952 KiB
cached :              1061792 KiB


--------------------------------------------------------------------------------
vm1: 816.79296875 139.125
vm2: 816.06640625 136.91796875
vm3: 816.79296875 137.265625
vm4: 818.515625 139.546875
--------------------------------------------------------------------------------
total  :              8141584 KiB
free   :              1662484 KiB
buffers:                51956 KiB
cached :              1061792 KiB


--------------------------------------------------------------------------------
vm1: 816.79296875 131.25390625
vm2: 816.06640625 128.92578125
vm3: 816.79296875 129.39453125
vm4: 818.515625 131.796875
--------------------------------------------------------------------------------
total  :              8141584 KiB
free   :              1628508 KiB
buffers:                51956 KiB
cached :              1061796 KiB


--------------------------------------------------------------------------------
vm1: 816.79296875 123.74609375
vm2: 816.06640625 121.41796875
vm3: 816.79296875 122.0078125
vm4: 818.515625 124.16796875
--------------------------------------------------------------------------------
total  :              8141584 KiB
free   :              1596044 KiB
buffers:                51956 KiB
cached :              1061796 KiB


--------------------------------------------------------------------------------
vm1: 816.79296875 115.99609375
vm2: 816.06640625 113.42578125
vm3: 816.79296875 114.13671875
vm4: 818.515625 116.0546875
--------------------------------------------------------------------------------
total  :              8141584 KiB
free   :              1562424 KiB
buffers:                51956 KiB
cached :              1061796 KiB


--------------------------------------------------------------------------------
vm1: 816.79296875 108.00390625
vm2: 816.06640625 105.43359375
vm3: 816.79296875 106.265625
vm4: 818.515625 107.94140625
--------------------------------------------------------------------------------
total  :              8141584 KiB
free   :              1537180 KiB
buffers:                51956 KiB
cached :              1061796 KiB


--------------------------------------------------------------------------------
vm1: 816.79296875 100.1328125
vm2: 816.06640625 97.68359375
vm3: 816.79296875 98.39453125
vm4: 818.515625 100.0703125
--------------------------------------------------------------------------------
total  :              8141584 KiB
free   :              1504632 KiB
buffers:                51956 KiB
cached :              1061796 KiB


--------------------------------------------------------------------------------
vm1: 820.79296875 92.625
vm2: 820.06640625 90.17578125
vm3: 818.79296875 90.88671875
vm4: 822.515625 92.44140625
--------------------------------------------------------------------------------
total  :              8141584 KiB
free   :              1463324 KiB
buffers:                51956 KiB
cached :              1061796 KiB


--------------------------------------------------------------------------------
vm1: 874.91796875 142.63671875
vm2: 873.828125 139.9453125
vm3: 874.91796875 141.01953125
vm4: 877.3671875 142.81640625
--------------------------------------------------------------------------------
total  :              8141584 KiB
free   :              1445972 KiB
buffers:                51964 KiB
cached :              1061796 KiB


--------------------------------------------------------------------------------
vm1: 874.91796875 134.40234375
vm2: 873.828125 131.83203125
vm3: 874.91796875 132.6640625
vm4: 877.3671875 134.58203125
--------------------------------------------------------------------------------
total  :              8141584 KiB
free   :              1419664 KiB
buffers:                51964 KiB
cached :              1061796 KiB


--------------------------------------------------------------------------------
vm1: 774.91796875 551.625
vm2: 773.828125 549.1015625
vm3: 874.91796875 124.671875
vm4: 877.3671875 126.58984375
--------------------------------------------------------------------------------
total  :              8141584 KiB
free   :              1507772 KiB
buffers:                51964 KiB
cached :              1061796 KiB


--------------------------------------------------------------------------------
vm1: 774.91796875 551.65625
vm2: 773.828125 549.1328125
vm3: 874.91796875 116.6796875
vm4: 877.3671875 118.59765625
--------------------------------------------------------------------------------
total  :              8141584 KiB
free   :              1491452 KiB
buffers:                51964 KiB
cached :              1061800 KiB


--------------------------------------------------------------------------------
vm1: 774.91796875 551.65625
vm2: 773.828125 549.1328125
vm3: 874.91796875 108.56640625
vm4: 877.3671875 110.484375
--------------------------------------------------------------------------------
total  :              8141584 KiB
free   :              1474948 KiB
buffers:                51964 KiB
cached :              1061800 KiB


--------------------------------------------------------------------------------
vm1: 774.91796875 551.65625
vm2: 773.828125 549.1328125
vm3: 874.91796875 100.57421875
vm4: 877.3671875 102.4921875
--------------------------------------------------------------------------------
total  :              8141584 KiB
free   :              1458872 KiB
buffers:                51964 KiB
cached :              1061800 KiB


--------------------------------------------------------------------------------
vm1: 774.91796875 551.65625
vm2: 773.828125 549.1328125
vm3: 874.91796875 92.4609375
vm4: 877.3671875 94.2578125
--------------------------------------------------------------------------------
total  :              8141584 KiB
free   :              1443000 KiB
buffers:                51964 KiB
cached :              1061800 KiB


--------------------------------------------------------------------------------
vm1: 714.61328125 491.1640625
vm2: 713.5234375 488.640625
vm3: 935.22265625 145.37890625
vm4: 937.671875 147.5390625
--------------------------------------------------------------------------------
total  :              8141584 KiB
free   :              1493148 KiB
buffers:                51972 KiB
cached :              1061800 KiB


--------------------------------------------------------------------------------
vm1: 714.61328125 491.1640625
vm2: 713.5234375 488.640625
vm3: 935.22265625 137.5078125
vm4: 937.671875 139.66796875
--------------------------------------------------------------------------------
total  :              8141584 KiB
free   :              1491804 KiB
buffers:                51972 KiB
cached :              1061800 KiB


--------------------------------------------------------------------------------
vm1: 714.61328125 491.1640625
vm2: 713.5234375 488.640625
vm3: 935.22265625 129.39453125
vm4: 937.671875 131.5546875
--------------------------------------------------------------------------------
total  :              8141584 KiB
free   :              1491972 KiB
buffers:                51972 KiB
cached :              1061800 KiB


--------------------------------------------------------------------------------
vm1: 714.61328125 491.1640625
vm2: 713.5234375 488.640625
vm3: 935.22265625 117.4375
vm4: 937.671875 123.68359375
--------------------------------------------------------------------------------
total  :              8141584 KiB
free   :              1492224 KiB
buffers:                51972 KiB
cached :              1061800 KiB


--------------------------------------------------------------------------------
vm1: 714.61328125 491.1640625
vm2: 713.5234375 488.640625
vm3: 935.22265625 109.203125
vm4: 937.671875 111.60546875
--------------------------------------------------------------------------------
total  :              8141584 KiB
free   :              1485164 KiB
buffers:                51972 KiB
cached :              1061800 KiB


--------------------------------------------------------------------------------
vm1: 619.03125 395.5
vm2: 619.203125 394.30859375
vm3: 935.22265625 101.08984375
vm4: 937.671875 103.4921875
--------------------------------------------------------------------------------
total  :              8141584 KiB
free   :              1668916 KiB
buffers:                51972 KiB
cached :              1061800 KiB


--------------------------------------------------------------------------------
vm1: 619.03125 395.5
vm2: 619.203125 394.30859375
vm3: 935.22265625 93.21875
vm4: 937.671875 95.62109375
--------------------------------------------------------------------------------
total  :              8141584 KiB
free   :              1652440 KiB
buffers:                51972 KiB
cached :              1061804 KiB


--------------------------------------------------------------------------------
vm1: 558.546875 335.07421875
vm2: 558.71875 333.8828125
vm3: 995.52734375 145.41015625
vm4: 998.33984375 148.0546875
--------------------------------------------------------------------------------
total  :              8141584 KiB
free   :              1658068 KiB
buffers:                51972 KiB
cached :              1061804 KiB


--------------------------------------------------------------------------------
vm1: 558.546875 335.07421875
vm2: 558.71875 333.8828125
vm3: 995.52734375 137.17578125
vm4: 998.33984375 139.8203125
--------------------------------------------------------------------------------
total  :              8141584 KiB
free   :              1657216 KiB
buffers:                51976 KiB
cached :              1061804 KiB


--------------------------------------------------------------------------------
vm1: 558.546875 335.07421875
vm2: 558.71875 333.8828125
vm3: 995.52734375 128.875
vm4: 998.33984375 131.70703125
--------------------------------------------------------------------------------
total  :              8141584 KiB
free   :              1656816 KiB
buffers:                51976 KiB
cached :              1061804 KiB


--------------------------------------------------------------------------------
vm1: 558.546875 335.07421875
vm2: 558.71875 333.8828125
vm3: 995.52734375 120.76171875
vm4: 998.33984375 123.40625
--------------------------------------------------------------------------------
total  :              8141584 KiB
free   :              1656668 KiB
buffers:                51976 KiB
cached :              1061804 KiB


--------------------------------------------------------------------------------
vm1: 558.546875 335.07421875
vm2: 558.71875 333.8828125
vm3: 995.52734375 112.52734375
vm4: 998.33984375 115.29296875
--------------------------------------------------------------------------------
total  :              8141584 KiB
free   :              1656424 KiB
buffers:                51976 KiB
cached :              1061804 KiB


--------------------------------------------------------------------------------
vm1: 541.01171875 317.515625
vm2: 541.77734375 316.9296875
vm3: 995.52734375 104.4140625
vm4: 998.33984375 107.05859375
--------------------------------------------------------------------------------
total  :              8141584 KiB
free   :              1691980 KiB
buffers:                51984 KiB
cached :              1061804 KiB


--------------------------------------------------------------------------------
vm1: 541.01171875 317.515625
vm2: 541.77734375 316.9296875
vm3: 995.52734375 96.30078125
vm4: 998.33984375 99.06640625
--------------------------------------------------------------------------------
total  :              8141584 KiB
free   :              1691800 KiB
buffers:                51984 KiB
cached :              1061804 KiB


--------------------------------------------------------------------------------
vm1: 541.01171875 317.546875
vm2: 541.77734375 316.9609375
vm3: 995.52734375 88.30859375
vm4: 998.33984375 91.07421875
--------------------------------------------------------------------------------
total  :              8141584 KiB
free   :              1685504 KiB
buffers:                51984 KiB
cached :              1061804 KiB


--------------------------------------------------------------------------------
vm1: 480.890625 257.484375
vm2: 481.65625 256.77734375
vm3: 1055.83203125 140.62109375
vm4: 1058.28125 143.0234375
--------------------------------------------------------------------------------
total  :              8141584 KiB
free   :              1701544 KiB
buffers:                51992 KiB
cached :              1061808 KiB


--------------------------------------------------------------------------------
vm1: 480.890625 257.484375
vm2: 481.65625 256.77734375
vm3: 1055.83203125 132.62890625
vm4: 1058.28125 135.15234375
--------------------------------------------------------------------------------
total  :              8141584 KiB
free   :              1700284 KiB
buffers:                51992 KiB
cached :              1061808 KiB


--------------------------------------------------------------------------------
vm1: 480.890625 257.484375
vm2: 481.65625 256.77734375
vm3: 1055.83203125 124.515625
vm4: 1058.28125 127.0390625
--------------------------------------------------------------------------------
total  :              8141584 KiB
free   :              1700376 KiB
buffers:                51992 KiB
cached :              1061808 KiB


--------------------------------------------------------------------------------
vm1: 480.890625 257.484375
vm2: 481.65625 256.77734375
vm3: 1055.83203125 116.64453125
vm4: 1058.28125 119.16796875
--------------------------------------------------------------------------------
total  :              8141584 KiB
free   :              1700268 KiB
buffers:                51992 KiB
cached :              1061808 KiB


--------------------------------------------------------------------------------
vm1: 480.890625 257.484375
vm2: 481.65625 256.77734375
vm3: 1055.83203125 108.41015625
vm4: 1058.28125 110.8125
--------------------------------------------------------------------------------
total  :              8141584 KiB
free   :              1700116 KiB
buffers:                51992 KiB
cached :              1061808 KiB


--------------------------------------------------------------------------------
vm1: 480.890625 257.484375
vm2: 481.65625 256.77734375
vm3: 1055.83203125 99.69140625
vm4: 1058.28125 102.21484375
--------------------------------------------------------------------------------
total  :              8141584 KiB
free   :              1700032 KiB
buffers:                51992 KiB
cached :              1061808 KiB


--------------------------------------------------------------------------------
vm1: 480.890625 257.484375
vm2: 481.65625 256.77734375
vm3: 1055.83203125 91.45703125
vm4: 1058.28125 93.98046875
--------------------------------------------------------------------------------
total  :              8141584 KiB
free   :              1693888 KiB
buffers:                51992 KiB
cached :              1061808 KiB


--------------------------------------------------------------------------------
vm1: 418.04296875 252.3984375
vm2: 418.80859375 229.7734375
vm3: 1119.04296875 111.58984375
vm4: 1120.765625 143.13671875
--------------------------------------------------------------------------------
total  :              8141584 KiB
free   :              1698160 KiB
buffers:                51992 KiB
cached :              1061808 KiB


--------------------------------------------------------------------------------
vm1: 418.04296875 194.63671875
vm2: 418.80859375 193.9296875
vm3: 1119.04296875 138.109375
vm4: 1120.765625 139.99609375
--------------------------------------------------------------------------------
total  :              8141584 KiB
free   :              1697984 KiB
buffers:                51992 KiB
cached :              1061808 KiB


--------------------------------------------------------------------------------
vm1: 418.04296875 194.63671875
vm2: 418.80859375 193.9296875
vm3: 1119.04296875 129.875
vm4: 1120.765625 131.79296875
--------------------------------------------------------------------------------
total  :              8141584 KiB
free   :              1696724 KiB
buffers:                51992 KiB
cached :              1061808 KiB


--------------------------------------------------------------------------------
vm1: 418.04296875 194.63671875
vm2: 418.80859375 193.9296875
vm3: 1119.04296875 121.640625
vm4: 1120.765625 123.6796875
--------------------------------------------------------------------------------
total  :              8141584 KiB
free   :              1695464 KiB
buffers:                51992 KiB
cached :              1061812 KiB


--------------------------------------------------------------------------------
vm1: 418.04296875 194.63671875
vm2: 418.80859375 193.9296875
vm3: 1119.04296875 113.40625
vm4: 1120.765625 115.4453125
--------------------------------------------------------------------------------
total  :              8141584 KiB
free   :              1695556 KiB
buffers:                51992 KiB
cached :              1061812 KiB


--------------------------------------------------------------------------------
vm1: 418.04296875 194.63671875
vm2: 418.80859375 193.9296875
vm3: 1119.04296875 105.29296875
vm4: 1120.765625 107.33203125
--------------------------------------------------------------------------------
total  :              8141584 KiB
free   :              1695368 KiB
buffers:                51992 KiB
cached :              1061812 KiB


--------------------------------------------------------------------------------
vm1: 418.04296875 194.63671875
vm2: 418.80859375 193.9296875
vm3: 1119.04296875 97.421875
vm4: 1120.765625 99.33984375
--------------------------------------------------------------------------------
total  :              8141584 KiB
free   :              1694952 KiB
buffers:                51992 KiB
cached :              1061812 KiB


--------------------------------------------------------------------------------
vm1: 418.04296875 194.63671875
vm2: 418.80859375 193.9296875
vm3: 1119.04296875 89.55078125
vm4: 1120.765625 91.46875
--------------------------------------------------------------------------------
total  :              8141584 KiB
free   :              1690948 KiB
buffers:                51992 KiB
cached :              1061812 KiB


--------------------------------------------------------------------------------
vm1: 358.28515625 134.81640625
vm2: 359.05078125 134.23046875
vm3: 1178.62109375 141.015625
vm4: 1180.70703125 143.0546875
--------------------------------------------------------------------------------
total  :              8141584 KiB
free   :              1723624 KiB
buffers:                52000 KiB
cached :              1061812 KiB


--------------------------------------------------------------------------------
vm1: 358.28515625 134.81640625
vm2: 359.05078125 134.23046875
vm3: 1178.62109375 132.90234375
vm4: 1180.70703125 134.94140625
--------------------------------------------------------------------------------
total  :              8141584 KiB
free   :              1723112 KiB
buffers:                52000 KiB
cached :              1061812 KiB


--------------------------------------------------------------------------------
vm1: 358.28515625 134.81640625
vm2: 359.05078125 134.23046875
vm3: 1178.62109375 120.55078125
vm4: 1180.70703125 126.828125
--------------------------------------------------------------------------------
total  :              8141584 KiB
free   :              1722372 KiB
buffers:                52000 KiB
cached :              1061812 KiB


--------------------------------------------------------------------------------
vm1: 358.28515625 134.84765625
vm2: 359.05078125 134.26171875
vm3: 1178.62109375 112.07421875
vm4: 1180.70703125 114.11328125
--------------------------------------------------------------------------------
total  :              8141584 KiB
free   :              1721024 KiB
buffers:                52000 KiB
cached :              1061812 KiB


--------------------------------------------------------------------------------
vm1: 358.28515625 134.84765625
vm2: 359.05078125 134.26171875
vm3: 1178.62109375 103.4765625
vm4: 1180.70703125 105.7578125
--------------------------------------------------------------------------------
total  :              8141584 KiB
free   :              1718796 KiB
buffers:                52000 KiB
cached :              1061816 KiB


--------------------------------------------------------------------------------
vm1: 358.28515625 134.84765625
vm2: 359.05078125 134.26171875
vm3: 1178.62109375 95.2421875
vm4: 1180.70703125 97.40234375
--------------------------------------------------------------------------------
total  :              8141584 KiB
free   :              1709352 KiB
buffers:                52000 KiB
cached :              1061816 KiB


--------------------------------------------------------------------------------
vm1: 358.28515625 134.84765625
vm2: 359.05078125 134.26171875
vm3: 1178.62109375 87.0078125
vm4: 1180.70703125 89.2890625
--------------------------------------------------------------------------------
total  :              8141584 KiB
free   :              1693400 KiB
buffers:                52000 KiB
cached :              1061816 KiB


--------------------------------------------------------------------------------
vm1: 323.4375 99.97265625
vm2: 324.7890625 99.9921875
vm3: 1240.37890625 140.61328125
vm4: 1242.46484375 142.72265625
--------------------------------------------------------------------------------
total  :              8141584 KiB
free   :              1587488 KiB
buffers:                52000 KiB
cached :              1061816 KiB


--------------------------------------------------------------------------------
vm1: 323.4375 99.97265625
vm2: 324.7890625 99.9921875
vm3: 1240.37890625 132.57421875
vm4: 1242.46484375 134.76171875
--------------------------------------------------------------------------------
total  :              8141584 KiB
free   :              1586228 KiB
buffers:                52000 KiB
cached :              1061816 KiB


--------------------------------------------------------------------------------
vm1: 402.4375 99.97265625
vm2: 415.7890625 99.9921875
vm3: 1215.67578125 124.703125
vm4: 1215.6640625 126.80078125
--------------------------------------------------------------------------------
total  :              8141584 KiB
free   :              1585440 KiB
buffers:                52008 KiB
cached :              1061808 KiB


--------------------------------------------------------------------------------
vm1: 428.0625 204.11328125
vm2: 427.59765625 202.31640625
vm3: 1215.67578125 92.0078125
vm4: 1215.6640625 92.109375
--------------------------------------------------------------------------------
total  :              8141584 KiB
free   :              1585312 KiB
buffers:                52008 KiB
cached :              1061816 KiB


--------------------------------------------------------------------------------
vm1: 428.0625 204.11328125
vm2: 427.59765625 202.31640625
vm3: 1215.67578125 84.13671875
vm4: 1215.6640625 84.23828125
--------------------------------------------------------------------------------
total  :              8141584 KiB
free   :              1576624 KiB
buffers:                52008 KiB
cached :              1061816 KiB


--------------------------------------------------------------------------------
vm1: 323.94921875 100.578125
vm2: 325.28125 100.59765625
vm3: 1349.0 209.55859375
vm4: 1355.33984375 215.98828125
--------------------------------------------------------------------------------
total  :              8141584 KiB
free   :              1405952 KiB
buffers:                52008 KiB
cached :              1061816 KiB


--------------------------------------------------------------------------------
vm1: 323.94921875 100.578125
vm2: 325.28125 100.59765625
vm3: 1349.0 201.71875
vm4: 1355.33984375 208.1484375
--------------------------------------------------------------------------------
total  :              8141584 KiB
free   :              1399436 KiB
buffers:                52008 KiB
cached :              1061816 KiB


--------------------------------------------------------------------------------
vm1: 323.94921875 100.578125
vm2: 325.28125 100.59765625
vm3: 1349.0 193.63671875
vm4: 1355.33984375 200.03515625
--------------------------------------------------------------------------------
total  :              8141584 KiB
free   :              1391664 KiB
buffers:                52008 KiB
cached :              1061820 KiB


--------------------------------------------------------------------------------
vm1: 323.94921875 100.578125
vm2: 325.28125 100.59765625
vm3: 1349.0 185.43359375
vm4: 1355.33984375 191.953125
--------------------------------------------------------------------------------
total  :              8141584 KiB
free   :              1386144 KiB
buffers:                52008 KiB
cached :              1061820 KiB


--------------------------------------------------------------------------------
vm1: 323.94921875 100.578125
vm2: 325.28125 100.59765625
vm3: 1349.0 177.5625
vm4: 1355.33984375 183.9921875
--------------------------------------------------------------------------------
total  :              8141584 KiB
free   :              1384128 KiB
buffers:                52008 KiB
cached :              1061820 KiB


--------------------------------------------------------------------------------
vm1: 323.94921875 100.578125
vm2: 325.28125 100.59765625
vm3: 1349.0 170.328125
vm4: 1355.33984375 176.7578125
--------------------------------------------------------------------------------
total  :              8141584 KiB
free   :              1368252 KiB
buffers:                52008 KiB
cached :              1061828 KiB


--------------------------------------------------------------------------------
vm1: 323.94921875 100.578125
vm2: 325.28125 100.59765625
vm3: 1349.0 162.73046875
vm4: 1355.33984375 169.0078125
--------------------------------------------------------------------------------
total  :              8141584 KiB
free   :              1364124 KiB
buffers:                52008 KiB
cached :              1061828 KiB


--------------------------------------------------------------------------------
vm1: 323.94921875 100.609375
vm2: 325.28125 100.62890625
vm3: 1349.0 154.25390625
vm4: 1355.33984375 160.68359375
--------------------------------------------------------------------------------
total  :              8141584 KiB
free   :              1362128 KiB
buffers:                52008 KiB
cached :              1061828 KiB


--------------------------------------------------------------------------------
vm1: 323.94921875 100.609375
vm2: 325.28125 100.62890625
vm3: 1349.0 145.9296875
vm4: 1355.33984375 152.359375
--------------------------------------------------------------------------------
total  :              8141584 KiB
free   :              1360848 KiB
buffers:                52016 KiB
cached :              1061828 KiB


--------------------------------------------------------------------------------
vm1: 323.94921875 100.609375
vm2: 325.28125 100.62890625
vm3: 1349.0 137.7265625
vm4: 1355.33984375 144.24609375
--------------------------------------------------------------------------------
total  :              8141584 KiB
free   :              1360188 KiB
buffers:                52016 KiB
cached :              1061828 KiB


--------------------------------------------------------------------------------
vm1: 323.94921875 100.625
vm2: 325.28125 100.62890625
vm3: 1349.0 129.88671875
vm4: 1355.33984375 135.921875
--------------------------------------------------------------------------------
total  :              8141584 KiB
free   :              1356408 KiB
buffers:                52016 KiB
cached :              1061840 KiB


--------------------------------------------------------------------------------
vm1: 323.94921875 100.625
vm2: 325.28125 100.64453125
vm3: 1349.0 121.0625
vm4: 1355.33984375 127.59765625
--------------------------------------------------------------------------------
total  :              8141584 KiB
free   :              1350376 KiB
buffers:                52016 KiB
cached :              1061844 KiB


--------------------------------------------------------------------------------
vm1: 323.94921875 100.625
vm2: 325.28125 100.64453125
vm3: 1349.0 112.49609375
vm4: 1355.33984375 119.046875
--------------------------------------------------------------------------------
total  :              8141584 KiB
free   :              1349604 KiB
buffers:                52016 KiB
cached :              1061844 KiB


--------------------------------------------------------------------------------
vm1: 323.94921875 100.625
vm2: 325.28125 100.64453125
vm3: 1349.0 104.4140625
vm4: 1355.33984375 110.72265625
--------------------------------------------------------------------------------
total  :              8141584 KiB
free   :              1347556 KiB
buffers:                52024 KiB
cached :              1061844 KiB


--------------------------------------------------------------------------------
vm1: 323.94921875 100.625
vm2: 325.28125 100.64453125
vm3: 1349.0 92.5078125
vm4: 1355.33984375 98.765625
--------------------------------------------------------------------------------
total  :              8141584 KiB
free   :              1330668 KiB
buffers:                52024 KiB
cached :              1061844 KiB


--------------------------------------------------------------------------------
vm1: 323.94921875 100.625
vm2: 325.28125 100.64453125
vm3: 1408.96484375 145.203125
vm4: 1416.18359375 152.39453125
--------------------------------------------------------------------------------
total  :              8141584 KiB
free   :              1315296 KiB
buffers:                52024 KiB
cached :              1061844 KiB


--------------------------------------------------------------------------------
vm1: 323.94921875 100.625
vm2: 325.28125 100.64453125
vm3: 1408.96484375 137.484375
vm4: 1416.18359375 144.43359375
--------------------------------------------------------------------------------
total  :              8141584 KiB
free   :              1300296 KiB
buffers:                52024 KiB
cached :              1061844 KiB


--------------------------------------------------------------------------------
vm1: 323.94921875 100.625
vm2: 325.28125 100.64453125
vm3: 1408.96484375 129.734375
vm4: 1416.18359375 136.8671875
--------------------------------------------------------------------------------
total  :              8141584 KiB
free   :              1285784 KiB
buffers:                52024 KiB
cached :              1061844 KiB


--------------------------------------------------------------------------------
vm1: 323.94921875 100.625
vm2: 325.28125 100.64453125
vm3: 1408.96484375 121.7734375
vm4: 1416.18359375 128.78515625
--------------------------------------------------------------------------------
total  :              8141584 KiB
free   :              1268992 KiB
buffers:                52024 KiB
cached :              1061844 KiB


--------------------------------------------------------------------------------
vm1: 323.94921875 100.625
vm2: 325.28125 100.64453125
vm3: 1408.96484375 113.8125
vm4: 1416.18359375 120.9140625
--------------------------------------------------------------------------------
total  :              8141584 KiB
free   :              1252704 KiB
buffers:                52024 KiB
cached :              1061844 KiB


--------------------------------------------------------------------------------
vm1: 323.94921875 100.625
vm2: 325.28125 100.69921875
vm3: 1408.96484375 105.94140625
vm4: 1416.18359375 113.07421875
--------------------------------------------------------------------------------
total  :              8141584 KiB
free   :              1236052 KiB
buffers:                52024 KiB
cached :              1061844 KiB


--------------------------------------------------------------------------------
^CTraceback (most recent call last):
  File "monitor.py", line 54, in <module>
    s.run()
  File "/usr/lib/python2.7/sched.py", line 111, in run
    delayfunc(time - now)
KeyboardInterrupt
]0;habbes@ubuntu: ~/code/class/aos/p1-virtualization/test/memory[01;32mhabbes@ubuntu[00m:[01;34m~/code/class/aos/p1-virtualization/test/memory[00m$ exit
exit

Script done on 2019-09-25 00:02:49+0300
