Script started on 2019-09-24 06:13:39+0300
]0;habbes@ubuntu: ~/code/class/aos/p1-virtualization/test/cpu[01;32mhabbes@ubuntu[00m:[01;34m~/code/class/aos/p1-virtualization/test/cpu[00m$ python monitor.py 
vm1: ([(0, 1, 20360000000L, 2)], [(True, True, True, True)])
vm2: ([(0, 1, 20580000000L, 2)], [(True, True, True, True)])
vm3: ([(0, 1, 20910000000L, 2)], [(True, True, True, True)])
vm4: ([(0, 1, 21050000000L, 1)], [(True, True, True, True)])
vm5: ([(0, 1, 21260000000L, 2)], [(True, True, True, True)])
vm6: ([(0, 1, 20930000000L, 2)], [(True, True, True, True)])
vm7: ([(0, 1, 21240000000L, 2)], [(True, True, True, True)])
vm8: ([(0, 1, 21000000000L, 2)], [(True, True, True, True)])
--------------------------------------------------------------------------------
0: 0.0 []
1: 0.0 []
2: 0.0 []
3: 0.0 []
--------------------------------------------------------------------------------
vm1: ([(0, 1, 20360000000L, 2)], [(True, True, True, True)])
vm2: ([(0, 1, 20580000000L, 2)], [(True, True, True, True)])
vm3: ([(0, 1, 20920000000L, 2)], [(True, True, True, True)])
vm4: ([(0, 1, 21060000000L, 1)], [(True, True, True, True)])
vm5: ([(0, 1, 21260000000L, 2)], [(True, True, True, True)])
vm6: ([(0, 1, 20930000000L, 2)], [(True, True, True, True)])
vm7: ([(0, 1, 21240000000L, 2)], [(True, True, True, True)])
vm8: ([(0, 1, 21010000000L, 2)], [(True, True, True, True)])
--------------------------------------------------------------------------------
0: 0.0 []
1: 1.0 ['vm4']
2: 2.0 ['vm1', 'vm2', 'vm3', 'vm5', 'vm6', 'vm7', 'vm8']
3: 0.0 []
--------------------------------------------------------------------------------
vm1: ([(0, 1, 20360000000L, 2)], [(True, True, True, True)])
vm2: ([(0, 1, 20580000000L, 2)], [(True, True, True, True)])
vm3: ([(0, 1, 20920000000L, 2)], [(True, True, True, True)])
vm4: ([(0, 1, 21060000000L, 1)], [(True, True, True, True)])
vm5: ([(0, 1, 21270000000L, 2)], [(True, True, True, True)])
vm6: ([(0, 1, 20930000000L, 2)], [(True, True, True, True)])
vm7: ([(0, 1, 21250000000L, 2)], [(True, True, True, True)])
vm8: ([(0, 1, 21010000000L, 2)], [(True, True, True, True)])
--------------------------------------------------------------------------------
0: 0.0 []
1: 0.0 ['vm4']
2: 2.0 ['vm1', 'vm2', 'vm3', 'vm5', 'vm6', 'vm7', 'vm8']
3: 0.0 []
--------------------------------------------------------------------------------
vm1: ([(0, 1, 20370000000L, 2)], [(True, True, True, True)])
vm2: ([(0, 1, 20590000000L, 2)], [(True, True, True, True)])
vm3: ([(0, 1, 20920000000L, 2)], [(True, True, True, True)])
vm4: ([(0, 1, 21060000000L, 1)], [(True, True, True, True)])
vm5: ([(0, 1, 21270000000L, 2)], [(True, True, True, True)])
vm6: ([(0, 1, 20930000000L, 0)], [(True, True, True, True)])
vm7: ([(0, 1, 21250000000L, 2)], [(True, True, True, True)])
vm8: ([(0, 1, 21010000000L, 2)], [(True, True, True, True)])
--------------------------------------------------------------------------------
0: 0.0 ['vm6']
1: 0.0 ['vm4']
2: 2.0 ['vm1', 'vm2', 'vm3', 'vm5', 'vm7', 'vm8']
3: 0.0 []
--------------------------------------------------------------------------------
vm1: ([(0, 1, 20370000000L, 2)], [(True, True, True, True)])
vm2: ([(0, 1, 20590000000L, 2)], [(True, True, True, True)])
vm3: ([(0, 1, 20920000000L, 0)], [(True, True, True, True)])
vm4: ([(0, 1, 21070000000L, 2)], [(True, True, True, True)])
vm5: ([(0, 1, 21270000000L, 2)], [(True, True, True, True)])
vm6: ([(0, 1, 20940000000L, 2)], [(True, True, True, True)])
vm7: ([(0, 1, 21250000000L, 2)], [(True, True, True, True)])
vm8: ([(0, 1, 21010000000L, 2)], [(True, True, True, True)])
--------------------------------------------------------------------------------
0: 0.0 ['vm3']
1: 0.0 []
2: 2.0 ['vm1', 'vm2', 'vm4', 'vm5', 'vm6', 'vm7', 'vm8']
3: 0.0 []
--------------------------------------------------------------------------------
vm1: ([(0, 1, 20370000000L, 2)], [(True, True, True, True)])
vm2: ([(0, 1, 20590000000L, 2)], [(True, True, True, True)])
vm3: ([(0, 1, 20920000000L, 0)], [(True, True, True, True)])
vm4: ([(0, 1, 21070000000L, 2)], [(True, True, True, True)])
vm5: ([(0, 1, 21270000000L, 3)], [(True, True, True, True)])
vm6: ([(0, 1, 20940000000L, 2)], [(True, True, True, True)])
vm7: ([(0, 1, 21250000000L, 2)], [(True, True, True, True)])
vm8: ([(0, 1, 21010000000L, 2)], [(True, True, True, True)])
--------------------------------------------------------------------------------
0: 0.0 ['vm3']
1: 0.0 []
2: 0.0 ['vm1', 'vm2', 'vm4', 'vm6', 'vm7', 'vm8']
3: 0.0 ['vm5']
--------------------------------------------------------------------------------
vm1: ([(0, 1, 20370000000L, 2)], [(True, True, True, True)])
vm2: ([(0, 1, 20590000000L, 2)], [(True, True, True, True)])
vm3: ([(0, 1, 20920000000L, 2)], [(True, True, True, True)])
vm4: ([(0, 1, 21070000000L, 2)], [(True, True, True, True)])
vm5: ([(0, 1, 21270000000L, 3)], [(True, True, True, True)])
vm6: ([(0, 1, 20940000000L, 2)], [(True, True, True, True)])
vm7: ([(0, 1, 21250000000L, 2)], [(True, True, True, True)])
vm8: ([(0, 1, 21010000000L, 2)], [(True, True, True, True)])
--------------------------------------------------------------------------------
0: 0.0 []
1: 0.0 []
2: 0.0 ['vm1', 'vm2', 'vm3', 'vm4', 'vm6', 'vm7', 'vm8']
3: 0.0 ['vm5']
--------------------------------------------------------------------------------
vm1: ([(0, 1, 20370000000L, 2)], [(True, False, False, False)])
vm2: ([(0, 1, 20600000000L, 2)], [(False, False, False, True)])
vm3: ([(0, 1, 20920000000L, 2)], [(True, False, False, False)])
vm4: ([(0, 1, 21070000000L, 3)], [(False, False, False, True)])
vm5: ([(0, 1, 21270000000L, 3)], [(True, False, False, False)])
vm6: ([(0, 1, 20940000000L, 3)], [(False, False, False, True)])
vm7: ([(0, 1, 21250000000L, 0)], [(True, False, False, False)])
vm8: ([(0, 1, 21010000000L, 2)], [(False, False, False, True)])
--------------------------------------------------------------------------------
0: 0.0 ['vm7']
1: 0.0 []
2: 1.0 ['vm1', 'vm2', 'vm3', 'vm8']
3: 0.0 ['vm4', 'vm5', 'vm6']
--------------------------------------------------------------------------------
vm1: ([(0, 1, 20380000000L, 0)], [(True, False, False, False)])
vm2: ([(0, 1, 20600000000L, 3)], [(False, False, False, True)])
vm3: ([(0, 1, 20930000000L, 0)], [(True, False, False, False)])
vm4: ([(0, 1, 21070000000L, 3)], [(False, False, False, True)])
vm5: ([(0, 1, 21270000000L, 0)], [(True, False, False, False)])
vm6: ([(0, 1, 20940000000L, 3)], [(False, False, False, True)])
vm7: ([(0, 1, 21250000000L, 0)], [(True, False, False, False)])
vm8: ([(0, 1, 21010000000L, 3)], [(False, False, False, True)])
--------------------------------------------------------------------------------
0: 2.0 ['vm1', 'vm3', 'vm5', 'vm7']
1: 0.0 []
2: 0.0 []
3: 0.0 ['vm2', 'vm4', 'vm6', 'vm8']
--------------------------------------------------------------------------------
vm1: ([(0, 1, 20380000000L, 0)], [(True, False, False, False)])
vm2: ([(0, 1, 20600000000L, 3)], [(False, False, False, True)])
vm3: ([(0, 1, 20930000000L, 0)], [(True, False, False, False)])
vm4: ([(0, 1, 21070000000L, 3)], [(False, False, False, True)])
vm5: ([(0, 1, 21270000000L, 0)], [(True, False, False, False)])
vm6: ([(0, 1, 20940000000L, 3)], [(False, False, False, True)])
vm7: ([(0, 1, 21250000000L, 0)], [(True, False, False, False)])
vm8: ([(0, 1, 21010000000L, 3)], [(False, False, False, True)])
--------------------------------------------------------------------------------
0: 0.0 ['vm1', 'vm3', 'vm5', 'vm7']
1: 0.0 []
2: 0.0 []
3: 0.0 ['vm2', 'vm4', 'vm6', 'vm8']
--------------------------------------------------------------------------------
vm1: ([(0, 1, 20380000000L, 0)], [(True, False, False, False)])
vm2: ([(0, 1, 20600000000L, 3)], [(False, False, False, True)])
vm3: ([(0, 1, 20930000000L, 0)], [(True, False, False, False)])
vm4: ([(0, 1, 21070000000L, 3)], [(False, False, False, True)])
vm5: ([(0, 1, 21270000000L, 0)], [(True, False, False, False)])
vm6: ([(0, 1, 20940000000L, 3)], [(False, False, False, True)])
vm7: ([(0, 1, 21250000000L, 0)], [(True, False, False, False)])
vm8: ([(0, 1, 21010000000L, 3)], [(False, False, False, True)])
--------------------------------------------------------------------------------
0: 0.0 ['vm1', 'vm3', 'vm5', 'vm7']
1: 0.0 []
2: 0.0 []
3: 0.0 ['vm2', 'vm4', 'vm6', 'vm8']
--------------------------------------------------------------------------------
vm1: ([(0, 1, 20460000000L, 0)], [(True, False, False, False)])
vm2: ([(0, 1, 20670000000L, 3)], [(False, False, False, True)])
vm3: ([(0, 1, 21000000000L, 0)], [(True, False, False, False)])
vm4: ([(0, 1, 21160000000L, 3)], [(False, False, False, True)])
vm5: ([(0, 1, 21350000000L, 0)], [(True, False, False, False)])
vm6: ([(0, 1, 21020000000L, 3)], [(False, False, False, True)])
vm7: ([(0, 1, 21320000000L, 0)], [(True, False, False, False)])
vm8: ([(0, 1, 21090000000L, 3)], [(False, False, False, True)])
--------------------------------------------------------------------------------
0: 30.0 ['vm1', 'vm3', 'vm5', 'vm7']
1: 0.0 []
2: 0.0 []
3: 32.0 ['vm2', 'vm4', 'vm6', 'vm8']
--------------------------------------------------------------------------------
vm1: ([(0, 1, 20690000000L, 0)], [(True, False, False, False)])
vm2: ([(0, 1, 20920000000L, 3)], [(False, False, False, True)])
vm3: ([(0, 1, 21250000000L, 0)], [(True, False, False, False)])
vm4: ([(0, 1, 21400000000L, 3)], [(False, False, False, True)])
vm5: ([(0, 1, 21590000000L, 0)], [(True, False, False, False)])
vm6: ([(0, 1, 21250000000L, 3)], [(False, False, False, True)])
vm7: ([(0, 1, 21570000000L, 0)], [(True, False, False, False)])
vm8: ([(0, 1, 21340000000L, 3)], [(False, False, False, True)])
--------------------------------------------------------------------------------
0: 97.0 ['vm1', 'vm3', 'vm5', 'vm7']
1: 0.0 []
2: 0.0 []
3: 97.0 ['vm2', 'vm4', 'vm6', 'vm8']
--------------------------------------------------------------------------------
vm1: ([(0, 1, 20940000000L, 0)], [(True, False, False, False)])
vm2: ([(0, 1, 21210000000L, 3)], [(False, False, False, True)])
vm3: ([(0, 1, 21510000000L, 0)], [(True, False, False, False)])
vm4: ([(0, 1, 21700000000L, 3)], [(False, False, False, True)])
vm5: ([(0, 1, 21870000000L, 0)], [(True, False, False, False)])
vm6: ([(0, 1, 21450000000L, 3)], [(False, False, False, True)])
vm7: ([(0, 1, 21800000000L, 0)], [(True, False, False, False)])
vm8: ([(0, 1, 21570000000L, 3)], [(False, False, False, True)])
--------------------------------------------------------------------------------
0: 102.0 ['vm1', 'vm3', 'vm5', 'vm7']
1: 0.0 []
2: 0.0 []
3: 102.0 ['vm2', 'vm4', 'vm6', 'vm8']
--------------------------------------------------------------------------------
vm1: ([(0, 1, 21180000000L, 0)], [(True, False, False, False)])
vm2: ([(0, 1, 21470000000L, 3)], [(False, False, False, True)])
vm3: ([(0, 1, 21760000000L, 0)], [(True, False, False, False)])
vm4: ([(0, 1, 21940000000L, 3)], [(False, False, False, True)])
vm5: ([(0, 1, 22110000000L, 0)], [(True, False, False, False)])
vm6: ([(0, 1, 21700000000L, 3)], [(False, False, False, True)])
vm7: ([(0, 1, 22050000000L, 0)], [(True, False, False, False)])
vm8: ([(0, 1, 21820000000L, 3)], [(False, False, False, True)])
--------------------------------------------------------------------------------
0: 98.0 ['vm1', 'vm3', 'vm5', 'vm7']
1: 0.0 []
2: 0.0 []
3: 100.0 ['vm2', 'vm4', 'vm6', 'vm8']
--------------------------------------------------------------------------------
vm1: ([(0, 1, 21420000000L, 0)], [(True, False, False, False)])
vm2: ([(0, 1, 21710000000L, 3)], [(False, False, False, True)])
vm3: ([(0, 1, 22000000000L, 0)], [(True, False, False, False)])
vm4: ([(0, 1, 22190000000L, 3)], [(False, False, False, True)])
vm5: ([(0, 1, 22350000000L, 0)], [(True, False, False, False)])
vm6: ([(0, 1, 21960000000L, 3)], [(False, False, False, True)])
vm7: ([(0, 1, 22290000000L, 0)], [(True, False, False, False)])
vm8: ([(0, 1, 22070000000L, 3)], [(False, False, False, True)])
--------------------------------------------------------------------------------
0: 96.0 ['vm1', 'vm3', 'vm5', 'vm7']
1: 0.0 []
2: 0.0 []
3: 100.0 ['vm2', 'vm4', 'vm6', 'vm8']
--------------------------------------------------------------------------------
vm1: ([(0, 1, 21670000000L, 0)], [(True, False, False, False)])
vm2: ([(0, 1, 21960000000L, 3)], [(False, False, False, True)])
vm3: ([(0, 1, 22250000000L, 0)], [(True, False, False, False)])
vm4: ([(0, 1, 22440000000L, 3)], [(False, False, False, True)])
vm5: ([(0, 1, 22590000000L, 0)], [(True, False, False, False)])
vm6: ([(0, 1, 22210000000L, 3)], [(False, False, False, True)])
vm7: ([(0, 1, 22540000000L, 0)], [(True, False, False, False)])
vm8: ([(0, 1, 22320000000L, 3)], [(False, False, False, True)])
--------------------------------------------------------------------------------
0: 99.0 ['vm1', 'vm3', 'vm5', 'vm7']
1: 0.0 []
2: 0.0 []
3: 100.0 ['vm2', 'vm4', 'vm6', 'vm8']
--------------------------------------------------------------------------------
vm1: ([(0, 1, 21910000000L, 0)], [(True, False, False, False)])
vm2: ([(0, 1, 22210000000L, 3)], [(False, False, False, True)])
vm3: ([(0, 1, 22490000000L, 0)], [(True, False, False, False)])
vm4: ([(0, 1, 22710000000L, 3)], [(False, False, False, True)])
vm5: ([(0, 1, 22840000000L, 0)], [(True, False, False, False)])
vm6: ([(0, 1, 22460000000L, 3)], [(False, False, False, True)])
vm7: ([(0, 1, 22780000000L, 0)], [(True, False, False, False)])
vm8: ([(0, 1, 22580000000L, 3)], [(False, False, False, True)])
--------------------------------------------------------------------------------
0: 97.0 ['vm1', 'vm3', 'vm5', 'vm7']
1: 0.0 []
2: 0.0 []
3: 103.0 ['vm2', 'vm4', 'vm6', 'vm8']
--------------------------------------------------------------------------------
vm1: ([(0, 1, 22160000000L, 0)], [(True, False, False, False)])
vm2: ([(0, 1, 22460000000L, 3)], [(False, False, False, True)])
vm3: ([(0, 1, 22750000000L, 0)], [(True, False, False, False)])
vm4: ([(0, 1, 22960000000L, 3)], [(False, False, False, True)])
vm5: ([(0, 1, 23100000000L, 0)], [(True, False, False, False)])
vm6: ([(0, 1, 22710000000L, 3)], [(False, False, False, True)])
vm7: ([(0, 1, 23040000000L, 0)], [(True, False, False, False)])
vm8: ([(0, 1, 22830000000L, 3)], [(False, False, False, True)])
--------------------------------------------------------------------------------
0: 103.0 ['vm1', 'vm3', 'vm5', 'vm7']
1: 0.0 []
2: 0.0 []
3: 100.0 ['vm2', 'vm4', 'vm6', 'vm8']
--------------------------------------------------------------------------------
vm1: ([(0, 1, 22430000000L, 0)], [(True, False, False, False)])
vm2: ([(0, 1, 22710000000L, 3)], [(False, False, False, True)])
vm3: ([(0, 1, 23000000000L, 0)], [(True, False, False, False)])
vm4: ([(0, 1, 23220000000L, 3)], [(False, False, False, True)])
vm5: ([(0, 1, 23350000000L, 0)], [(True, False, False, False)])
vm6: ([(0, 1, 22960000000L, 3)], [(False, False, False, True)])
vm7: ([(0, 1, 23280000000L, 0)], [(True, False, False, False)])
vm8: ([(0, 1, 23090000000L, 3)], [(False, False, False, True)])
--------------------------------------------------------------------------------
0: 101.0 ['vm1', 'vm3', 'vm5', 'vm7']
1: 0.0 []
2: 0.0 []
3: 102.0 ['vm2', 'vm4', 'vm6', 'vm8']
--------------------------------------------------------------------------------
vm1: ([(0, 1, 22670000000L, 0)], [(True, False, False, False)])
vm2: ([(0, 1, 22950000000L, 3)], [(False, False, False, True)])
vm3: ([(0, 1, 23240000000L, 0)], [(True, False, False, False)])
vm4: ([(0, 1, 23470000000L, 3)], [(False, False, False, True)])
vm5: ([(0, 1, 23600000000L, 0)], [(True, False, False, False)])
vm6: ([(0, 1, 23220000000L, 3)], [(False, False, False, True)])
vm7: ([(0, 1, 23540000000L, 0)], [(True, False, False, False)])
vm8: ([(0, 1, 23340000000L, 3)], [(False, False, False, True)])
--------------------------------------------------------------------------------
0: 99.0 ['vm1', 'vm3', 'vm5', 'vm7']
1: 0.0 []
2: 0.0 []
3: 100.0 ['vm2', 'vm4', 'vm6', 'vm8']
--------------------------------------------------------------------------------
vm1: ([(0, 1, 22950000000L, 0)], [(True, False, False, False)])
vm2: ([(0, 1, 23230000000L, 3)], [(False, False, False, True)])
vm3: ([(0, 1, 23520000000L, 0)], [(True, False, False, False)])
vm4: ([(0, 1, 23730000000L, 1)], [(False, True, False, False)])
vm5: ([(0, 1, 23870000000L, 2)], [(False, False, True, False)])
vm6: ([(0, 1, 23470000000L, 1)], [(False, True, False, False)])
vm7: ([(0, 1, 23800000000L, 2)], [(False, False, True, False)])
vm8: ([(0, 1, 23600000000L, 3)], [(False, False, False, True)])
--------------------------------------------------------------------------------
0: 56.0 ['vm1', 'vm3']
1: 51.0 ['vm4', 'vm6']
2: 53.0 ['vm5', 'vm7']
3: 54.0 ['vm2', 'vm8']
--------------------------------------------------------------------------------
vm1: ([(0, 1, 23290000000L, 0)], [(True, False, False, False)])
vm2: ([(0, 1, 23480000000L, 3)], [(False, False, False, True)])
vm3: ([(0, 1, 23860000000L, 0)], [(True, False, False, False)])
vm4: ([(0, 1, 24070000000L, 1)], [(False, True, False, False)])
vm5: ([(0, 1, 24200000000L, 2)], [(False, False, True, False)])
vm6: ([(0, 1, 23820000000L, 1)], [(False, True, False, False)])
vm7: ([(0, 1, 24130000000L, 2)], [(False, False, True, False)])
vm8: ([(0, 1, 23860000000L, 3)], [(False, False, False, True)])
--------------------------------------------------------------------------------
0: 68.0 ['vm1', 'vm3']
1: 69.0 ['vm4', 'vm6']
2: 66.0 ['vm5', 'vm7']
3: 51.0 ['vm2', 'vm8']
--------------------------------------------------------------------------------
vm1: ([(0, 1, 23620000000L, 0)], [(True, False, False, False)])
vm2: ([(0, 1, 23780000000L, 3)], [(False, False, False, True)])
vm3: ([(0, 1, 24200000000L, 0)], [(True, False, False, False)])
vm4: ([(0, 1, 24380000000L, 1)], [(False, True, False, False)])
vm5: ([(0, 1, 24480000000L, 2)], [(False, False, True, False)])
vm6: ([(0, 1, 24130000000L, 1)], [(False, True, False, False)])
vm7: ([(0, 1, 24410000000L, 2)], [(False, False, True, False)])
vm8: ([(0, 1, 24160000000L, 3)], [(False, False, False, True)])
--------------------------------------------------------------------------------
0: 67.0 ['vm1', 'vm3']
1: 62.0 ['vm4', 'vm6']
2: 56.0 ['vm5', 'vm7']
3: 60.0 ['vm2', 'vm8']
--------------------------------------------------------------------------------
vm1: ([(0, 1, 23950000000L, 0)], [(True, False, False, False)])
vm2: ([(0, 1, 24070000000L, 3)], [(False, False, False, True)])
vm3: ([(0, 1, 24520000000L, 0)], [(True, False, False, False)])
vm4: ([(0, 1, 24700000000L, 1)], [(False, True, False, False)])
vm5: ([(0, 1, 24780000000L, 2)], [(False, False, True, False)])
vm6: ([(0, 1, 24440000000L, 1)], [(False, True, False, False)])
vm7: ([(0, 1, 24710000000L, 2)], [(False, False, True, False)])
vm8: ([(0, 1, 24450000000L, 3)], [(False, False, False, True)])
--------------------------------------------------------------------------------
0: 65.0 ['vm1', 'vm3']
1: 63.0 ['vm4', 'vm6']
2: 60.0 ['vm5', 'vm7']
3: 58.0 ['vm2', 'vm8']
--------------------------------------------------------------------------------
vm1: ([(0, 1, 24260000000L, 0)], [(True, False, False, False)])
vm2: ([(0, 1, 24420000000L, 3)], [(False, False, False, True)])
vm3: ([(0, 1, 24820000000L, 0)], [(True, False, False, False)])
vm4: ([(0, 1, 25000000000L, 1)], [(False, True, False, False)])
vm5: ([(0, 1, 25050000000L, 2)], [(False, False, True, False)])
vm6: ([(0, 1, 24740000000L, 1)], [(False, True, False, False)])
vm7: ([(0, 1, 24980000000L, 2)], [(False, False, True, False)])
vm8: ([(0, 1, 24800000000L, 3)], [(False, False, False, True)])
--------------------------------------------------------------------------------
0: 61.0 ['vm1', 'vm3']
1: 60.0 ['vm4', 'vm6']
2: 54.0 ['vm5', 'vm7']
3: 70.0 ['vm2', 'vm8']
--------------------------------------------------------------------------------
vm1: ([(0, 1, 24540000000L, 0)], [(True, False, False, False)])
vm2: ([(0, 1, 24740000000L, 3)], [(False, False, False, True)])
vm3: ([(0, 1, 25110000000L, 0)], [(True, False, False, False)])
vm4: ([(0, 1, 25270000000L, 1)], [(False, True, False, False)])
vm5: ([(0, 1, 25390000000L, 2)], [(False, False, True, False)])
vm6: ([(0, 1, 25020000000L, 1)], [(False, True, False, False)])
vm7: ([(0, 1, 25320000000L, 2)], [(False, False, True, False)])
vm8: ([(0, 1, 25120000000L, 3)], [(False, False, False, True)])
--------------------------------------------------------------------------------
0: 57.0 ['vm1', 'vm3']
1: 55.0 ['vm4', 'vm6']
2: 68.0 ['vm5', 'vm7']
3: 64.0 ['vm2', 'vm8']
--------------------------------------------------------------------------------
vm1: ([(0, 1, 24840000000L, 0)], [(True, False, False, False)])
vm2: ([(0, 1, 25050000000L, 3)], [(False, False, False, True)])
vm3: ([(0, 1, 25410000000L, 0)], [(True, False, False, False)])
vm4: ([(0, 1, 25610000000L, 1)], [(False, True, False, False)])
vm5: ([(0, 1, 25660000000L, 2)], [(False, False, True, False)])
vm6: ([(0, 1, 25360000000L, 1)], [(False, True, False, False)])
vm7: ([(0, 1, 25590000000L, 2)], [(False, False, True, False)])
vm8: ([(0, 1, 25440000000L, 3)], [(False, False, False, True)])
--------------------------------------------------------------------------------
0: 60.0 ['vm1', 'vm3']
1: 68.0 ['vm4', 'vm6']
2: 54.0 ['vm5', 'vm7']
3: 63.0 ['vm2', 'vm8']
--------------------------------------------------------------------------------
vm1: ([(0, 1, 25170000000L, 0)], [(True, False, False, False)])
vm2: ([(0, 1, 25360000000L, 3)], [(False, False, False, True)])
vm3: ([(0, 1, 25730000000L, 0)], [(True, False, False, False)])
vm4: ([(0, 1, 25930000000L, 1)], [(False, True, False, False)])
vm5: ([(0, 1, 25920000000L, 2)], [(False, False, True, False)])
vm6: ([(0, 1, 25670000000L, 1)], [(False, True, False, False)])
vm7: ([(0, 1, 25840000000L, 2)], [(False, False, True, False)])
vm8: ([(0, 1, 25750000000L, 3)], [(False, False, False, True)])
--------------------------------------------------------------------------------
0: 65.0 ['vm1', 'vm3']
1: 63.0 ['vm4', 'vm6']
2: 51.0 ['vm5', 'vm7']
3: 62.0 ['vm2', 'vm8']
--------------------------------------------------------------------------------
vm1: ([(0, 1, 25480000000L, 0)], [(True, False, False, False)])
vm2: ([(0, 1, 25660000000L, 3)], [(False, False, False, True)])
vm3: ([(0, 1, 26040000000L, 0)], [(True, False, False, False)])
vm4: ([(0, 1, 26170000000L, 1)], [(False, True, False, False)])
vm5: ([(0, 1, 26230000000L, 2)], [(False, False, True, False)])
vm6: ([(0, 1, 25920000000L, 1)], [(False, True, False, False)])
vm7: ([(0, 1, 26160000000L, 2)], [(False, False, True, False)])
vm8: ([(0, 1, 26050000000L, 3)], [(False, False, False, True)])
--------------------------------------------------------------------------------
0: 62.0 ['vm1', 'vm3']
1: 49.0 ['vm4', 'vm6']
2: 63.0 ['vm5', 'vm7']
3: 60.0 ['vm2', 'vm8']
--------------------------------------------------------------------------------
vm1: ([(0, 1, 25800000000L, 0)], [(True, False, False, False)])
vm2: ([(0, 1, 25890000000L, 3)], [(False, False, False, True)])
vm3: ([(0, 1, 26360000000L, 0)], [(True, False, False, False)])
vm4: ([(0, 1, 26530000000L, 1)], [(False, True, False, False)])
vm5: ([(0, 1, 26540000000L, 2)], [(False, False, True, False)])
vm6: ([(0, 1, 26280000000L, 1)], [(False, True, False, False)])
vm7: ([(0, 1, 26470000000L, 2)], [(False, False, True, False)])
vm8: ([(0, 1, 26280000000L, 3)], [(False, False, False, True)])
--------------------------------------------------------------------------------
0: 64.0 ['vm1', 'vm3']
1: 72.0 ['vm4', 'vm6']
2: 62.0 ['vm5', 'vm7']
3: 46.0 ['vm2', 'vm8']
--------------------------------------------------------------------------------
vm1: ([(0, 1, 26090000000L, 0)], [(True, False, False, False)])
vm2: ([(0, 1, 26250000000L, 3)], [(False, False, False, True)])
vm3: ([(0, 1, 26660000000L, 0)], [(True, False, False, False)])
vm4: ([(0, 1, 26820000000L, 1)], [(False, True, False, False)])
vm5: ([(0, 1, 26850000000L, 2)], [(False, False, True, False)])
vm6: ([(0, 1, 26560000000L, 1)], [(False, True, False, False)])
vm7: ([(0, 1, 26770000000L, 2)], [(False, False, True, False)])
vm8: ([(0, 1, 26630000000L, 3)], [(False, False, False, True)])
--------------------------------------------------------------------------------
0: 59.0 ['vm1', 'vm3']
1: 57.0 ['vm4', 'vm6']
2: 61.0 ['vm5', 'vm7']
3: 71.0 ['vm2', 'vm8']
--------------------------------------------------------------------------------
vm1: ([(0, 1, 26410000000L, 0)], [(True, False, False, False)])
vm2: ([(0, 1, 26570000000L, 3)], [(False, False, False, True)])
vm3: ([(0, 1, 26970000000L, 0)], [(True, False, False, False)])
vm4: ([(0, 1, 27110000000L, 1)], [(False, True, False, False)])
vm5: ([(0, 1, 27150000000L, 2)], [(False, False, True, False)])
vm6: ([(0, 1, 26860000000L, 1)], [(False, True, False, False)])
vm7: ([(0, 1, 27070000000L, 2)], [(False, False, True, False)])
vm8: ([(0, 1, 26950000000L, 3)], [(False, False, False, True)])
--------------------------------------------------------------------------------
0: 63.0 ['vm1', 'vm3']
1: 59.0 ['vm4', 'vm6']
2: 60.0 ['vm5', 'vm7']
3: 64.0 ['vm2', 'vm8']
--------------------------------------------------------------------------------
vm1: ([(0, 1, 26730000000L, 0)], [(True, False, False, False)])
vm2: ([(0, 1, 26820000000L, 3)], [(False, False, False, True)])
vm3: ([(0, 1, 27290000000L, 0)], [(True, False, False, False)])
vm4: ([(0, 1, 27420000000L, 1)], [(False, True, False, False)])
vm5: ([(0, 1, 27460000000L, 2)], [(False, False, True, False)])
vm6: ([(0, 1, 27170000000L, 1)], [(False, True, False, False)])
vm7: ([(0, 1, 27370000000L, 2)], [(False, False, True, False)])
vm8: ([(0, 1, 27210000000L, 3)], [(False, False, False, True)])
--------------------------------------------------------------------------------
0: 64.0 ['vm1', 'vm3']
1: 62.0 ['vm4', 'vm6']
2: 61.0 ['vm5', 'vm7']
3: 51.0 ['vm2', 'vm8']
--------------------------------------------------------------------------------
vm1: ([(0, 1, 27010000000L, 0)], [(True, False, False, False)])
vm2: ([(0, 1, 27140000000L, 3)], [(False, False, False, True)])
vm3: ([(0, 1, 27560000000L, 0)], [(True, False, False, False)])
vm4: ([(0, 1, 27720000000L, 1)], [(False, True, False, False)])
vm5: ([(0, 1, 27780000000L, 2)], [(False, False, True, False)])
vm6: ([(0, 1, 27470000000L, 1)], [(False, True, False, False)])
vm7: ([(0, 1, 27710000000L, 2)], [(False, False, True, False)])
vm8: ([(0, 1, 27520000000L, 3)], [(False, False, False, True)])
--------------------------------------------------------------------------------
0: 55.0 ['vm1', 'vm3']
1: 60.0 ['vm4', 'vm6']
2: 66.0 ['vm5', 'vm7']
3: 63.0 ['vm2', 'vm8']
--------------------------------------------------------------------------------
vm1: ([(0, 1, 27270000000L, 0)], [(True, False, False, False)])
vm2: ([(0, 1, 27430000000L, 3)], [(False, False, False, True)])
vm3: ([(0, 1, 27840000000L, 0)], [(True, False, False, False)])
vm4: ([(0, 1, 28050000000L, 1)], [(False, True, False, False)])
vm5: ([(0, 1, 28130000000L, 2)], [(False, False, True, False)])
vm6: ([(0, 1, 27790000000L, 1)], [(False, True, False, False)])
vm7: ([(0, 1, 28030000000L, 2)], [(False, False, True, False)])
vm8: ([(0, 1, 27810000000L, 3)], [(False, False, False, True)])
--------------------------------------------------------------------------------
0: 54.0 ['vm1', 'vm3']
1: 65.0 ['vm4', 'vm6']
2: 67.0 ['vm5', 'vm7']
3: 58.0 ['vm2', 'vm8']
--------------------------------------------------------------------------------
vm1: ([(0, 1, 27590000000L, 0)], [(True, False, False, False)])
vm2: ([(0, 1, 27720000000L, 3)], [(False, False, False, True)])
vm3: ([(0, 1, 28160000000L, 0)], [(True, False, False, False)])
vm4: ([(0, 1, 28350000000L, 1)], [(False, True, False, False)])
vm5: ([(0, 1, 28440000000L, 2)], [(False, False, True, False)])
vm6: ([(0, 1, 28090000000L, 1)], [(False, True, False, False)])
vm7: ([(0, 1, 28350000000L, 2)], [(False, False, True, False)])
vm8: ([(0, 1, 28100000000L, 3)], [(False, False, False, True)])
--------------------------------------------------------------------------------
0: 64.0 ['vm1', 'vm3']
1: 60.0 ['vm4', 'vm6']
2: 63.0 ['vm5', 'vm7']
3: 58.0 ['vm2', 'vm8']
--------------------------------------------------------------------------------
vm1: ([(0, 1, 27890000000L, 0)], [(True, False, False, False)])
vm2: ([(0, 1, 28030000000L, 3)], [(False, False, False, True)])
vm3: ([(0, 1, 28450000000L, 0)], [(True, False, False, False)])
vm4: ([(0, 1, 28670000000L, 1)], [(False, True, False, False)])
vm5: ([(0, 1, 28740000000L, 2)], [(False, False, True, False)])
vm6: ([(0, 1, 28410000000L, 1)], [(False, True, False, False)])
vm7: ([(0, 1, 28650000000L, 2)], [(False, False, True, False)])
vm8: ([(0, 1, 28410000000L, 3)], [(False, False, False, True)])
--------------------------------------------------------------------------------
0: 59.0 ['vm1', 'vm3']
1: 64.0 ['vm4', 'vm6']
2: 60.0 ['vm5', 'vm7']
3: 62.0 ['vm2', 'vm8']
--------------------------------------------------------------------------------
vm1: ([(0, 1, 28190000000L, 0)], [(True, False, False, False)])
vm2: ([(0, 1, 28340000000L, 3)], [(False, False, False, True)])
vm3: ([(0, 1, 28750000000L, 0)], [(True, False, False, False)])
vm4: ([(0, 1, 28990000000L, 1)], [(False, True, False, False)])
vm5: ([(0, 1, 29050000000L, 2)], [(False, False, True, False)])
vm6: ([(0, 1, 28730000000L, 1)], [(False, True, False, False)])
vm7: ([(0, 1, 28960000000L, 2)], [(False, False, True, False)])
vm8: ([(0, 1, 28720000000L, 3)], [(False, False, False, True)])
--------------------------------------------------------------------------------
0: 60.0 ['vm1', 'vm3']
1: 64.0 ['vm4', 'vm6']
2: 62.0 ['vm5', 'vm7']
3: 62.0 ['vm2', 'vm8']
--------------------------------------------------------------------------------
vm1: ([(0, 1, 28460000000L, 0)], [(True, False, False, False)])
vm2: ([(0, 1, 28660000000L, 3)], [(False, False, False, True)])
vm3: ([(0, 1, 29030000000L, 0)], [(True, False, False, False)])
vm4: ([(0, 1, 29290000000L, 1)], [(False, True, False, False)])
vm5: ([(0, 1, 29370000000L, 2)], [(False, False, True, False)])
vm6: ([(0, 1, 29030000000L, 1)], [(False, True, False, False)])
vm7: ([(0, 1, 29270000000L, 2)], [(False, False, True, False)])
vm8: ([(0, 1, 29030000000L, 3)], [(False, False, False, True)])
--------------------------------------------------------------------------------
0: 55.0 ['vm1', 'vm3']
1: 60.0 ['vm4', 'vm6']
2: 63.0 ['vm5', 'vm7']
3: 63.0 ['vm2', 'vm8']
--------------------------------------------------------------------------------
vm1: ([(0, 1, 28750000000L, 0)], [(True, False, False, False)])
vm2: ([(0, 1, 28980000000L, 3)], [(False, False, False, True)])
vm3: ([(0, 1, 29320000000L, 0)], [(True, False, False, False)])
vm4: ([(0, 1, 29600000000L, 1)], [(False, True, False, False)])
vm5: ([(0, 1, 29670000000L, 2)], [(False, False, True, False)])
vm6: ([(0, 1, 29340000000L, 1)], [(False, True, False, False)])
vm7: ([(0, 1, 29580000000L, 2)], [(False, False, True, False)])
vm8: ([(0, 1, 29350000000L, 3)], [(False, False, False, True)])
--------------------------------------------------------------------------------
0: 58.0 ['vm1', 'vm3']
1: 62.0 ['vm4', 'vm6']
2: 61.0 ['vm5', 'vm7']
3: 64.0 ['vm2', 'vm8']
--------------------------------------------------------------------------------
vm1: ([(0, 1, 29050000000L, 0)], [(True, False, False, False)])
vm2: ([(0, 1, 29300000000L, 3)], [(False, False, False, True)])
vm3: ([(0, 1, 29620000000L, 0)], [(True, False, False, False)])
vm4: ([(0, 1, 29870000000L, 1)], [(False, True, False, False)])
vm5: ([(0, 1, 30020000000L, 2)], [(False, False, True, False)])
vm6: ([(0, 1, 29610000000L, 1)], [(False, True, False, False)])
vm7: ([(0, 1, 29930000000L, 2)], [(False, False, True, False)])
vm8: ([(0, 1, 29670000000L, 3)], [(False, False, False, True)])
--------------------------------------------------------------------------------
0: 60.0 ['vm1', 'vm3']
1: 54.0 ['vm4', 'vm6']
2: 70.0 ['vm5', 'vm7']
3: 64.0 ['vm2', 'vm8']
--------------------------------------------------------------------------------
vm1: ([(0, 1, 29370000000L, 0)], [(True, False, False, False)])
vm2: ([(0, 1, 29620000000L, 3)], [(False, False, False, True)])
vm3: ([(0, 1, 29940000000L, 0)], [(True, False, False, False)])
vm4: ([(0, 1, 30160000000L, 1)], [(False, True, False, False)])
vm5: ([(0, 1, 30300000000L, 2)], [(False, False, True, False)])
vm6: ([(0, 1, 29900000000L, 1)], [(False, True, False, False)])
vm7: ([(0, 1, 30200000000L, 2)], [(False, False, True, False)])
vm8: ([(0, 1, 29980000000L, 3)], [(False, False, False, True)])
--------------------------------------------------------------------------------
0: 64.0 ['vm1', 'vm3']
1: 58.0 ['vm4', 'vm6']
2: 55.0 ['vm5', 'vm7']
3: 63.0 ['vm2', 'vm8']
--------------------------------------------------------------------------------
vm1: ([(0, 1, 29660000000L, 0)], [(True, False, False, False)])
vm2: ([(0, 1, 29940000000L, 3)], [(False, False, False, True)])
vm3: ([(0, 1, 30230000000L, 0)], [(True, False, False, False)])
vm4: ([(0, 1, 30450000000L, 1)], [(False, True, False, False)])
vm5: ([(0, 1, 30580000000L, 2)], [(False, False, True, False)])
vm6: ([(0, 1, 30200000000L, 1)], [(False, True, False, False)])
vm7: ([(0, 1, 30490000000L, 2)], [(False, False, True, False)])
vm8: ([(0, 1, 30300000000L, 3)], [(False, False, False, True)])
--------------------------------------------------------------------------------
0: 58.0 ['vm1', 'vm3']
1: 59.0 ['vm4', 'vm6']
2: 57.0 ['vm5', 'vm7']
3: 64.0 ['vm2', 'vm8']
--------------------------------------------------------------------------------
vm1: ([(0, 1, 29930000000L, 0)], [(True, False, False, False)])
vm2: ([(0, 1, 30230000000L, 3)], [(False, False, False, True)])
vm3: ([(0, 1, 30510000000L, 0)], [(True, False, False, False)])
vm4: ([(0, 1, 30760000000L, 1)], [(False, True, False, False)])
vm5: ([(0, 1, 30910000000L, 2)], [(False, False, True, False)])
vm6: ([(0, 1, 30500000000L, 1)], [(False, True, False, False)])
vm7: ([(0, 1, 30810000000L, 2)], [(False, False, True, False)])
vm8: ([(0, 1, 30590000000L, 3)], [(False, False, False, True)])
--------------------------------------------------------------------------------
0: 55.0 ['vm1', 'vm3']
1: 61.0 ['vm4', 'vm6']
2: 65.0 ['vm5', 'vm7']
3: 58.0 ['vm2', 'vm8']
--------------------------------------------------------------------------------
vm1: ([(0, 1, 30250000000L, 0)], [(True, False, False, False)])
vm2: ([(0, 1, 30560000000L, 3)], [(False, False, False, True)])
vm3: ([(0, 1, 30830000000L, 0)], [(True, False, False, False)])
vm4: ([(0, 1, 31070000000L, 1)], [(False, True, False, False)])
vm5: ([(0, 1, 31200000000L, 2)], [(False, False, True, False)])
vm6: ([(0, 1, 30810000000L, 1)], [(False, True, False, False)])
vm7: ([(0, 1, 31090000000L, 2)], [(False, False, True, False)])
vm8: ([(0, 1, 30920000000L, 3)], [(False, False, False, True)])
--------------------------------------------------------------------------------
0: 64.0 ['vm1', 'vm3']
1: 62.0 ['vm4', 'vm6']
2: 57.0 ['vm5', 'vm7']
3: 66.0 ['vm2', 'vm8']
--------------------------------------------------------------------------------
vm1: ([(0, 1, 30590000000L, 0)], [(True, False, False, False)])
vm2: ([(0, 1, 30850000000L, 3)], [(False, False, False, True)])
vm3: ([(0, 1, 31170000000L, 0)], [(True, False, False, False)])
vm4: ([(0, 1, 31360000000L, 1)], [(False, True, False, False)])
vm5: ([(0, 1, 31470000000L, 2)], [(False, False, True, False)])
vm6: ([(0, 1, 31100000000L, 1)], [(False, True, False, False)])
vm7: ([(0, 1, 31380000000L, 2)], [(False, False, True, False)])
vm8: ([(0, 1, 31220000000L, 3)], [(False, False, False, True)])
--------------------------------------------------------------------------------
0: 68.0 ['vm1', 'vm3']
1: 58.0 ['vm4', 'vm6']
2: 56.0 ['vm5', 'vm7']
3: 59.0 ['vm2', 'vm8']
--------------------------------------------------------------------------------
vm1: ([(0, 1, 30880000000L, 0)], [(True, False, False, False)])
vm2: ([(0, 1, 31160000000L, 3)], [(False, False, False, True)])
vm3: ([(0, 1, 31460000000L, 0)], [(True, False, False, False)])
vm4: ([(0, 1, 31640000000L, 1)], [(False, True, False, False)])
vm5: ([(0, 1, 31790000000L, 2)], [(False, False, True, False)])
vm6: ([(0, 1, 31390000000L, 1)], [(False, True, False, False)])
vm7: ([(0, 1, 31700000000L, 2)], [(False, False, True, False)])
vm8: ([(0, 1, 31510000000L, 3)], [(False, False, False, True)])
--------------------------------------------------------------------------------
0: 58.0 ['vm1', 'vm3']
1: 57.0 ['vm4', 'vm6']
2: 64.0 ['vm5', 'vm7']
3: 60.0 ['vm2', 'vm8']
--------------------------------------------------------------------------------
vm1: ([(0, 1, 31180000000L, 0)], [(True, False, False, False)])
vm2: ([(0, 1, 31450000000L, 3)], [(False, False, False, True)])
vm3: ([(0, 1, 31760000000L, 0)], [(True, False, False, False)])
vm4: ([(0, 1, 31950000000L, 1)], [(False, True, False, False)])
vm5: ([(0, 1, 32090000000L, 2)], [(False, False, True, False)])
vm6: ([(0, 1, 31700000000L, 1)], [(False, True, False, False)])
vm7: ([(0, 1, 31980000000L, 2)], [(False, False, True, False)])
vm8: ([(0, 1, 31820000000L, 3)], [(False, False, False, True)])
--------------------------------------------------------------------------------
0: 60.0 ['vm1', 'vm3']
1: 62.0 ['vm4', 'vm6']
2: 58.0 ['vm5', 'vm7']
3: 60.0 ['vm2', 'vm8']
--------------------------------------------------------------------------------
vm1: ([(0, 1, 31550000000L, 0)], [(True, False, False, False)])
vm2: ([(0, 1, 31750000000L, 3)], [(False, False, False, True)])
vm3: ([(0, 1, 32120000000L, 0)], [(True, False, False, False)])
vm4: ([(0, 1, 32250000000L, 1)], [(False, True, False, False)])
vm5: ([(0, 1, 32360000000L, 2)], [(False, False, True, False)])
vm6: ([(0, 1, 31980000000L, 1)], [(False, True, False, False)])
vm7: ([(0, 1, 32260000000L, 2)], [(False, False, True, False)])
vm8: ([(0, 1, 32110000000L, 3)], [(False, False, False, True)])
--------------------------------------------------------------------------------
0: 73.0 ['vm1', 'vm3']
1: 58.0 ['vm4', 'vm6']
2: 55.0 ['vm5', 'vm7']
3: 59.0 ['vm2', 'vm8']
--------------------------------------------------------------------------------
vm1: ([(0, 1, 31880000000L, 0)], [(True, False, False, False)])
vm2: ([(0, 1, 32060000000L, 3)], [(False, False, False, True)])
vm3: ([(0, 1, 32460000000L, 0)], [(True, False, False, False)])
vm4: ([(0, 1, 32490000000L, 1)], [(False, True, False, False)])
vm5: ([(0, 1, 32690000000L, 2)], [(False, False, True, False)])
vm6: ([(0, 1, 32240000000L, 1)], [(False, True, False, False)])
vm7: ([(0, 1, 32590000000L, 2)], [(False, False, True, False)])
vm8: ([(0, 1, 32420000000L, 3)], [(False, False, False, True)])
--------------------------------------------------------------------------------
0: 67.0 ['vm1', 'vm3']
1: 50.0 ['vm4', 'vm6']
2: 66.0 ['vm5', 'vm7']
3: 62.0 ['vm2', 'vm8']
--------------------------------------------------------------------------------
vm1: ([(0, 1, 32240000000L, 0)], [(True, False, False, False)])
vm2: ([(0, 1, 32340000000L, 3)], [(False, False, False, True)])
vm3: ([(0, 1, 32820000000L, 0)], [(True, False, False, False)])
vm4: ([(0, 1, 32770000000L, 1)], [(False, True, False, False)])
vm5: ([(0, 1, 33010000000L, 2)], [(False, False, True, False)])
vm6: ([(0, 1, 32520000000L, 1)], [(False, True, False, False)])
vm7: ([(0, 1, 32910000000L, 2)], [(False, False, True, False)])
vm8: ([(0, 1, 32710000000L, 3)], [(False, False, False, True)])
--------------------------------------------------------------------------------
0: 72.0 ['vm1', 'vm3']
1: 56.0 ['vm4', 'vm6']
2: 64.0 ['vm5', 'vm7']
3: 57.0 ['vm2', 'vm8']
--------------------------------------------------------------------------------
vm1: ([(0, 1, 32520000000L, 0)], [(True, False, False, False)])
vm2: ([(0, 1, 32630000000L, 3)], [(False, False, False, True)])
vm3: ([(0, 1, 33100000000L, 0)], [(True, False, False, False)])
vm4: ([(0, 1, 33060000000L, 1)], [(False, True, False, False)])
vm5: ([(0, 1, 33380000000L, 2)], [(False, False, True, False)])
vm6: ([(0, 1, 32810000000L, 1)], [(False, True, False, False)])
vm7: ([(0, 1, 33280000000L, 2)], [(False, False, True, False)])
vm8: ([(0, 1, 32990000000L, 3)], [(False, False, False, True)])
--------------------------------------------------------------------------------
0: 56.0 ['vm1', 'vm3']
1: 58.0 ['vm4', 'vm6']
2: 74.0 ['vm5', 'vm7']
3: 57.0 ['vm2', 'vm8']
--------------------------------------------------------------------------------
vm1: ([(0, 1, 32870000000L, 0)], [(True, False, False, False)])
vm2: ([(0, 1, 32950000000L, 3)], [(False, False, False, True)])
vm3: ([(0, 1, 33450000000L, 0)], [(True, False, False, False)])
vm4: ([(0, 1, 33340000000L, 1)], [(False, True, False, False)])
vm5: ([(0, 1, 33670000000L, 2)], [(False, False, True, False)])
vm6: ([(0, 1, 33090000000L, 1)], [(False, True, False, False)])
vm7: ([(0, 1, 33570000000L, 2)], [(False, False, True, False)])
vm8: ([(0, 1, 33310000000L, 3)], [(False, False, False, True)])
--------------------------------------------------------------------------------
0: 70.0 ['vm1', 'vm3']
1: 56.0 ['vm4', 'vm6']
2: 58.0 ['vm5', 'vm7']
3: 64.0 ['vm2', 'vm8']
--------------------------------------------------------------------------------
vm1: ([(0, 1, 33170000000L, 0)], [(True, False, False, False)])
vm2: ([(0, 1, 33220000000L, 3)], [(False, False, False, True)])
vm3: ([(0, 1, 33750000000L, 0)], [(True, False, False, False)])
vm4: ([(0, 1, 33620000000L, 1)], [(False, True, False, False)])
vm5: ([(0, 1, 33990000000L, 2)], [(False, False, True, False)])
vm6: ([(0, 1, 33360000000L, 1)], [(False, True, False, False)])
vm7: ([(0, 1, 33890000000L, 2)], [(False, False, True, False)])
vm8: ([(0, 1, 33590000000L, 3)], [(False, False, False, True)])
--------------------------------------------------------------------------------
0: 60.0 ['vm1', 'vm3']
1: 55.0 ['vm4', 'vm6']
2: 64.0 ['vm5', 'vm7']
3: 55.0 ['vm2', 'vm8']
--------------------------------------------------------------------------------
^CTraceback (most recent call last):
  File "monitor.py", line 72, in <module>
    s.run()
  File "/usr/lib/python2.7/sched.py", line 111, in run
    delayfunc(time - now)
KeyboardInterrupt
]0;habbes@ubuntu: ~/code/class/aos/p1-virtualization/test/cpu[01;32mhabbes@ubuntu[00m:[01;34m~/code/class/aos/p1-virtualization/test/cpu[00m$ exit
exit

Script done on 2019-09-24 06:14:43+0300
