Script started on 2019-09-24 06:22:25+0300
]0;habbes@ubuntu: ~/code/class/aos/p1-virtualization/test/cpu[01;32mhabbes@ubuntu[00m:[01;34m~/code/class/aos/p1-virtualization/test/cpu[00m$ pt[Kython monitor.py
vm1: ([(0, 1, 21290000000L, 2)], [(True, True, True, True)])
vm2: ([(0, 1, 22060000000L, 0)], [(True, True, True, True)])
vm3: ([(0, 1, 22930000000L, 2)], [(True, True, True, True)])
vm4: ([(0, 1, 21390000000L, 2)], [(True, True, True, True)])
vm5: ([(0, 1, 22470000000L, 2)], [(True, True, True, True)])
vm6: ([(0, 1, 22320000000L, 2)], [(True, True, True, True)])
vm7: ([(0, 1, 22150000000L, 2)], [(True, True, True, True)])
vm8: ([(0, 1, 21720000000L, 2)], [(True, True, True, True)])
--------------------------------------------------------------------------------
0: 0.0 []
1: 0.0 []
2: 0.0 []
3: 0.0 []
--------------------------------------------------------------------------------
vm1: ([(0, 1, 21290000000L, 2)], [(True, True, True, True)])
vm2: ([(0, 1, 22060000000L, 0)], [(True, True, True, True)])
vm3: ([(0, 1, 22930000000L, 2)], [(True, True, True, True)])
vm4: ([(0, 1, 21390000000L, 2)], [(True, True, True, True)])
vm5: ([(0, 1, 22470000000L, 2)], [(True, True, True, True)])
vm6: ([(0, 1, 22320000000L, 2)], [(True, True, True, True)])
vm7: ([(0, 1, 22150000000L, 2)], [(True, True, True, True)])
vm8: ([(0, 1, 21720000000L, 2)], [(True, True, True, True)])
--------------------------------------------------------------------------------
0: 0.0 ['vm2']
1: 0.0 []
2: 0.0 ['vm1', 'vm3', 'vm4', 'vm5', 'vm6', 'vm7', 'vm8']
3: 0.0 []
--------------------------------------------------------------------------------
vm1: ([(0, 1, 21290000000L, 2)], [(True, True, True, True)])
vm2: ([(0, 1, 22060000000L, 0)], [(True, True, True, True)])
vm3: ([(0, 1, 22930000000L, 2)], [(True, True, True, True)])
vm4: ([(0, 1, 21390000000L, 2)], [(True, True, True, True)])
vm5: ([(0, 1, 22470000000L, 2)], [(True, True, True, True)])
vm6: ([(0, 1, 22320000000L, 2)], [(True, True, True, True)])
vm7: ([(0, 1, 22160000000L, 2)], [(True, True, True, True)])
vm8: ([(0, 1, 21720000000L, 2)], [(True, True, True, True)])
--------------------------------------------------------------------------------
0: 0.0 ['vm2']
1: 0.0 []
2: 1.0 ['vm1', 'vm3', 'vm4', 'vm5', 'vm6', 'vm7', 'vm8']
3: 0.0 []
--------------------------------------------------------------------------------
vm1: ([(0, 1, 21290000000L, 2)], [(True, True, True, True)])
vm2: ([(0, 1, 22060000000L, 0)], [(True, True, True, True)])
vm3: ([(0, 1, 22930000000L, 3)], [(True, True, True, True)])
vm4: ([(0, 1, 21390000000L, 2)], [(True, True, True, True)])
vm5: ([(0, 1, 22470000000L, 2)], [(True, True, True, True)])
vm6: ([(0, 1, 22320000000L, 2)], [(True, True, True, True)])
vm7: ([(0, 1, 22160000000L, 2)], [(True, True, True, True)])
vm8: ([(0, 1, 21720000000L, 2)], [(True, True, True, True)])
--------------------------------------------------------------------------------
0: 0.0 ['vm2']
1: 0.0 []
2: 0.0 ['vm1', 'vm4', 'vm5', 'vm6', 'vm7', 'vm8']
3: 0.0 ['vm3']
--------------------------------------------------------------------------------
vm1: ([(0, 1, 21290000000L, 2)], [(True, True, True, True)])
vm2: ([(0, 1, 22060000000L, 0)], [(True, True, True, True)])
vm3: ([(0, 1, 22930000000L, 3)], [(True, True, True, True)])
vm4: ([(0, 1, 21390000000L, 0)], [(True, True, True, True)])
vm5: ([(0, 1, 22470000000L, 2)], [(True, True, True, True)])
vm6: ([(0, 1, 22320000000L, 1)], [(True, True, True, True)])
vm7: ([(0, 1, 22160000000L, 1)], [(True, True, True, True)])
vm8: ([(0, 1, 21720000000L, 2)], [(True, True, True, True)])
--------------------------------------------------------------------------------
0: 0.0 ['vm2', 'vm4']
1: 0.0 ['vm6', 'vm7']
2: 0.0 ['vm1', 'vm5', 'vm8']
3: 0.0 ['vm3']
--------------------------------------------------------------------------------
vm1: ([(0, 1, 21290000000L, 3)], [(True, True, True, True)])
vm2: ([(0, 1, 22060000000L, 0)], [(True, True, True, True)])
vm3: ([(0, 1, 22930000000L, 3)], [(True, True, True, True)])
vm4: ([(0, 1, 21400000000L, 0)], [(True, True, True, True)])
vm5: ([(0, 1, 22470000000L, 2)], [(True, True, True, True)])
vm6: ([(0, 1, 22320000000L, 1)], [(True, True, True, True)])
vm7: ([(0, 1, 22160000000L, 1)], [(True, True, True, True)])
vm8: ([(0, 1, 21720000000L, 2)], [(True, True, True, True)])
--------------------------------------------------------------------------------
0: 1.0 ['vm2', 'vm4']
1: 0.0 ['vm6', 'vm7']
2: 0.0 ['vm5', 'vm8']
3: 0.0 ['vm1', 'vm3']
--------------------------------------------------------------------------------
vm1: ([(0, 1, 21290000000L, 3)], [(True, True, True, True)])
vm2: ([(0, 1, 22070000000L, 0)], [(True, True, True, True)])
vm3: ([(0, 1, 22930000000L, 3)], [(True, True, True, True)])
vm4: ([(0, 1, 21400000000L, 0)], [(True, True, True, True)])
vm5: ([(0, 1, 22480000000L, 2)], [(True, True, True, True)])
vm6: ([(0, 1, 22320000000L, 1)], [(True, True, True, True)])
vm7: ([(0, 1, 22160000000L, 1)], [(True, True, True, True)])
vm8: ([(0, 1, 21720000000L, 2)], [(True, True, True, True)])
--------------------------------------------------------------------------------
0: 1.0 ['vm2', 'vm4']
1: 0.0 ['vm6', 'vm7']
2: 1.0 ['vm5', 'vm8']
3: 0.0 ['vm1', 'vm3']
--------------------------------------------------------------------------------
vm1: ([(0, 1, 21290000000L, 1)], [(True, True, True, True)])
vm2: ([(0, 1, 22070000000L, 0)], [(True, True, True, True)])
vm3: ([(0, 1, 22940000000L, 3)], [(True, True, True, True)])
vm4: ([(0, 1, 21400000000L, 0)], [(True, True, True, True)])
vm5: ([(0, 1, 22480000000L, 2)], [(True, True, True, True)])
vm6: ([(0, 1, 22320000000L, 1)], [(True, True, True, True)])
vm7: ([(0, 1, 22160000000L, 1)], [(True, True, True, True)])
vm8: ([(0, 1, 21730000000L, 2)], [(True, True, True, True)])
--------------------------------------------------------------------------------
0: 0.0 ['vm2', 'vm4']
1: 0.0 ['vm1', 'vm6', 'vm7']
2: 1.0 ['vm5', 'vm8']
3: 1.0 ['vm3']
--------------------------------------------------------------------------------
vm1: ([(0, 1, 21290000000L, 1)], [(True, True, True, True)])
vm2: ([(0, 1, 22070000000L, 0)], [(True, True, True, True)])
vm3: ([(0, 1, 22940000000L, 1)], [(True, True, True, True)])
vm4: ([(0, 1, 21400000000L, 0)], [(True, True, True, True)])
vm5: ([(0, 1, 22480000000L, 2)], [(True, True, True, True)])
vm6: ([(0, 1, 22320000000L, 1)], [(True, True, True, True)])
vm7: ([(0, 1, 22160000000L, 1)], [(True, True, True, True)])
vm8: ([(0, 1, 21730000000L, 2)], [(True, True, True, True)])
--------------------------------------------------------------------------------
0: 0.0 ['vm2', 'vm4']
1: 0.0 ['vm1', 'vm3', 'vm6', 'vm7']
2: 0.0 ['vm5', 'vm8']
3: 0.0 []
--------------------------------------------------------------------------------
vm1: ([(0, 1, 21290000000L, 1)], [(True, True, True, True)])
vm2: ([(0, 1, 22070000000L, 0)], [(True, True, True, True)])
vm3: ([(0, 1, 22940000000L, 1)], [(True, True, True, True)])
vm4: ([(0, 1, 21400000000L, 1)], [(True, True, True, True)])
vm5: ([(0, 1, 22480000000L, 2)], [(True, True, True, True)])
vm6: ([(0, 1, 22320000000L, 1)], [(True, True, True, True)])
vm7: ([(0, 1, 22160000000L, 2)], [(True, True, True, True)])
vm8: ([(0, 1, 21730000000L, 2)], [(True, True, True, True)])
--------------------------------------------------------------------------------
0: 0.0 ['vm2']
1: 0.0 ['vm1', 'vm3', 'vm4', 'vm6']
2: 0.0 ['vm5', 'vm7', 'vm8']
3: 0.0 []
--------------------------------------------------------------------------------
vm1: ([(0, 1, 21290000000L, 1)], [(True, True, True, True)])
vm2: ([(0, 1, 22070000000L, 2)], [(True, True, True, True)])
vm3: ([(0, 1, 22940000000L, 1)], [(True, True, True, True)])
vm4: ([(0, 1, 21400000000L, 1)], [(True, True, True, True)])
vm5: ([(0, 1, 22480000000L, 2)], [(True, True, True, True)])
vm6: ([(0, 1, 22320000000L, 1)], [(True, True, True, True)])
vm7: ([(0, 1, 22160000000L, 2)], [(True, True, True, True)])
vm8: ([(0, 1, 21730000000L, 2)], [(True, True, True, True)])
--------------------------------------------------------------------------------
0: 0.0 []
1: 0.0 ['vm1', 'vm3', 'vm4', 'vm6']
2: 0.0 ['vm2', 'vm5', 'vm7', 'vm8']
3: 0.0 []
--------------------------------------------------------------------------------
vm1: ([(0, 1, 21290000000L, 1)], [(True, True, True, True)])
vm2: ([(0, 1, 22070000000L, 2)], [(True, True, True, True)])
vm3: ([(0, 1, 22940000000L, 1)], [(True, True, True, True)])
vm4: ([(0, 1, 21400000000L, 1)], [(True, True, True, True)])
vm5: ([(0, 1, 22480000000L, 2)], [(True, True, True, True)])
vm6: ([(0, 1, 22330000000L, 1)], [(True, True, True, True)])
vm7: ([(0, 1, 22160000000L, 2)], [(True, True, True, True)])
vm8: ([(0, 1, 21740000000L, 2)], [(True, True, True, True)])
--------------------------------------------------------------------------------
0: 0.0 []
1: 1.0 ['vm1', 'vm3', 'vm4', 'vm6']
2: 1.0 ['vm2', 'vm5', 'vm7', 'vm8']
3: 0.0 []
--------------------------------------------------------------------------------
vm1: ([(0, 1, 21290000000L, 1)], [(True, True, True, True)])
vm2: ([(0, 1, 22080000000L, 2)], [(True, True, True, True)])
vm3: ([(0, 1, 22950000000L, 1)], [(True, True, True, True)])
vm4: ([(0, 1, 21400000000L, 1)], [(True, True, True, True)])
vm5: ([(0, 1, 22480000000L, 2)], [(True, True, True, True)])
vm6: ([(0, 1, 22340000000L, 2)], [(True, True, True, True)])
vm7: ([(0, 1, 22170000000L, 2)], [(True, True, True, True)])
vm8: ([(0, 1, 21740000000L, 2)], [(True, True, True, True)])
--------------------------------------------------------------------------------
0: 0.0 []
1: 1.0 ['vm1', 'vm3', 'vm4']
2: 3.0 ['vm2', 'vm5', 'vm6', 'vm7', 'vm8']
3: 0.0 []
--------------------------------------------------------------------------------
vm1: ([(0, 1, 21300000000L, 2)], [(True, True, True, True)])
vm2: ([(0, 1, 22080000000L, 2)], [(True, True, True, True)])
vm3: ([(0, 1, 22950000000L, 2)], [(True, True, True, True)])
vm4: ([(0, 1, 21400000000L, 2)], [(True, True, True, True)])
vm5: ([(0, 1, 22480000000L, 2)], [(True, True, True, True)])
vm6: ([(0, 1, 22340000000L, 2)], [(True, True, True, True)])
vm7: ([(0, 1, 22170000000L, 2)], [(True, True, True, True)])
vm8: ([(0, 1, 21740000000L, 2)], [(True, True, True, True)])
--------------------------------------------------------------------------------
0: 0.0 []
1: 0.0 []
2: 1.0 ['vm1', 'vm2', 'vm3', 'vm4', 'vm5', 'vm6', 'vm7', 'vm8']
3: 0.0 []
--------------------------------------------------------------------------------
vm1: ([(0, 1, 21300000000L, 2)], [(True, True, True, True)])
vm2: ([(0, 1, 22080000000L, 2)], [(True, True, True, True)])
vm3: ([(0, 1, 22950000000L, 2)], [(True, True, True, True)])
vm4: ([(0, 1, 21400000000L, 2)], [(True, True, True, True)])
vm5: ([(0, 1, 22480000000L, 2)], [(True, True, True, True)])
vm6: ([(0, 1, 22340000000L, 2)], [(True, True, True, True)])
vm7: ([(0, 1, 22170000000L, 2)], [(True, True, True, True)])
vm8: ([(0, 1, 21740000000L, 2)], [(True, True, True, True)])
--------------------------------------------------------------------------------
0: 0.0 []
1: 0.0 []
2: 0.0 ['vm1', 'vm2', 'vm3', 'vm4', 'vm5', 'vm6', 'vm7', 'vm8']
3: 0.0 []
--------------------------------------------------------------------------------
vm1: ([(0, 1, 21310000000L, 2)], [(True, True, True, True)])
vm2: ([(0, 1, 22080000000L, 2)], [(True, True, True, True)])
vm3: ([(0, 1, 22950000000L, 2)], [(True, True, True, True)])
vm4: ([(0, 1, 21410000000L, 2)], [(True, True, True, True)])
vm5: ([(0, 1, 22490000000L, 0)], [(True, True, True, True)])
vm6: ([(0, 1, 22340000000L, 3)], [(True, True, True, True)])
vm7: ([(0, 1, 22170000000L, 2)], [(True, True, True, True)])
vm8: ([(0, 1, 21740000000L, 0)], [(True, True, True, True)])
--------------------------------------------------------------------------------
0: 1.0 ['vm5', 'vm8']
1: 0.0 []
2: 2.0 ['vm1', 'vm2', 'vm3', 'vm4', 'vm7']
3: 0.0 ['vm6']
--------------------------------------------------------------------------------
vm1: ([(0, 1, 21550000000L, 0)], [(True, True, True, True)])
vm2: ([(0, 1, 22210000000L, 1)], [(True, True, True, True)])
vm3: ([(0, 1, 23090000000L, 1)], [(True, True, True, True)])
vm4: ([(0, 1, 21610000000L, 1)], [(True, True, True, True)])
vm5: ([(0, 1, 22630000000L, 2)], [(True, True, True, True)])
vm6: ([(0, 1, 22530000000L, 2)], [(True, True, True, True)])
vm7: ([(0, 1, 22330000000L, 2)], [(True, True, True, True)])
vm8: ([(0, 1, 21910000000L, 0)], [(True, True, True, True)])
--------------------------------------------------------------------------------
0: 41.0 ['vm1', 'vm8']
1: 47.0 ['vm2', 'vm3', 'vm4']
2: 49.0 ['vm5', 'vm6', 'vm7']
3: 0.0 []
--------------------------------------------------------------------------------
vm1: ([(0, 1, 21910000000L, 1)], [(True, True, True, True)])
vm2: ([(0, 1, 22560000000L, 1)], [(True, True, True, True)])
vm3: ([(0, 1, 23440000000L, 1)], [(True, True, True, True)])
vm4: ([(0, 1, 21930000000L, 0)], [(True, True, True, True)])
vm5: ([(0, 1, 23020000000L, 3)], [(True, True, True, True)])
vm6: ([(0, 1, 22840000000L, 0)], [(True, True, True, True)])
vm7: ([(0, 1, 22680000000L, 3)], [(True, True, True, True)])
vm8: ([(0, 1, 22250000000L, 3)], [(True, True, True, True)])
--------------------------------------------------------------------------------
0: 63.0 ['vm4', 'vm6']
1: 106.0 ['vm1', 'vm2', 'vm3']
2: 0.0 []
3: 108.0 ['vm5', 'vm7', 'vm8']
--------------------------------------------------------------------------------
vm1: ([(0, 1, 22230000000L, 2)], [(True, True, True, True)])
vm2: ([(0, 1, 22860000000L, 3)], [(True, True, True, True)])
vm3: ([(0, 1, 23760000000L, 0)], [(True, True, True, True)])
vm4: ([(0, 1, 22270000000L, 0)], [(True, True, True, True)])
vm5: ([(0, 1, 23330000000L, 1)], [(True, True, True, True)])
vm6: ([(0, 1, 23160000000L, 1)], [(True, True, True, True)])
vm7: ([(0, 1, 23000000000L, 3)], [(True, True, True, True)])
vm8: ([(0, 1, 22550000000L, 1)], [(True, True, True, True)])
--------------------------------------------------------------------------------
0: 66.0 ['vm3', 'vm4']
1: 93.0 ['vm5', 'vm6', 'vm8']
2: 32.0 ['vm1']
3: 62.0 ['vm2', 'vm7']
--------------------------------------------------------------------------------
vm1: ([(0, 1, 22550000000L, 1)], [(True, True, True, True)])
vm2: ([(0, 1, 23150000000L, 1)], [(True, True, True, True)])
vm3: ([(0, 1, 24060000000L, 0)], [(True, True, True, True)])
vm4: ([(0, 1, 22610000000L, 3)], [(True, True, True, True)])
vm5: ([(0, 1, 23660000000L, 1)], [(True, True, True, True)])
vm6: ([(0, 1, 23460000000L, 3)], [(True, True, True, True)])
vm7: ([(0, 1, 23290000000L, 0)], [(True, True, True, True)])
vm8: ([(0, 1, 22860000000L, 2)], [(True, True, True, True)])
--------------------------------------------------------------------------------
0: 59.0 ['vm3', 'vm7']
1: 94.0 ['vm1', 'vm2', 'vm5']
2: 31.0 ['vm8']
3: 64.0 ['vm4', 'vm6']
--------------------------------------------------------------------------------
vm1: ([(0, 1, 22880000000L, 3)], [(True, True, True, True)])
vm2: ([(0, 1, 23470000000L, 0)], [(True, True, True, True)])
vm3: ([(0, 1, 24380000000L, 0)], [(True, True, True, True)])
vm4: ([(0, 1, 22930000000L, 3)], [(True, True, True, True)])
vm5: ([(0, 1, 23970000000L, 3)], [(True, True, True, True)])
vm6: ([(0, 1, 23750000000L, 0)], [(True, True, True, True)])
vm7: ([(0, 1, 23590000000L, 1)], [(True, True, True, True)])
vm8: ([(0, 1, 23160000000L, 1)], [(True, True, True, True)])
--------------------------------------------------------------------------------
0: 93.0 ['vm2', 'vm3', 'vm6']
1: 60.0 ['vm7', 'vm8']
2: 0.0 []
3: 96.0 ['vm1', 'vm4', 'vm5']
--------------------------------------------------------------------------------
vm1: ([(0, 1, 23160000000L, 1)], [(True, True, True, True)])
vm2: ([(0, 1, 23780000000L, 0)], [(True, True, True, True)])
vm3: ([(0, 1, 24710000000L, 1)], [(True, True, True, True)])
vm4: ([(0, 1, 23240000000L, 1)], [(True, True, True, True)])
vm5: ([(0, 1, 24260000000L, 3)], [(True, True, True, True)])
vm6: ([(0, 1, 24070000000L, 3)], [(True, True, True, True)])
vm7: ([(0, 1, 23880000000L, 2)], [(True, True, True, True)])
vm8: ([(0, 1, 23460000000L, 0)], [(True, True, True, True)])
--------------------------------------------------------------------------------
0: 61.0 ['vm2', 'vm8']
1: 92.0 ['vm1', 'vm3', 'vm4']
2: 29.0 ['vm7']
3: 61.0 ['vm5', 'vm6']
--------------------------------------------------------------------------------
vm1: ([(0, 1, 23490000000L, 3)], [(True, True, True, True)])
vm2: ([(0, 1, 24090000000L, 2)], [(True, True, True, True)])
vm3: ([(0, 1, 25030000000L, 2)], [(True, True, True, True)])
vm4: ([(0, 1, 23570000000L, 0)], [(True, True, True, True)])
vm5: ([(0, 1, 24600000000L, 0)], [(True, True, True, True)])
vm6: ([(0, 1, 24410000000L, 1)], [(True, True, True, True)])
vm7: ([(0, 1, 24210000000L, 0)], [(True, True, True, True)])
vm8: ([(0, 1, 23770000000L, 3)], [(True, True, True, True)])
--------------------------------------------------------------------------------
0: 100.0 ['vm4', 'vm5', 'vm7']
1: 34.0 ['vm6']
2: 63.0 ['vm2', 'vm3']
3: 64.0 ['vm1', 'vm8']
--------------------------------------------------------------------------------
vm1: ([(0, 1, 23790000000L, 0)], [(True, True, True, True)])
vm2: ([(0, 1, 24380000000L, 1)], [(True, True, True, True)])
vm3: ([(0, 1, 25300000000L, 3)], [(True, True, True, True)])
vm4: ([(0, 1, 23880000000L, 0)], [(True, True, True, True)])
vm5: ([(0, 1, 24870000000L, 1)], [(True, True, True, True)])
vm6: ([(0, 1, 24680000000L, 1)], [(True, True, True, True)])
vm7: ([(0, 1, 24500000000L, 3)], [(True, True, True, True)])
vm8: ([(0, 1, 24100000000L, 3)], [(True, True, True, True)])
--------------------------------------------------------------------------------
0: 61.0 ['vm1', 'vm4']
1: 83.0 ['vm2', 'vm5', 'vm6']
2: 0.0 []
3: 89.0 ['vm3', 'vm7', 'vm8']
--------------------------------------------------------------------------------
vm1: ([(0, 1, 24120000000L, 1)], [(True, True, True, True)])
vm2: ([(0, 1, 24710000000L, 3)], [(True, True, True, True)])
vm3: ([(0, 1, 25630000000L, 0)], [(True, True, True, True)])
vm4: ([(0, 1, 24240000000L, 0)], [(True, True, True, True)])
vm5: ([(0, 1, 25210000000L, 1)], [(True, True, True, True)])
vm6: ([(0, 1, 25020000000L, 3)], [(True, True, True, True)])
vm7: ([(0, 1, 24820000000L, 3)], [(True, True, True, True)])
vm8: ([(0, 1, 24440000000L, 0)], [(True, True, True, True)])
--------------------------------------------------------------------------------
0: 103.0 ['vm3', 'vm4', 'vm8']
1: 67.0 ['vm1', 'vm5']
2: 0.0 []
3: 99.0 ['vm2', 'vm6', 'vm7']
--------------------------------------------------------------------------------
vm1: ([(0, 1, 24440000000L, 0)], [(True, True, True, True)])
vm2: ([(0, 1, 25040000000L, 3)], [(True, True, True, True)])
vm3: ([(0, 1, 25960000000L, 2)], [(True, True, True, True)])
vm4: ([(0, 1, 24560000000L, 2)], [(True, True, True, True)])
vm5: ([(0, 1, 25540000000L, 3)], [(True, True, True, True)])
vm6: ([(0, 1, 25320000000L, 2)], [(True, True, True, True)])
vm7: ([(0, 1, 25160000000L, 3)], [(True, True, True, True)])
vm8: ([(0, 1, 24780000000L, 0)], [(True, True, True, True)])
--------------------------------------------------------------------------------
0: 66.0 ['vm1', 'vm8']
1: 0.0 []
2: 95.0 ['vm3', 'vm4', 'vm6']
3: 100.0 ['vm2', 'vm5', 'vm7']
--------------------------------------------------------------------------------
vm1: ([(0, 1, 24780000000L, 3)], [(True, True, True, True)])
vm2: ([(0, 1, 25360000000L, 0)], [(True, True, True, True)])
vm3: ([(0, 1, 26290000000L, 2)], [(True, True, True, True)])
vm4: ([(0, 1, 24890000000L, 0)], [(True, True, True, True)])
vm5: ([(0, 1, 25870000000L, 2)], [(True, True, True, True)])
vm6: ([(0, 1, 25650000000L, 3)], [(True, True, True, True)])
vm7: ([(0, 1, 25510000000L, 2)], [(True, True, True, True)])
vm8: ([(0, 1, 25110000000L, 0)], [(True, True, True, True)])
--------------------------------------------------------------------------------
0: 98.0 ['vm2', 'vm4', 'vm8']
1: 0.0 []
2: 101.0 ['vm3', 'vm5', 'vm7']
3: 67.0 ['vm1', 'vm6']
--------------------------------------------------------------------------------
vm1: ([(0, 1, 25090000000L, 0)], [(True, True, True, True)])
vm2: ([(0, 1, 25710000000L, 2)], [(True, True, True, True)])
vm3: ([(0, 1, 26610000000L, 1)], [(True, True, True, True)])
vm4: ([(0, 1, 25230000000L, 0)], [(True, True, True, True)])
vm5: ([(0, 1, 26190000000L, 2)], [(True, True, True, True)])
vm6: ([(0, 1, 25970000000L, 1)], [(True, True, True, True)])
vm7: ([(0, 1, 25840000000L, 2)], [(True, True, True, True)])
vm8: ([(0, 1, 25450000000L, 0)], [(True, True, True, True)])
--------------------------------------------------------------------------------
0: 99.0 ['vm1', 'vm4', 'vm8']
1: 64.0 ['vm3', 'vm6']
2: 100.0 ['vm2', 'vm5', 'vm7']
3: 0.0 []
--------------------------------------------------------------------------------
vm1: ([(0, 1, 25360000000L, 0)], [(True, False, False, False)])
vm2: ([(0, 1, 26000000000L, 3)], [(False, False, False, True)])
vm3: ([(0, 1, 26900000000L, 3)], [(False, False, False, True)])
vm4: ([(0, 1, 25520000000L, 1)], [(False, True, False, False)])
vm5: ([(0, 1, 26500000000L, 2)], [(False, False, True, False)])
vm6: ([(0, 1, 26260000000L, 1)], [(False, True, False, False)])
vm7: ([(0, 1, 26170000000L, 2)], [(False, False, True, False)])
vm8: ([(0, 1, 25720000000L, 0)], [(True, False, False, False)])
--------------------------------------------------------------------------------
0: 54.0 ['vm1', 'vm8']
1: 58.0 ['vm4', 'vm6']
2: 64.0 ['vm5', 'vm7']
3: 58.0 ['vm2', 'vm3']
--------------------------------------------------------------------------------
vm1: ([(0, 1, 25640000000L, 0)], [(True, False, False, False)])
vm2: ([(0, 1, 26330000000L, 3)], [(False, False, False, True)])
vm3: ([(0, 1, 27220000000L, 3)], [(False, False, False, True)])
vm4: ([(0, 1, 25810000000L, 1)], [(False, True, False, False)])
vm5: ([(0, 1, 26810000000L, 2)], [(False, False, True, False)])
vm6: ([(0, 1, 26550000000L, 1)], [(False, True, False, False)])
vm7: ([(0, 1, 26470000000L, 2)], [(False, False, True, False)])
vm8: ([(0, 1, 25980000000L, 0)], [(True, False, False, False)])
--------------------------------------------------------------------------------
0: 54.0 ['vm1', 'vm8']
1: 58.0 ['vm4', 'vm6']
2: 61.0 ['vm5', 'vm7']
3: 65.0 ['vm2', 'vm3']
--------------------------------------------------------------------------------
vm1: ([(0, 1, 25960000000L, 0)], [(True, False, False, False)])
vm2: ([(0, 1, 26560000000L, 3)], [(False, False, False, True)])
vm3: ([(0, 1, 27450000000L, 3)], [(False, False, False, True)])
vm4: ([(0, 1, 26140000000L, 1)], [(False, True, False, False)])
vm5: ([(0, 1, 27100000000L, 2)], [(False, False, True, False)])
vm6: ([(0, 1, 26880000000L, 1)], [(False, True, False, False)])
vm7: ([(0, 1, 26770000000L, 2)], [(False, False, True, False)])
vm8: ([(0, 1, 26310000000L, 0)], [(True, False, False, False)])
--------------------------------------------------------------------------------
0: 65.0 ['vm1', 'vm8']
1: 66.0 ['vm4', 'vm6']
2: 59.0 ['vm5', 'vm7']
3: 46.0 ['vm2', 'vm3']
--------------------------------------------------------------------------------
vm1: ([(0, 1, 26240000000L, 0)], [(True, False, False, False)])
vm2: ([(0, 1, 26850000000L, 3)], [(False, False, False, True)])
vm3: ([(0, 1, 27740000000L, 3)], [(False, False, False, True)])
vm4: ([(0, 1, 26430000000L, 1)], [(False, True, False, False)])
vm5: ([(0, 1, 27390000000L, 2)], [(False, False, True, False)])
vm6: ([(0, 1, 27170000000L, 1)], [(False, True, False, False)])
vm7: ([(0, 1, 27060000000L, 2)], [(False, False, True, False)])
vm8: ([(0, 1, 26590000000L, 0)], [(True, False, False, False)])
--------------------------------------------------------------------------------
0: 56.0 ['vm1', 'vm8']
1: 58.0 ['vm4', 'vm6']
2: 58.0 ['vm5', 'vm7']
3: 58.0 ['vm2', 'vm3']
--------------------------------------------------------------------------------
vm1: ([(0, 1, 26590000000L, 0)], [(True, False, False, False)])
vm2: ([(0, 1, 27110000000L, 3)], [(False, False, False, True)])
vm3: ([(0, 1, 28010000000L, 3)], [(False, False, False, True)])
vm4: ([(0, 1, 26730000000L, 1)], [(False, True, False, False)])
vm5: ([(0, 1, 27650000000L, 2)], [(False, False, True, False)])
vm6: ([(0, 1, 27480000000L, 1)], [(False, True, False, False)])
vm7: ([(0, 1, 27320000000L, 2)], [(False, False, True, False)])
vm8: ([(0, 1, 26940000000L, 0)], [(True, False, False, False)])
--------------------------------------------------------------------------------
0: 70.0 ['vm1', 'vm8']
1: 61.0 ['vm4', 'vm6']
2: 52.0 ['vm5', 'vm7']
3: 53.0 ['vm2', 'vm3']
--------------------------------------------------------------------------------
vm1: ([(0, 1, 26870000000L, 0)], [(True, False, False, False)])
vm2: ([(0, 1, 27410000000L, 3)], [(False, False, False, True)])
vm3: ([(0, 1, 28300000000L, 3)], [(False, False, False, True)])
vm4: ([(0, 1, 26990000000L, 1)], [(False, True, False, False)])
vm5: ([(0, 1, 27980000000L, 2)], [(False, False, True, False)])
vm6: ([(0, 1, 27720000000L, 1)], [(False, True, False, False)])
vm7: ([(0, 1, 27640000000L, 2)], [(False, False, True, False)])
vm8: ([(0, 1, 27220000000L, 0)], [(True, False, False, False)])
--------------------------------------------------------------------------------
0: 56.0 ['vm1', 'vm8']
1: 50.0 ['vm4', 'vm6']
2: 65.0 ['vm5', 'vm7']
3: 59.0 ['vm2', 'vm3']
--------------------------------------------------------------------------------
vm1: ([(0, 1, 27130000000L, 0)], [(True, False, False, False)])
vm2: ([(0, 1, 27720000000L, 3)], [(False, False, False, True)])
vm3: ([(0, 1, 28630000000L, 3)], [(False, False, False, True)])
vm4: ([(0, 1, 27290000000L, 1)], [(False, True, False, False)])
vm5: ([(0, 1, 28290000000L, 2)], [(False, False, True, False)])
vm6: ([(0, 1, 28020000000L, 1)], [(False, True, False, False)])
vm7: ([(0, 1, 27950000000L, 2)], [(False, False, True, False)])
vm8: ([(0, 1, 27490000000L, 0)], [(True, False, False, False)])
--------------------------------------------------------------------------------
0: 53.0 ['vm1', 'vm8']
1: 60.0 ['vm4', 'vm6']
2: 62.0 ['vm5', 'vm7']
3: 64.0 ['vm2', 'vm3']
--------------------------------------------------------------------------------
vm1: ([(0, 1, 27430000000L, 0)], [(True, False, False, False)])
vm2: ([(0, 1, 28030000000L, 3)], [(False, False, False, True)])
vm3: ([(0, 1, 28940000000L, 3)], [(False, False, False, True)])
vm4: ([(0, 1, 27620000000L, 1)], [(False, True, False, False)])
vm5: ([(0, 1, 28600000000L, 2)], [(False, False, True, False)])
vm6: ([(0, 1, 28340000000L, 1)], [(False, True, False, False)])
vm7: ([(0, 1, 28240000000L, 2)], [(False, False, True, False)])
vm8: ([(0, 1, 27780000000L, 0)], [(True, False, False, False)])
--------------------------------------------------------------------------------
0: 59.0 ['vm1', 'vm8']
1: 65.0 ['vm4', 'vm6']
2: 60.0 ['vm5', 'vm7']
3: 62.0 ['vm2', 'vm3']
--------------------------------------------------------------------------------
vm1: ([(0, 1, 27730000000L, 0)], [(True, False, False, False)])
vm2: ([(0, 1, 28360000000L, 3)], [(False, False, False, True)])
vm3: ([(0, 1, 29260000000L, 3)], [(False, False, False, True)])
vm4: ([(0, 1, 27920000000L, 1)], [(False, True, False, False)])
vm5: ([(0, 1, 28900000000L, 2)], [(False, False, True, False)])
vm6: ([(0, 1, 28650000000L, 1)], [(False, True, False, False)])
vm7: ([(0, 1, 28560000000L, 2)], [(False, False, True, False)])
vm8: ([(0, 1, 28080000000L, 0)], [(True, False, False, False)])
--------------------------------------------------------------------------------
0: 60.0 ['vm1', 'vm8']
1: 61.0 ['vm4', 'vm6']
2: 62.0 ['vm5', 'vm7']
3: 65.0 ['vm2', 'vm3']
--------------------------------------------------------------------------------
vm1: ([(0, 1, 28040000000L, 0)], [(True, False, False, False)])
vm2: ([(0, 1, 28680000000L, 3)], [(False, False, False, True)])
vm3: ([(0, 1, 29590000000L, 3)], [(False, False, False, True)])
vm4: ([(0, 1, 28220000000L, 1)], [(False, True, False, False)])
vm5: ([(0, 1, 29190000000L, 2)], [(False, False, True, False)])
vm6: ([(0, 1, 28940000000L, 1)], [(False, True, False, False)])
vm7: ([(0, 1, 28840000000L, 2)], [(False, False, True, False)])
vm8: ([(0, 1, 28390000000L, 0)], [(True, False, False, False)])
--------------------------------------------------------------------------------
0: 62.0 ['vm1', 'vm8']
1: 59.0 ['vm4', 'vm6']
2: 57.0 ['vm5', 'vm7']
3: 65.0 ['vm2', 'vm3']
--------------------------------------------------------------------------------
vm1: ([(0, 1, 28340000000L, 0)], [(True, False, False, False)])
vm2: ([(0, 1, 28990000000L, 3)], [(False, False, False, True)])
vm3: ([(0, 1, 29900000000L, 3)], [(False, False, False, True)])
vm4: ([(0, 1, 28520000000L, 1)], [(False, True, False, False)])
vm5: ([(0, 1, 29500000000L, 2)], [(False, False, True, False)])
vm6: ([(0, 1, 29240000000L, 1)], [(False, True, False, False)])
vm7: ([(0, 1, 29150000000L, 2)], [(False, False, True, False)])
vm8: ([(0, 1, 28690000000L, 0)], [(True, False, False, False)])
--------------------------------------------------------------------------------
0: 60.0 ['vm1', 'vm8']
1: 60.0 ['vm4', 'vm6']
2: 62.0 ['vm5', 'vm7']
3: 62.0 ['vm2', 'vm3']
--------------------------------------------------------------------------------
vm1: ([(0, 1, 28660000000L, 0)], [(True, False, False, False)])
vm2: ([(0, 1, 29290000000L, 3)], [(False, False, False, True)])
vm3: ([(0, 1, 30200000000L, 3)], [(False, False, False, True)])
vm4: ([(0, 1, 28820000000L, 1)], [(False, True, False, False)])
vm5: ([(0, 1, 29810000000L, 2)], [(False, False, True, False)])
vm6: ([(0, 1, 29540000000L, 1)], [(False, True, False, False)])
vm7: ([(0, 1, 29460000000L, 2)], [(False, False, True, False)])
vm8: ([(0, 1, 29010000000L, 0)], [(True, False, False, False)])
--------------------------------------------------------------------------------
0: 64.0 ['vm1', 'vm8']
1: 60.0 ['vm4', 'vm6']
2: 62.0 ['vm5', 'vm7']
3: 60.0 ['vm2', 'vm3']
--------------------------------------------------------------------------------
vm1: ([(0, 1, 28960000000L, 0)], [(True, False, False, False)])
vm2: ([(0, 1, 29610000000L, 3)], [(False, False, False, True)])
vm3: ([(0, 1, 30520000000L, 3)], [(False, False, False, True)])
vm4: ([(0, 1, 29100000000L, 1)], [(False, True, False, False)])
vm5: ([(0, 1, 30140000000L, 2)], [(False, False, True, False)])
vm6: ([(0, 1, 29820000000L, 1)], [(False, True, False, False)])
vm7: ([(0, 1, 29790000000L, 2)], [(False, False, True, False)])
vm8: ([(0, 1, 29310000000L, 0)], [(True, False, False, False)])
--------------------------------------------------------------------------------
0: 60.0 ['vm1', 'vm8']
1: 56.0 ['vm4', 'vm6']
2: 66.0 ['vm5', 'vm7']
3: 64.0 ['vm2', 'vm3']
--------------------------------------------------------------------------------
vm1: ([(0, 1, 29300000000L, 0)], [(True, False, False, False)])
vm2: ([(0, 1, 29890000000L, 3)], [(False, False, False, True)])
vm3: ([(0, 1, 30800000000L, 3)], [(False, False, False, True)])
vm4: ([(0, 1, 29410000000L, 1)], [(False, True, False, False)])
vm5: ([(0, 1, 30440000000L, 2)], [(False, False, True, False)])
vm6: ([(0, 1, 30130000000L, 1)], [(False, True, False, False)])
vm7: ([(0, 1, 30090000000L, 2)], [(False, False, True, False)])
vm8: ([(0, 1, 29650000000L, 0)], [(True, False, False, False)])
--------------------------------------------------------------------------------
0: 68.0 ['vm1', 'vm8']
1: 62.0 ['vm4', 'vm6']
2: 60.0 ['vm5', 'vm7']
3: 56.0 ['vm2', 'vm3']
--------------------------------------------------------------------------------
vm1: ([(0, 1, 29620000000L, 0)], [(True, False, False, False)])
vm2: ([(0, 1, 30240000000L, 3)], [(False, False, False, True)])
vm3: ([(0, 1, 31150000000L, 3)], [(False, False, False, True)])
vm4: ([(0, 1, 29700000000L, 1)], [(False, True, False, False)])
vm5: ([(0, 1, 30700000000L, 2)], [(False, False, True, False)])
vm6: ([(0, 1, 30430000000L, 1)], [(False, True, False, False)])
vm7: ([(0, 1, 30360000000L, 2)], [(False, False, True, False)])
vm8: ([(0, 1, 29970000000L, 0)], [(True, False, False, False)])
--------------------------------------------------------------------------------
0: 64.0 ['vm1', 'vm8']
1: 59.0 ['vm4', 'vm6']
2: 53.0 ['vm5', 'vm7']
3: 70.0 ['vm2', 'vm3']
--------------------------------------------------------------------------------
vm1: ([(0, 1, 29940000000L, 0)], [(True, False, False, False)])
vm2: ([(0, 1, 30540000000L, 3)], [(False, False, False, True)])
vm3: ([(0, 1, 31440000000L, 3)], [(False, False, False, True)])
vm4: ([(0, 1, 30020000000L, 1)], [(False, True, False, False)])
vm5: ([(0, 1, 31000000000L, 2)], [(False, False, True, False)])
vm6: ([(0, 1, 30730000000L, 1)], [(False, True, False, False)])
vm7: ([(0, 1, 30650000000L, 2)], [(False, False, True, False)])
vm8: ([(0, 1, 30290000000L, 0)], [(True, False, False, False)])
--------------------------------------------------------------------------------
0: 64.0 ['vm1', 'vm8']
1: 62.0 ['vm4', 'vm6']
2: 59.0 ['vm5', 'vm7']
3: 59.0 ['vm2', 'vm3']
--------------------------------------------------------------------------------
vm1: ([(0, 1, 30250000000L, 0)], [(True, False, False, False)])
vm2: ([(0, 1, 30870000000L, 3)], [(False, False, False, True)])
vm3: ([(0, 1, 31780000000L, 3)], [(False, False, False, True)])
vm4: ([(0, 1, 30330000000L, 1)], [(False, True, False, False)])
vm5: ([(0, 1, 31290000000L, 2)], [(False, False, True, False)])
vm6: ([(0, 1, 31060000000L, 1)], [(False, True, False, False)])
vm7: ([(0, 1, 30940000000L, 2)], [(False, False, True, False)])
vm8: ([(0, 1, 30600000000L, 0)], [(True, False, False, False)])
--------------------------------------------------------------------------------
0: 62.0 ['vm1', 'vm8']
1: 64.0 ['vm4', 'vm6']
2: 58.0 ['vm5', 'vm7']
3: 67.0 ['vm2', 'vm3']
--------------------------------------------------------------------------------
vm1: ([(0, 1, 30580000000L, 0)], [(True, False, False, False)])
vm2: ([(0, 1, 31170000000L, 3)], [(False, False, False, True)])
vm3: ([(0, 1, 32070000000L, 3)], [(False, False, False, True)])
vm4: ([(0, 1, 30620000000L, 1)], [(False, True, False, False)])
vm5: ([(0, 1, 31590000000L, 2)], [(False, False, True, False)])
vm6: ([(0, 1, 31340000000L, 1)], [(False, True, False, False)])
vm7: ([(0, 1, 31250000000L, 2)], [(False, False, True, False)])
vm8: ([(0, 1, 30940000000L, 0)], [(True, False, False, False)])
--------------------------------------------------------------------------------
0: 67.0 ['vm1', 'vm8']
1: 57.0 ['vm4', 'vm6']
2: 61.0 ['vm5', 'vm7']
3: 59.0 ['vm2', 'vm3']
--------------------------------------------------------------------------------
vm1: ([(0, 1, 30880000000L, 0)], [(True, False, False, False)])
vm2: ([(0, 1, 31480000000L, 3)], [(False, False, False, True)])
vm3: ([(0, 1, 32380000000L, 3)], [(False, False, False, True)])
vm4: ([(0, 1, 30930000000L, 1)], [(False, True, False, False)])
vm5: ([(0, 1, 31920000000L, 2)], [(False, False, True, False)])
vm6: ([(0, 1, 31650000000L, 1)], [(False, True, False, False)])
vm7: ([(0, 1, 31550000000L, 2)], [(False, False, True, False)])
vm8: ([(0, 1, 31240000000L, 0)], [(True, False, False, False)])
--------------------------------------------------------------------------------
0: 60.0 ['vm1', 'vm8']
1: 62.0 ['vm4', 'vm6']
2: 63.0 ['vm5', 'vm7']
3: 62.0 ['vm2', 'vm3']
--------------------------------------------------------------------------------
vm1: ([(0, 1, 31190000000L, 0)], [(True, False, False, False)])
vm2: ([(0, 1, 31800000000L, 3)], [(False, False, False, True)])
vm3: ([(0, 1, 32700000000L, 3)], [(False, False, False, True)])
vm4: ([(0, 1, 31200000000L, 1)], [(False, True, False, False)])
vm5: ([(0, 1, 32220000000L, 2)], [(False, False, True, False)])
vm6: ([(0, 1, 31930000000L, 1)], [(False, True, False, False)])
vm7: ([(0, 1, 31860000000L, 2)], [(False, False, True, False)])
vm8: ([(0, 1, 31550000000L, 0)], [(True, False, False, False)])
--------------------------------------------------------------------------------
0: 62.0 ['vm1', 'vm8']
1: 55.0 ['vm4', 'vm6']
2: 61.0 ['vm5', 'vm7']
3: 64.0 ['vm2', 'vm3']
--------------------------------------------------------------------------------
vm1: ([(0, 1, 31520000000L, 0)], [(True, False, False, False)])
vm2: ([(0, 1, 32110000000L, 3)], [(False, False, False, True)])
vm3: ([(0, 1, 33000000000L, 3)], [(False, False, False, True)])
vm4: ([(0, 1, 31500000000L, 1)], [(False, True, False, False)])
vm5: ([(0, 1, 32520000000L, 2)], [(False, False, True, False)])
vm6: ([(0, 1, 32230000000L, 1)], [(False, True, False, False)])
vm7: ([(0, 1, 32160000000L, 2)], [(False, False, True, False)])
vm8: ([(0, 1, 31880000000L, 0)], [(True, False, False, False)])
--------------------------------------------------------------------------------
0: 66.0 ['vm1', 'vm8']
1: 60.0 ['vm4', 'vm6']
2: 60.0 ['vm5', 'vm7']
3: 61.0 ['vm2', 'vm3']
--------------------------------------------------------------------------------
vm1: ([(0, 1, 31820000000L, 0)], [(True, False, False, False)])
vm2: ([(0, 1, 32410000000L, 3)], [(False, False, False, True)])
vm3: ([(0, 1, 33320000000L, 3)], [(False, False, False, True)])
vm4: ([(0, 1, 31810000000L, 1)], [(False, True, False, False)])
vm5: ([(0, 1, 32840000000L, 2)], [(False, False, True, False)])
vm6: ([(0, 1, 32550000000L, 1)], [(False, True, False, False)])
vm7: ([(0, 1, 32470000000L, 2)], [(False, False, True, False)])
vm8: ([(0, 1, 32170000000L, 0)], [(True, False, False, False)])
--------------------------------------------------------------------------------
0: 59.0 ['vm1', 'vm8']
1: 63.0 ['vm4', 'vm6']
2: 63.0 ['vm5', 'vm7']
3: 62.0 ['vm2', 'vm3']
--------------------------------------------------------------------------------
vm1: ([(0, 1, 32140000000L, 0)], [(True, False, False, False)])
vm2: ([(0, 1, 32710000000L, 3)], [(False, False, False, True)])
vm3: ([(0, 1, 33620000000L, 3)], [(False, False, False, True)])
vm4: ([(0, 1, 32100000000L, 1)], [(False, True, False, False)])
vm5: ([(0, 1, 33180000000L, 2)], [(False, False, True, False)])
vm6: ([(0, 1, 32840000000L, 1)], [(False, True, False, False)])
vm7: ([(0, 1, 32820000000L, 2)], [(False, False, True, False)])
vm8: ([(0, 1, 32500000000L, 0)], [(True, False, False, False)])
--------------------------------------------------------------------------------
0: 65.0 ['vm1', 'vm8']
1: 58.0 ['vm4', 'vm6']
2: 69.0 ['vm5', 'vm7']
3: 60.0 ['vm2', 'vm3']
--------------------------------------------------------------------------------
vm1: ([(0, 1, 32480000000L, 0)], [(True, False, False, False)])
vm2: ([(0, 1, 33030000000L, 3)], [(False, False, False, True)])
vm3: ([(0, 1, 33930000000L, 3)], [(False, False, False, True)])
vm4: ([(0, 1, 32410000000L, 1)], [(False, True, False, False)])
vm5: ([(0, 1, 33450000000L, 2)], [(False, False, True, False)])
vm6: ([(0, 1, 33130000000L, 1)], [(False, True, False, False)])
vm7: ([(0, 1, 33090000000L, 2)], [(False, False, True, False)])
vm8: ([(0, 1, 32850000000L, 0)], [(True, False, False, False)])
--------------------------------------------------------------------------------
0: 69.0 ['vm1', 'vm8']
1: 60.0 ['vm4', 'vm6']
2: 54.0 ['vm5', 'vm7']
3: 63.0 ['vm2', 'vm3']
--------------------------------------------------------------------------------
vm1: ([(0, 1, 32770000000L, 0)], [(True, False, False, False)])
vm2: ([(0, 1, 33280000000L, 3)], [(False, False, False, True)])
vm3: ([(0, 1, 34190000000L, 3)], [(False, False, False, True)])
vm4: ([(0, 1, 32760000000L, 1)], [(False, True, False, False)])
vm5: ([(0, 1, 33780000000L, 2)], [(False, False, True, False)])
vm6: ([(0, 1, 33480000000L, 1)], [(False, True, False, False)])
vm7: ([(0, 1, 33410000000L, 2)], [(False, False, True, False)])
vm8: ([(0, 1, 33120000000L, 0)], [(True, False, False, False)])
--------------------------------------------------------------------------------
0: 56.0 ['vm1', 'vm8']
1: 70.0 ['vm4', 'vm6']
2: 65.0 ['vm5', 'vm7']
3: 51.0 ['vm2', 'vm3']
--------------------------------------------------------------------------------
vm1: ([(0, 1, 33130000000L, 0)], [(True, False, False, False)])
vm2: ([(0, 1, 33520000000L, 3)], [(False, False, False, True)])
vm3: ([(0, 1, 34420000000L, 3)], [(False, False, False, True)])
vm4: ([(0, 1, 33060000000L, 1)], [(False, True, False, False)])
vm5: ([(0, 1, 34110000000L, 2)], [(False, False, True, False)])
vm6: ([(0, 1, 33790000000L, 1)], [(False, True, False, False)])
vm7: ([(0, 1, 33750000000L, 2)], [(False, False, True, False)])
vm8: ([(0, 1, 33490000000L, 0)], [(True, False, False, False)])
--------------------------------------------------------------------------------
0: 73.0 ['vm1', 'vm8']
1: 61.0 ['vm4', 'vm6']
2: 67.0 ['vm5', 'vm7']
3: 47.0 ['vm2', 'vm3']
--------------------------------------------------------------------------------
vm1: ([(0, 1, 33450000000L, 0)], [(True, False, False, False)])
vm2: ([(0, 1, 33830000000L, 3)], [(False, False, False, True)])
vm3: ([(0, 1, 34740000000L, 3)], [(False, False, False, True)])
vm4: ([(0, 1, 33390000000L, 1)], [(False, True, False, False)])
vm5: ([(0, 1, 34370000000L, 2)], [(False, False, True, False)])
vm6: ([(0, 1, 34120000000L, 1)], [(False, True, False, False)])
vm7: ([(0, 1, 34010000000L, 2)], [(False, False, True, False)])
vm8: ([(0, 1, 33810000000L, 0)], [(True, False, False, False)])
--------------------------------------------------------------------------------
0: 64.0 ['vm1', 'vm8']
1: 66.0 ['vm4', 'vm6']
2: 52.0 ['vm5', 'vm7']
3: 63.0 ['vm2', 'vm3']
--------------------------------------------------------------------------------
vm1: ([(0, 1, 33750000000L, 0)], [(True, False, False, False)])
vm2: ([(0, 1, 34150000000L, 3)], [(False, False, False, True)])
vm3: ([(0, 1, 35050000000L, 3)], [(False, False, False, True)])
vm4: ([(0, 1, 33640000000L, 1)], [(False, True, False, False)])
vm5: ([(0, 1, 34710000000L, 2)], [(False, False, True, False)])
vm6: ([(0, 1, 34360000000L, 1)], [(False, True, False, False)])
vm7: ([(0, 1, 34340000000L, 2)], [(False, False, True, False)])
vm8: ([(0, 1, 34100000000L, 0)], [(True, False, False, False)])
--------------------------------------------------------------------------------
0: 59.0 ['vm1', 'vm8']
1: 49.0 ['vm4', 'vm6']
2: 67.0 ['vm5', 'vm7']
3: 63.0 ['vm2', 'vm3']
--------------------------------------------------------------------------------
vm1: ([(0, 1, 34090000000L, 0)], [(True, False, False, False)])
vm2: ([(0, 1, 34450000000L, 3)], [(False, False, False, True)])
vm3: ([(0, 1, 35340000000L, 3)], [(False, False, False, True)])
vm4: ([(0, 1, 33980000000L, 1)], [(False, True, False, False)])
vm5: ([(0, 1, 34980000000L, 2)], [(False, False, True, False)])
vm6: ([(0, 1, 34700000000L, 1)], [(False, True, False, False)])
vm7: ([(0, 1, 34610000000L, 2)], [(False, False, True, False)])
vm8: ([(0, 1, 34450000000L, 0)], [(True, False, False, False)])
--------------------------------------------------------------------------------
0: 69.0 ['vm1', 'vm8']
1: 68.0 ['vm4', 'vm6']
2: 54.0 ['vm5', 'vm7']
3: 59.0 ['vm2', 'vm3']
--------------------------------------------------------------------------------
vm1: ([(0, 1, 34390000000L, 0)], [(True, False, False, False)])
vm2: ([(0, 1, 34790000000L, 3)], [(False, False, False, True)])
vm3: ([(0, 1, 35690000000L, 3)], [(False, False, False, True)])
vm4: ([(0, 1, 34300000000L, 1)], [(False, True, False, False)])
vm5: ([(0, 1, 35290000000L, 2)], [(False, False, True, False)])
vm6: ([(0, 1, 35020000000L, 1)], [(False, True, False, False)])
vm7: ([(0, 1, 34920000000L, 2)], [(False, False, True, False)])
vm8: ([(0, 1, 34740000000L, 0)], [(True, False, False, False)])
--------------------------------------------------------------------------------
0: 59.0 ['vm1', 'vm8']
1: 64.0 ['vm4', 'vm6']
2: 62.0 ['vm5', 'vm7']
3: 69.0 ['vm2', 'vm3']
--------------------------------------------------------------------------------
vm1: ([(0, 1, 34720000000L, 0)], [(True, False, False, False)])
vm2: ([(0, 1, 35090000000L, 3)], [(False, False, False, True)])
vm3: ([(0, 1, 35990000000L, 3)], [(False, False, False, True)])
vm4: ([(0, 1, 34590000000L, 1)], [(False, True, False, False)])
vm5: ([(0, 1, 35580000000L, 2)], [(False, False, True, False)])
vm6: ([(0, 1, 35320000000L, 1)], [(False, True, False, False)])
vm7: ([(0, 1, 35200000000L, 2)], [(False, False, True, False)])
vm8: ([(0, 1, 35080000000L, 0)], [(True, False, False, False)])
--------------------------------------------------------------------------------
0: 67.0 ['vm1', 'vm8']
1: 59.0 ['vm4', 'vm6']
2: 57.0 ['vm5', 'vm7']
3: 60.0 ['vm2', 'vm3']
--------------------------------------------------------------------------------
^CTraceback (most recent call last):
  File "monitor.py", line 72, in <module>
    s.run()
  File "/usr/lib/python2.7/sched.py", line 111, in run
    delayfunc(time - now)
KeyboardInterrupt
]0;habbes@ubuntu: ~/code/class/aos/p1-virtualization/test/cpu[01;32mhabbes@ubuntu[00m:[01;34m~/code/class/aos/p1-virtualization/test/cpu[00m$ exit
exit

Script done on 2019-09-24 06:23:44+0300
