Script started on 2019-09-24 06:27:32+0300
]0;habbes@ubuntu: ~/code/class/aos/p1-virtualization/test/cpu[01;32mhabbes@ubuntu[00m:[01;34m~/code/class/aos/p1-virtualization/test/cpu[00m$ python monitor.py 
vm1: ([(0, 1, 20740000000L, 2)], [(True, True, True, True)])
vm2: ([(0, 1, 20790000000L, 2)], [(True, True, True, True)])
vm3: ([(0, 1, 21070000000L, 2)], [(True, True, True, True)])
vm4: ([(0, 1, 21460000000L, 2)], [(True, True, True, True)])
vm5: ([(0, 1, 20710000000L, 2)], [(True, True, True, True)])
vm6: ([(0, 1, 20690000000L, 2)], [(True, True, True, True)])
vm7: ([(0, 1, 20840000000L, 2)], [(True, True, True, True)])
vm8: ([(0, 1, 20750000000L, 2)], [(True, True, True, True)])
--------------------------------------------------------------------------------
0: 0.0 []
1: 0.0 []
2: 0.0 []
3: 0.0 []
--------------------------------------------------------------------------------
vm1: ([(0, 1, 20760000000L, 2)], [(True, True, True, True)])
vm2: ([(0, 1, 20790000000L, 2)], [(True, True, True, True)])
vm3: ([(0, 1, 21080000000L, 2)], [(True, True, True, True)])
vm4: ([(0, 1, 21460000000L, 2)], [(True, True, True, True)])
vm5: ([(0, 1, 20710000000L, 2)], [(True, True, True, True)])
vm6: ([(0, 1, 20690000000L, 2)], [(True, True, True, True)])
vm7: ([(0, 1, 20850000000L, 2)], [(True, True, True, True)])
vm8: ([(0, 1, 20750000000L, 2)], [(True, True, True, True)])
--------------------------------------------------------------------------------
0: 0.0 []
1: 0.0 []
2: 4.0 ['vm1', 'vm2', 'vm3', 'vm4', 'vm5', 'vm6', 'vm7', 'vm8']
3: 0.0 []
--------------------------------------------------------------------------------
vm1: ([(0, 1, 20760000000L, 2)], [(True, True, True, True)])
vm2: ([(0, 1, 20800000000L, 2)], [(True, True, True, True)])
vm3: ([(0, 1, 21090000000L, 2)], [(True, True, True, True)])
vm4: ([(0, 1, 21460000000L, 2)], [(True, True, True, True)])
vm5: ([(0, 1, 20710000000L, 2)], [(True, True, True, True)])
vm6: ([(0, 1, 20690000000L, 2)], [(True, True, True, True)])
vm7: ([(0, 1, 20850000000L, 2)], [(True, True, True, True)])
vm8: ([(0, 1, 20750000000L, 2)], [(True, True, True, True)])
--------------------------------------------------------------------------------
0: 0.0 []
1: 0.0 []
2: 2.0 ['vm1', 'vm2', 'vm3', 'vm4', 'vm5', 'vm6', 'vm7', 'vm8']
3: 0.0 []
--------------------------------------------------------------------------------
vm1: ([(0, 1, 20760000000L, 2)], [(True, True, True, True)])
vm2: ([(0, 1, 20800000000L, 2)], [(True, True, True, True)])
vm3: ([(0, 1, 21090000000L, 2)], [(True, True, True, True)])
vm4: ([(0, 1, 21460000000L, 2)], [(True, True, True, True)])
vm5: ([(0, 1, 20710000000L, 2)], [(True, True, True, True)])
vm6: ([(0, 1, 20690000000L, 2)], [(True, True, True, True)])
vm7: ([(0, 1, 20850000000L, 2)], [(True, True, True, True)])
vm8: ([(0, 1, 20750000000L, 2)], [(True, True, True, True)])
--------------------------------------------------------------------------------
0: 0.0 []
1: 0.0 []
2: 0.0 ['vm1', 'vm2', 'vm3', 'vm4', 'vm5', 'vm6', 'vm7', 'vm8']
3: 0.0 []
--------------------------------------------------------------------------------
vm1: ([(0, 1, 20760000000L, 2)], [(True, True, True, True)])
vm2: ([(0, 1, 20810000000L, 2)], [(True, True, True, True)])
vm3: ([(0, 1, 21090000000L, 2)], [(True, True, True, True)])
vm4: ([(0, 1, 21460000000L, 2)], [(True, True, True, True)])
vm5: ([(0, 1, 20710000000L, 2)], [(True, True, True, True)])
vm6: ([(0, 1, 20700000000L, 2)], [(True, True, True, True)])
vm7: ([(0, 1, 20850000000L, 2)], [(True, True, True, True)])
vm8: ([(0, 1, 20760000000L, 2)], [(True, True, True, True)])
--------------------------------------------------------------------------------
0: 0.0 []
1: 0.0 []
2: 3.0 ['vm1', 'vm2', 'vm3', 'vm4', 'vm5', 'vm6', 'vm7', 'vm8']
3: 0.0 []
--------------------------------------------------------------------------------
vm1: ([(0, 1, 20760000000L, 2)], [(True, True, True, True)])
vm2: ([(0, 1, 20810000000L, 2)], [(True, True, True, True)])
vm3: ([(0, 1, 21090000000L, 2)], [(True, True, True, True)])
vm4: ([(0, 1, 21460000000L, 2)], [(True, True, True, True)])
vm5: ([(0, 1, 20710000000L, 2)], [(True, True, True, True)])
vm6: ([(0, 1, 20700000000L, 2)], [(True, True, True, True)])
vm7: ([(0, 1, 20850000000L, 2)], [(True, True, True, True)])
vm8: ([(0, 1, 20770000000L, 2)], [(True, True, True, True)])
--------------------------------------------------------------------------------
0: 0.0 []
1: 0.0 []
2: 1.0 ['vm1', 'vm2', 'vm3', 'vm4', 'vm5', 'vm6', 'vm7', 'vm8']
3: 0.0 []
--------------------------------------------------------------------------------
vm1: ([(0, 1, 20760000000L, 2)], [(True, True, True, True)])
vm2: ([(0, 1, 20810000000L, 2)], [(True, True, True, True)])
vm3: ([(0, 1, 21090000000L, 2)], [(True, True, True, True)])
vm4: ([(0, 1, 21470000000L, 2)], [(True, True, True, True)])
vm5: ([(0, 1, 20710000000L, 2)], [(True, True, True, True)])
vm6: ([(0, 1, 20700000000L, 2)], [(True, True, True, True)])
vm7: ([(0, 1, 20850000000L, 2)], [(True, True, True, True)])
vm8: ([(0, 1, 20770000000L, 2)], [(True, True, True, True)])
--------------------------------------------------------------------------------
0: 0.0 []
1: 0.0 []
2: 1.0 ['vm1', 'vm2', 'vm3', 'vm4', 'vm5', 'vm6', 'vm7', 'vm8']
3: 0.0 []
--------------------------------------------------------------------------------
vm1: ([(0, 1, 20760000000L, 1)], [(True, True, True, True)])
vm2: ([(0, 1, 20810000000L, 2)], [(True, True, True, True)])
vm3: ([(0, 1, 21090000000L, 1)], [(True, True, True, True)])
vm4: ([(0, 1, 21480000000L, 2)], [(True, True, True, True)])
vm5: ([(0, 1, 20710000000L, 1)], [(True, True, True, True)])
vm6: ([(0, 1, 20700000000L, 2)], [(True, True, True, True)])
vm7: ([(0, 1, 20850000000L, 2)], [(True, True, True, True)])
vm8: ([(0, 1, 20770000000L, 2)], [(True, True, True, True)])
--------------------------------------------------------------------------------
0: 0.0 []
1: 0.0 ['vm1', 'vm3', 'vm5']
2: 1.0 ['vm2', 'vm4', 'vm6', 'vm7', 'vm8']
3: 0.0 []
--------------------------------------------------------------------------------
vm1: ([(0, 1, 20760000000L, 3)], [(True, True, True, True)])
vm2: ([(0, 1, 20810000000L, 2)], [(True, True, True, True)])
vm3: ([(0, 1, 21090000000L, 1)], [(True, True, True, True)])
vm4: ([(0, 1, 21480000000L, 2)], [(True, True, True, True)])
vm5: ([(0, 1, 20720000000L, 1)], [(True, True, True, True)])
vm6: ([(0, 1, 20700000000L, 2)], [(True, True, True, True)])
vm7: ([(0, 1, 20850000000L, 2)], [(True, True, True, True)])
vm8: ([(0, 1, 20770000000L, 2)], [(True, True, True, True)])
--------------------------------------------------------------------------------
0: 0.0 []
1: 1.0 ['vm3', 'vm5']
2: 0.0 ['vm2', 'vm4', 'vm6', 'vm7', 'vm8']
3: 0.0 ['vm1']
--------------------------------------------------------------------------------
vm1: ([(0, 1, 20770000000L, 3)], [(True, True, True, True)])
vm2: ([(0, 1, 20810000000L, 2)], [(True, True, True, True)])
vm3: ([(0, 1, 21090000000L, 1)], [(True, True, True, True)])
vm4: ([(0, 1, 21480000000L, 2)], [(True, True, True, True)])
vm5: ([(0, 1, 20720000000L, 1)], [(True, True, True, True)])
vm6: ([(0, 1, 20700000000L, 2)], [(True, True, True, True)])
vm7: ([(0, 1, 20850000000L, 2)], [(True, True, True, True)])
vm8: ([(0, 1, 20770000000L, 2)], [(True, True, True, True)])
--------------------------------------------------------------------------------
0: 0.0 []
1: 0.0 ['vm3', 'vm5']
2: 0.0 ['vm2', 'vm4', 'vm6', 'vm7', 'vm8']
3: 1.0 ['vm1']
--------------------------------------------------------------------------------
vm1: ([(0, 1, 20770000000L, 3)], [(True, True, True, True)])
vm2: ([(0, 1, 20810000000L, 2)], [(True, True, True, True)])
vm3: ([(0, 1, 21090000000L, 1)], [(True, True, True, True)])
vm4: ([(0, 1, 21480000000L, 2)], [(True, True, True, True)])
vm5: ([(0, 1, 20720000000L, 1)], [(True, True, True, True)])
vm6: ([(0, 1, 20700000000L, 1)], [(True, True, True, True)])
vm7: ([(0, 1, 20850000000L, 2)], [(True, True, True, True)])
vm8: ([(0, 1, 20770000000L, 1)], [(True, True, True, True)])
--------------------------------------------------------------------------------
0: 0.0 []
1: 0.0 ['vm3', 'vm5', 'vm6', 'vm8']
2: 0.0 ['vm2', 'vm4', 'vm7']
3: 0.0 ['vm1']
--------------------------------------------------------------------------------
vm1: ([(0, 1, 20770000000L, 3)], [(True, True, True, True)])
vm2: ([(0, 1, 20820000000L, 2)], [(True, True, True, True)])
vm3: ([(0, 1, 21090000000L, 1)], [(True, True, True, True)])
vm4: ([(0, 1, 21480000000L, 2)], [(True, True, True, True)])
vm5: ([(0, 1, 20720000000L, 1)], [(True, True, True, True)])
vm6: ([(0, 1, 20700000000L, 1)], [(True, True, True, True)])
vm7: ([(0, 1, 20850000000L, 2)], [(True, True, True, True)])
vm8: ([(0, 1, 20770000000L, 1)], [(True, True, True, True)])
--------------------------------------------------------------------------------
0: 0.0 []
1: 0.0 ['vm3', 'vm5', 'vm6', 'vm8']
2: 1.0 ['vm2', 'vm4', 'vm7']
3: 0.0 ['vm1']
--------------------------------------------------------------------------------
vm1: ([(0, 1, 20770000000L, 3)], [(True, True, True, True)])
vm2: ([(0, 1, 20820000000L, 2)], [(True, True, True, True)])
vm3: ([(0, 1, 21100000000L, 2)], [(True, True, True, True)])
vm4: ([(0, 1, 21480000000L, 2)], [(True, True, True, True)])
vm5: ([(0, 1, 20720000000L, 2)], [(True, True, True, True)])
vm6: ([(0, 1, 20710000000L, 1)], [(True, True, True, True)])
vm7: ([(0, 1, 20860000000L, 0)], [(True, True, True, True)])
vm8: ([(0, 1, 20770000000L, 1)], [(True, True, True, True)])
--------------------------------------------------------------------------------
0: 1.0 ['vm7']
1: 1.0 ['vm6', 'vm8']
2: 1.0 ['vm2', 'vm3', 'vm4', 'vm5']
3: 0.0 ['vm1']
--------------------------------------------------------------------------------
vm1: ([(0, 1, 20770000000L, 0)], [(True, True, True, True)])
vm2: ([(0, 1, 20820000000L, 2)], [(True, True, True, True)])
vm3: ([(0, 1, 21100000000L, 2)], [(True, True, True, True)])
vm4: ([(0, 1, 21480000000L, 2)], [(True, True, True, True)])
vm5: ([(0, 1, 20720000000L, 2)], [(True, True, True, True)])
vm6: ([(0, 1, 20710000000L, 1)], [(True, True, True, True)])
vm7: ([(0, 1, 20870000000L, 0)], [(True, True, True, True)])
vm8: ([(0, 1, 20770000000L, 1)], [(True, True, True, True)])
--------------------------------------------------------------------------------
0: 1.0 ['vm1', 'vm7']
1: 0.0 ['vm6', 'vm8']
2: 0.0 ['vm2', 'vm3', 'vm4', 'vm5']
3: 0.0 []
--------------------------------------------------------------------------------
vm1: ([(0, 1, 20770000000L, 0)], [(True, True, True, True)])
vm2: ([(0, 1, 20820000000L, 2)], [(True, True, True, True)])
vm3: ([(0, 1, 21100000000L, 2)], [(True, True, True, True)])
vm4: ([(0, 1, 21480000000L, 2)], [(True, True, True, True)])
vm5: ([(0, 1, 20730000000L, 2)], [(True, True, True, True)])
vm6: ([(0, 1, 20710000000L, 1)], [(True, True, True, True)])
vm7: ([(0, 1, 20870000000L, 0)], [(True, True, True, True)])
vm8: ([(0, 1, 20780000000L, 2)], [(True, True, True, True)])
--------------------------------------------------------------------------------
0: 0.0 ['vm1', 'vm7']
1: 0.0 ['vm6']
2: 2.0 ['vm2', 'vm3', 'vm4', 'vm5', 'vm8']
3: 0.0 []
--------------------------------------------------------------------------------
vm1: ([(0, 1, 21080000000L, 3)], [(True, True, True, True)])
vm2: ([(0, 1, 21110000000L, 1)], [(True, True, True, True)])
vm3: ([(0, 1, 21340000000L, 2)], [(True, True, True, True)])
vm4: ([(0, 1, 21780000000L, 1)], [(True, True, True, True)])
vm5: ([(0, 1, 20960000000L, 3)], [(True, True, True, True)])
vm6: ([(0, 1, 20880000000L, 2)], [(True, True, True, True)])
vm7: ([(0, 1, 21070000000L, 0)], [(True, True, True, True)])
vm8: ([(0, 1, 20980000000L, 2)], [(True, True, True, True)])
--------------------------------------------------------------------------------
0: 20.0 ['vm7']
1: 59.0 ['vm2', 'vm4']
2: 61.0 ['vm3', 'vm6', 'vm8']
3: 54.0 ['vm1', 'vm5']
--------------------------------------------------------------------------------
vm1: ([(0, 1, 21470000000L, 3)], [(True, True, True, True)])
vm2: ([(0, 1, 21460000000L, 0)], [(True, True, True, True)])
vm3: ([(0, 1, 21710000000L, 1)], [(True, True, True, True)])
vm4: ([(0, 1, 22160000000L, 2)], [(True, True, True, True)])
vm5: ([(0, 1, 21180000000L, 2)], [(True, True, True, True)])
vm6: ([(0, 1, 21150000000L, 1)], [(True, True, True, True)])
vm7: ([(0, 1, 21320000000L, 3)], [(True, True, True, True)])
vm8: ([(0, 1, 21210000000L, 3)], [(True, True, True, True)])
--------------------------------------------------------------------------------
0: 35.0 ['vm2']
1: 64.0 ['vm3', 'vm6']
2: 60.0 ['vm4', 'vm5']
3: 87.0 ['vm1', 'vm7', 'vm8']
--------------------------------------------------------------------------------
vm1: ([(0, 1, 21840000000L, 2)], [(True, True, True, True)])
vm2: ([(0, 1, 21860000000L, 0)], [(True, True, True, True)])
vm3: ([(0, 1, 22050000000L, 3)], [(True, True, True, True)])
vm4: ([(0, 1, 22500000000L, 0)], [(True, True, True, True)])
vm5: ([(0, 1, 21370000000L, 3)], [(True, True, True, True)])
vm6: ([(0, 1, 21320000000L, 1)], [(True, True, True, True)])
vm7: ([(0, 1, 21520000000L, 2)], [(True, True, True, True)])
vm8: ([(0, 1, 21380000000L, 1)], [(True, True, True, True)])
--------------------------------------------------------------------------------
0: 74.0 ['vm2', 'vm4']
1: 34.0 ['vm6', 'vm8']
2: 57.0 ['vm1', 'vm7']
3: 53.0 ['vm3', 'vm5']
--------------------------------------------------------------------------------
vm1: ([(0, 1, 22220000000L, 0)], [(True, True, True, True)])
vm2: ([(0, 1, 22260000000L, 3)], [(True, True, True, True)])
vm3: ([(0, 1, 22420000000L, 0)], [(True, True, True, True)])
vm4: ([(0, 1, 22910000000L, 1)], [(True, True, True, True)])
vm5: ([(0, 1, 21560000000L, 0)], [(True, True, True, True)])
vm6: ([(0, 1, 21530000000L, 2)], [(True, True, True, True)])
vm7: ([(0, 1, 21710000000L, 2)], [(True, True, True, True)])
vm8: ([(0, 1, 21610000000L, 2)], [(True, True, True, True)])
--------------------------------------------------------------------------------
0: 94.0 ['vm1', 'vm3', 'vm5']
1: 41.0 ['vm4']
2: 63.0 ['vm6', 'vm7', 'vm8']
3: 40.0 ['vm2']
--------------------------------------------------------------------------------
vm1: ([(0, 1, 22600000000L, 2)], [(True, True, True, True)])
vm2: ([(0, 1, 22620000000L, 2)], [(True, True, True, True)])
vm3: ([(0, 1, 22810000000L, 0)], [(True, True, True, True)])
vm4: ([(0, 1, 23290000000L, 0)], [(True, True, True, True)])
vm5: ([(0, 1, 21790000000L, 1)], [(True, True, True, True)])
vm6: ([(0, 1, 21720000000L, 3)], [(True, True, True, True)])
vm7: ([(0, 1, 21950000000L, 2)], [(True, True, True, True)])
vm8: ([(0, 1, 21800000000L, 3)], [(True, True, True, True)])
--------------------------------------------------------------------------------
0: 77.0 ['vm3', 'vm4']
1: 23.0 ['vm5']
2: 98.0 ['vm1', 'vm2', 'vm7']
3: 38.0 ['vm6', 'vm8']
--------------------------------------------------------------------------------
vm1: ([(0, 1, 22960000000L, 1)], [(True, True, True, True)])
vm2: ([(0, 1, 22990000000L, 3)], [(True, True, True, True)])
vm3: ([(0, 1, 23170000000L, 0)], [(True, True, True, True)])
vm4: ([(0, 1, 23620000000L, 2)], [(True, True, True, True)])
vm5: ([(0, 1, 21970000000L, 1)], [(True, True, True, True)])
vm6: ([(0, 1, 21930000000L, 2)], [(True, True, True, True)])
vm7: ([(0, 1, 22160000000L, 2)], [(True, True, True, True)])
vm8: ([(0, 1, 21970000000L, 2)], [(True, True, True, True)])
--------------------------------------------------------------------------------
0: 36.0 ['vm3']
1: 54.0 ['vm1', 'vm5']
2: 92.0 ['vm4', 'vm6', 'vm7', 'vm8']
3: 37.0 ['vm2']
--------------------------------------------------------------------------------
vm1: ([(0, 1, 23380000000L, 2)], [(True, True, True, True)])
vm2: ([(0, 1, 23340000000L, 3)], [(True, True, True, True)])
vm3: ([(0, 1, 23580000000L, 0)], [(True, True, True, True)])
vm4: ([(0, 1, 24020000000L, 1)], [(True, True, True, True)])
vm5: ([(0, 1, 22160000000L, 3)], [(True, True, True, True)])
vm6: ([(0, 1, 22130000000L, 0)], [(True, True, True, True)])
vm7: ([(0, 1, 22330000000L, 1)], [(True, True, True, True)])
vm8: ([(0, 1, 22180000000L, 0)], [(True, True, True, True)])
--------------------------------------------------------------------------------
0: 82.0 ['vm3', 'vm6', 'vm8']
1: 57.0 ['vm4', 'vm7']
2: 42.0 ['vm1']
3: 54.0 ['vm2', 'vm5']
--------------------------------------------------------------------------------
vm1: ([(0, 1, 23790000000L, 1)], [(True, True, True, True)])
vm2: ([(0, 1, 23720000000L, 1)], [(True, True, True, True)])
vm3: ([(0, 1, 23990000000L, 2)], [(True, True, True, True)])
vm4: ([(0, 1, 24460000000L, 3)], [(True, True, True, True)])
vm5: ([(0, 1, 22380000000L, 1)], [(True, True, True, True)])
vm6: ([(0, 1, 22330000000L, 2)], [(True, True, True, True)])
vm7: ([(0, 1, 22540000000L, 3)], [(True, True, True, True)])
vm8: ([(0, 1, 22400000000L, 1)], [(True, True, True, True)])
--------------------------------------------------------------------------------
0: 0.0 []
1: 123.0 ['vm1', 'vm2', 'vm5', 'vm8']
2: 61.0 ['vm3', 'vm6']
3: 65.0 ['vm4', 'vm7']
--------------------------------------------------------------------------------
vm1: ([(0, 1, 24200000000L, 3)], [(True, True, True, True)])
vm2: ([(0, 1, 24110000000L, 3)], [(True, True, True, True)])
vm3: ([(0, 1, 24400000000L, 2)], [(True, True, True, True)])
vm4: ([(0, 1, 24860000000L, 3)], [(True, True, True, True)])
vm5: ([(0, 1, 22580000000L, 2)], [(True, True, True, True)])
vm6: ([(0, 1, 22540000000L, 0)], [(True, True, True, True)])
vm7: ([(0, 1, 22750000000L, 0)], [(True, True, True, True)])
vm8: ([(0, 1, 22600000000L, 0)], [(True, True, True, True)])
--------------------------------------------------------------------------------
0: 62.0 ['vm6', 'vm7', 'vm8']
1: 0.0 []
2: 61.0 ['vm3', 'vm5']
3: 120.0 ['vm1', 'vm2', 'vm4']
--------------------------------------------------------------------------------
vm1: ([(0, 1, 24620000000L, 0)], [(True, True, True, True)])
vm2: ([(0, 1, 24510000000L, 1)], [(True, True, True, True)])
vm3: ([(0, 1, 24780000000L, 2)], [(True, True, True, True)])
vm4: ([(0, 1, 25300000000L, 1)], [(True, True, True, True)])
vm5: ([(0, 1, 22800000000L, 0)], [(True, True, True, True)])
vm6: ([(0, 1, 22760000000L, 0)], [(True, True, True, True)])
vm7: ([(0, 1, 22950000000L, 1)], [(True, True, True, True)])
vm8: ([(0, 1, 22780000000L, 3)], [(True, True, True, True)])
--------------------------------------------------------------------------------
0: 86.0 ['vm1', 'vm5', 'vm6']
1: 104.0 ['vm2', 'vm4', 'vm7']
2: 38.0 ['vm3']
3: 18.0 ['vm8']
--------------------------------------------------------------------------------
vm1: ([(0, 1, 25040000000L, 1)], [(True, True, True, True)])
vm2: ([(0, 1, 24940000000L, 3)], [(True, True, True, True)])
vm3: ([(0, 1, 25170000000L, 0)], [(True, True, True, True)])
vm4: ([(0, 1, 25700000000L, 1)], [(True, True, True, True)])
vm5: ([(0, 1, 22990000000L, 0)], [(True, True, True, True)])
vm6: ([(0, 1, 22970000000L, 2)], [(True, True, True, True)])
vm7: ([(0, 1, 23140000000L, 1)], [(True, True, True, True)])
vm8: ([(0, 1, 22990000000L, 0)], [(True, True, True, True)])
--------------------------------------------------------------------------------
0: 79.0 ['vm3', 'vm5', 'vm8']
1: 101.0 ['vm1', 'vm4', 'vm7']
2: 21.0 ['vm6']
3: 43.0 ['vm2']
--------------------------------------------------------------------------------
vm1: ([(0, 1, 25440000000L, 0)], [(True, True, True, True)])
vm2: ([(0, 1, 25320000000L, 2)], [(True, True, True, True)])
vm3: ([(0, 1, 25580000000L, 0)], [(True, True, True, True)])
vm4: ([(0, 1, 26110000000L, 1)], [(True, True, True, True)])
vm5: ([(0, 1, 23200000000L, 3)], [(True, True, True, True)])
vm6: ([(0, 1, 23180000000L, 2)], [(True, True, True, True)])
vm7: ([(0, 1, 23330000000L, 2)], [(True, True, True, True)])
vm8: ([(0, 1, 23230000000L, 1)], [(True, True, True, True)])
--------------------------------------------------------------------------------
0: 81.0 ['vm1', 'vm3']
1: 65.0 ['vm4', 'vm8']
2: 78.0 ['vm2', 'vm6', 'vm7']
3: 21.0 ['vm5']
--------------------------------------------------------------------------------
vm1: ([(0, 1, 25830000000L, 0)], [(True, True, True, True)])
vm2: ([(0, 1, 25740000000L, 0)], [(True, True, True, True)])
vm3: ([(0, 1, 25980000000L, 3)], [(True, True, True, True)])
vm4: ([(0, 1, 26500000000L, 2)], [(True, True, True, True)])
vm5: ([(0, 1, 23390000000L, 3)], [(True, True, True, True)])
vm6: ([(0, 1, 23390000000L, 1)], [(True, True, True, True)])
vm7: ([(0, 1, 23550000000L, 1)], [(True, True, True, True)])
vm8: ([(0, 1, 23430000000L, 3)], [(True, True, True, True)])
--------------------------------------------------------------------------------
0: 81.0 ['vm1', 'vm2']
1: 43.0 ['vm6', 'vm7']
2: 39.0 ['vm4']
3: 79.0 ['vm3', 'vm5', 'vm8']
--------------------------------------------------------------------------------
vm1: ([(0, 1, 26240000000L, 2)], [(True, True, True, True)])
vm2: ([(0, 1, 26170000000L, 1)], [(True, True, True, True)])
vm3: ([(0, 1, 26360000000L, 0)], [(True, True, True, True)])
vm4: ([(0, 1, 26860000000L, 1)], [(True, True, True, True)])
vm5: ([(0, 1, 23610000000L, 0)], [(True, True, True, True)])
vm6: ([(0, 1, 23600000000L, 0)], [(True, True, True, True)])
vm7: ([(0, 1, 23770000000L, 0)], [(True, True, True, True)])
vm8: ([(0, 1, 23650000000L, 2)], [(True, True, True, True)])
--------------------------------------------------------------------------------
0: 103.0 ['vm3', 'vm5', 'vm6', 'vm7']
1: 79.0 ['vm2', 'vm4']
2: 63.0 ['vm1', 'vm8']
3: 0.0 []
--------------------------------------------------------------------------------
vm1: ([(0, 1, 26630000000L, 3)], [(True, True, True, True)])
vm2: ([(0, 1, 26580000000L, 0)], [(True, True, True, True)])
vm3: ([(0, 1, 26760000000L, 2)], [(True, True, True, True)])
vm4: ([(0, 1, 27280000000L, 0)], [(True, True, True, True)])
vm5: ([(0, 1, 23790000000L, 3)], [(True, True, True, True)])
vm6: ([(0, 1, 23790000000L, 3)], [(True, True, True, True)])
vm7: ([(0, 1, 23970000000L, 3)], [(True, True, True, True)])
vm8: ([(0, 1, 23860000000L, 0)], [(True, True, True, True)])
--------------------------------------------------------------------------------
0: 104.0 ['vm2', 'vm4', 'vm8']
1: 0.0 []
2: 40.0 ['vm3']
3: 96.0 ['vm1', 'vm5', 'vm6', 'vm7']
--------------------------------------------------------------------------------
vm1: ([(0, 1, 27040000000L, 2)], [(True, True, True, True)])
vm2: ([(0, 1, 26950000000L, 2)], [(True, True, True, True)])
vm3: ([(0, 1, 27170000000L, 0)], [(True, True, True, True)])
vm4: ([(0, 1, 27680000000L, 1)], [(True, True, True, True)])
vm5: ([(0, 1, 24000000000L, 1)], [(True, True, True, True)])
vm6: ([(0, 1, 23990000000L, 1)], [(True, True, True, True)])
vm7: ([(0, 1, 24180000000L, 0)], [(True, True, True, True)])
vm8: ([(0, 1, 24060000000L, 1)], [(True, True, True, True)])
--------------------------------------------------------------------------------
0: 62.0 ['vm3', 'vm7']
1: 101.0 ['vm4', 'vm5', 'vm6', 'vm8']
2: 78.0 ['vm1', 'vm2']
3: 0.0 []
--------------------------------------------------------------------------------
vm1: ([(0, 1, 27440000000L, 3)], [(True, True, True, True)])
vm2: ([(0, 1, 27350000000L, 3)], [(True, True, True, True)])
vm3: ([(0, 1, 27580000000L, 1)], [(True, True, True, True)])
vm4: ([(0, 1, 28110000000L, 2)], [(True, True, True, True)])
vm5: ([(0, 1, 24190000000L, 1)], [(True, True, True, True)])
vm6: ([(0, 1, 24160000000L, 0)], [(True, True, True, True)])
vm7: ([(0, 1, 24380000000L, 0)], [(True, True, True, True)])
vm8: ([(0, 1, 24250000000L, 0)], [(True, True, True, True)])
--------------------------------------------------------------------------------
0: 56.0 ['vm6', 'vm7', 'vm8']
1: 60.0 ['vm3', 'vm5']
2: 43.0 ['vm4']
3: 80.0 ['vm1', 'vm2']
--------------------------------------------------------------------------------
vm1: ([(0, 1, 27890000000L, 0)], [(True, False, False, False)])
vm2: ([(0, 1, 27820000000L, 3)], [(False, False, False, True)])
vm3: ([(0, 1, 28000000000L, 2)], [(False, False, True, False)])
vm4: ([(0, 1, 28550000000L, 1)], [(False, True, False, False)])
vm5: ([(0, 1, 24400000000L, 3)], [(False, False, False, True)])
vm6: ([(0, 1, 24370000000L, 2)], [(False, False, True, False)])
vm7: ([(0, 1, 24570000000L, 0)], [(True, False, False, False)])
vm8: ([(0, 1, 24480000000L, 1)], [(False, True, False, False)])
--------------------------------------------------------------------------------
0: 64.0 ['vm1', 'vm7']
1: 67.0 ['vm4', 'vm8']
2: 63.0 ['vm3', 'vm6']
3: 68.0 ['vm2', 'vm5']
--------------------------------------------------------------------------------
vm1: ([(0, 1, 28260000000L, 0)], [(True, False, False, False)])
vm2: ([(0, 1, 28200000000L, 3)], [(False, False, False, True)])
vm3: ([(0, 1, 28440000000L, 2)], [(False, False, True, False)])
vm4: ([(0, 1, 28970000000L, 1)], [(False, True, False, False)])
vm5: ([(0, 1, 24580000000L, 3)], [(False, False, False, True)])
vm6: ([(0, 1, 24580000000L, 2)], [(False, False, True, False)])
vm7: ([(0, 1, 24750000000L, 0)], [(True, False, False, False)])
vm8: ([(0, 1, 24670000000L, 1)], [(False, True, False, False)])
--------------------------------------------------------------------------------
0: 55.0 ['vm1', 'vm7']
1: 61.0 ['vm4', 'vm8']
2: 65.0 ['vm3', 'vm6']
3: 56.0 ['vm2', 'vm5']
--------------------------------------------------------------------------------
vm1: ([(0, 1, 28690000000L, 0)], [(True, False, False, False)])
vm2: ([(0, 1, 28590000000L, 3)], [(False, False, False, True)])
vm3: ([(0, 1, 28790000000L, 2)], [(False, False, True, False)])
vm4: ([(0, 1, 29410000000L, 1)], [(False, True, False, False)])
vm5: ([(0, 1, 24760000000L, 3)], [(False, False, False, True)])
vm6: ([(0, 1, 24750000000L, 2)], [(False, False, True, False)])
vm7: ([(0, 1, 24940000000L, 0)], [(True, False, False, False)])
vm8: ([(0, 1, 24880000000L, 1)], [(False, True, False, False)])
--------------------------------------------------------------------------------
0: 62.0 ['vm1', 'vm7']
1: 65.0 ['vm4', 'vm8']
2: 52.0 ['vm3', 'vm6']
3: 57.0 ['vm2', 'vm5']
--------------------------------------------------------------------------------
vm1: ([(0, 1, 29110000000L, 0)], [(True, False, False, False)])
vm2: ([(0, 1, 29010000000L, 3)], [(False, False, False, True)])
vm3: ([(0, 1, 29190000000L, 2)], [(False, False, True, False)])
vm4: ([(0, 1, 29790000000L, 1)], [(False, True, False, False)])
vm5: ([(0, 1, 24960000000L, 3)], [(False, False, False, True)])
vm6: ([(0, 1, 24930000000L, 2)], [(False, False, True, False)])
vm7: ([(0, 1, 25140000000L, 0)], [(True, False, False, False)])
vm8: ([(0, 1, 25050000000L, 1)], [(False, True, False, False)])
--------------------------------------------------------------------------------
0: 62.0 ['vm1', 'vm7']
1: 55.0 ['vm4', 'vm8']
2: 58.0 ['vm3', 'vm6']
3: 62.0 ['vm2', 'vm5']
--------------------------------------------------------------------------------
vm1: ([(0, 1, 29510000000L, 0)], [(True, False, False, False)])
vm2: ([(0, 1, 29440000000L, 3)], [(False, False, False, True)])
vm3: ([(0, 1, 29550000000L, 2)], [(False, False, True, False)])
vm4: ([(0, 1, 30230000000L, 1)], [(False, True, False, False)])
vm5: ([(0, 1, 25170000000L, 3)], [(False, False, False, True)])
vm6: ([(0, 1, 25090000000L, 2)], [(False, False, True, False)])
vm7: ([(0, 1, 25330000000L, 0)], [(True, False, False, False)])
vm8: ([(0, 1, 25270000000L, 1)], [(False, True, False, False)])
--------------------------------------------------------------------------------
0: 59.0 ['vm1', 'vm7']
1: 66.0 ['vm4', 'vm8']
2: 52.0 ['vm3', 'vm6']
3: 64.0 ['vm2', 'vm5']
--------------------------------------------------------------------------------
vm1: ([(0, 1, 29890000000L, 0)], [(True, False, False, False)])
vm2: ([(0, 1, 29850000000L, 3)], [(False, False, False, True)])
vm3: ([(0, 1, 29940000000L, 2)], [(False, False, True, False)])
vm4: ([(0, 1, 30650000000L, 1)], [(False, True, False, False)])
vm5: ([(0, 1, 25360000000L, 3)], [(False, False, False, True)])
vm6: ([(0, 1, 25280000000L, 2)], [(False, False, True, False)])
vm7: ([(0, 1, 25510000000L, 0)], [(True, False, False, False)])
vm8: ([(0, 1, 25470000000L, 1)], [(False, True, False, False)])
--------------------------------------------------------------------------------
0: 56.0 ['vm1', 'vm7']
1: 62.0 ['vm4', 'vm8']
2: 58.0 ['vm3', 'vm6']
3: 60.0 ['vm2', 'vm5']
--------------------------------------------------------------------------------
vm1: ([(0, 1, 30280000000L, 0)], [(True, False, False, False)])
vm2: ([(0, 1, 30260000000L, 3)], [(False, False, False, True)])
vm3: ([(0, 1, 30310000000L, 2)], [(False, False, True, False)])
vm4: ([(0, 1, 31090000000L, 1)], [(False, True, False, False)])
vm5: ([(0, 1, 25550000000L, 3)], [(False, False, False, True)])
vm6: ([(0, 1, 25460000000L, 2)], [(False, False, True, False)])
vm7: ([(0, 1, 25700000000L, 0)], [(True, False, False, False)])
vm8: ([(0, 1, 25670000000L, 1)], [(False, True, False, False)])
--------------------------------------------------------------------------------
0: 58.0 ['vm1', 'vm7']
1: 64.0 ['vm4', 'vm8']
2: 55.0 ['vm3', 'vm6']
3: 60.0 ['vm2', 'vm5']
--------------------------------------------------------------------------------
vm1: ([(0, 1, 30660000000L, 0)], [(True, False, False, False)])
vm2: ([(0, 1, 30660000000L, 3)], [(False, False, False, True)])
vm3: ([(0, 1, 30740000000L, 2)], [(False, False, True, False)])
vm4: ([(0, 1, 31490000000L, 1)], [(False, True, False, False)])
vm5: ([(0, 1, 25740000000L, 3)], [(False, False, False, True)])
vm6: ([(0, 1, 25660000000L, 2)], [(False, False, True, False)])
vm7: ([(0, 1, 25870000000L, 0)], [(True, False, False, False)])
vm8: ([(0, 1, 25860000000L, 1)], [(False, True, False, False)])
--------------------------------------------------------------------------------
0: 55.0 ['vm1', 'vm7']
1: 59.0 ['vm4', 'vm8']
2: 63.0 ['vm3', 'vm6']
3: 59.0 ['vm2', 'vm5']
--------------------------------------------------------------------------------
vm1: ([(0, 1, 31060000000L, 0)], [(True, False, False, False)])
vm2: ([(0, 1, 31050000000L, 3)], [(False, False, False, True)])
vm3: ([(0, 1, 31110000000L, 2)], [(False, False, True, False)])
vm4: ([(0, 1, 31930000000L, 1)], [(False, True, False, False)])
vm5: ([(0, 1, 25930000000L, 3)], [(False, False, False, True)])
vm6: ([(0, 1, 25840000000L, 2)], [(False, False, True, False)])
vm7: ([(0, 1, 26070000000L, 0)], [(True, False, False, False)])
vm8: ([(0, 1, 26070000000L, 1)], [(False, True, False, False)])
--------------------------------------------------------------------------------
0: 60.0 ['vm1', 'vm7']
1: 65.0 ['vm4', 'vm8']
2: 55.0 ['vm3', 'vm6']
3: 58.0 ['vm2', 'vm5']
--------------------------------------------------------------------------------
vm1: ([(0, 1, 31460000000L, 0)], [(True, False, False, False)])
vm2: ([(0, 1, 31470000000L, 3)], [(False, False, False, True)])
vm3: ([(0, 1, 31460000000L, 2)], [(False, False, True, False)])
vm4: ([(0, 1, 32360000000L, 1)], [(False, True, False, False)])
vm5: ([(0, 1, 26130000000L, 3)], [(False, False, False, True)])
vm6: ([(0, 1, 26010000000L, 2)], [(False, False, True, False)])
vm7: ([(0, 1, 26260000000L, 0)], [(True, False, False, False)])
vm8: ([(0, 1, 26280000000L, 1)], [(False, True, False, False)])
--------------------------------------------------------------------------------
0: 59.0 ['vm1', 'vm7']
1: 64.0 ['vm4', 'vm8']
2: 52.0 ['vm3', 'vm6']
3: 62.0 ['vm2', 'vm5']
--------------------------------------------------------------------------------
vm1: ([(0, 1, 31880000000L, 0)], [(True, False, False, False)])
vm2: ([(0, 1, 31890000000L, 3)], [(False, False, False, True)])
vm3: ([(0, 1, 31820000000L, 2)], [(False, False, True, False)])
vm4: ([(0, 1, 32760000000L, 1)], [(False, True, False, False)])
vm5: ([(0, 1, 26330000000L, 3)], [(False, False, False, True)])
vm6: ([(0, 1, 26180000000L, 2)], [(False, False, True, False)])
vm7: ([(0, 1, 26460000000L, 0)], [(True, False, False, False)])
vm8: ([(0, 1, 26480000000L, 1)], [(False, True, False, False)])
--------------------------------------------------------------------------------
0: 62.0 ['vm1', 'vm7']
1: 60.0 ['vm4', 'vm8']
2: 53.0 ['vm3', 'vm6']
3: 62.0 ['vm2', 'vm5']
--------------------------------------------------------------------------------
vm1: ([(0, 1, 32280000000L, 0)], [(True, False, False, False)])
vm2: ([(0, 1, 32300000000L, 3)], [(False, False, False, True)])
vm3: ([(0, 1, 32200000000L, 2)], [(False, False, True, False)])
vm4: ([(0, 1, 33160000000L, 1)], [(False, True, False, False)])
vm5: ([(0, 1, 26530000000L, 3)], [(False, False, False, True)])
vm6: ([(0, 1, 26360000000L, 2)], [(False, False, True, False)])
vm7: ([(0, 1, 26660000000L, 0)], [(True, False, False, False)])
vm8: ([(0, 1, 26660000000L, 1)], [(False, True, False, False)])
--------------------------------------------------------------------------------
0: 60.0 ['vm1', 'vm7']
1: 58.0 ['vm4', 'vm8']
2: 56.0 ['vm3', 'vm6']
3: 61.0 ['vm2', 'vm5']
--------------------------------------------------------------------------------
vm1: ([(0, 1, 32710000000L, 0)], [(True, False, False, False)])
vm2: ([(0, 1, 32700000000L, 3)], [(False, False, False, True)])
vm3: ([(0, 1, 32610000000L, 2)], [(False, False, True, False)])
vm4: ([(0, 1, 33550000000L, 1)], [(False, True, False, False)])
vm5: ([(0, 1, 26710000000L, 3)], [(False, False, False, True)])
vm6: ([(0, 1, 26550000000L, 2)], [(False, False, True, False)])
vm7: ([(0, 1, 26860000000L, 0)], [(True, False, False, False)])
vm8: ([(0, 1, 26840000000L, 1)], [(False, True, False, False)])
--------------------------------------------------------------------------------
0: 63.0 ['vm1', 'vm7']
1: 57.0 ['vm4', 'vm8']
2: 60.0 ['vm3', 'vm6']
3: 58.0 ['vm2', 'vm5']
--------------------------------------------------------------------------------
vm1: ([(0, 1, 33080000000L, 0)], [(True, False, False, False)])
vm2: ([(0, 1, 33130000000L, 3)], [(False, False, False, True)])
vm3: ([(0, 1, 33030000000L, 2)], [(False, False, True, False)])
vm4: ([(0, 1, 33960000000L, 1)], [(False, True, False, False)])
vm5: ([(0, 1, 26920000000L, 3)], [(False, False, False, True)])
vm6: ([(0, 1, 26750000000L, 2)], [(False, False, True, False)])
vm7: ([(0, 1, 27030000000L, 0)], [(True, False, False, False)])
vm8: ([(0, 1, 27030000000L, 1)], [(False, True, False, False)])
--------------------------------------------------------------------------------
0: 54.0 ['vm1', 'vm7']
1: 60.0 ['vm4', 'vm8']
2: 62.0 ['vm3', 'vm6']
3: 64.0 ['vm2', 'vm5']
--------------------------------------------------------------------------------
vm1: ([(0, 1, 33500000000L, 0)], [(True, False, False, False)])
vm2: ([(0, 1, 33510000000L, 3)], [(False, False, False, True)])
vm3: ([(0, 1, 33450000000L, 2)], [(False, False, True, False)])
vm4: ([(0, 1, 34350000000L, 1)], [(False, True, False, False)])
vm5: ([(0, 1, 27100000000L, 3)], [(False, False, False, True)])
vm6: ([(0, 1, 26950000000L, 2)], [(False, False, True, False)])
vm7: ([(0, 1, 27220000000L, 0)], [(True, False, False, False)])
vm8: ([(0, 1, 27220000000L, 1)], [(False, True, False, False)])
--------------------------------------------------------------------------------
0: 61.0 ['vm1', 'vm7']
1: 58.0 ['vm4', 'vm8']
2: 62.0 ['vm3', 'vm6']
3: 56.0 ['vm2', 'vm5']
--------------------------------------------------------------------------------
vm1: ([(0, 1, 33890000000L, 0)], [(True, False, False, False)])
vm2: ([(0, 1, 33900000000L, 3)], [(False, False, False, True)])
vm3: ([(0, 1, 33840000000L, 2)], [(False, False, True, False)])
vm4: ([(0, 1, 34760000000L, 1)], [(False, True, False, False)])
vm5: ([(0, 1, 27280000000L, 3)], [(False, False, False, True)])
vm6: ([(0, 1, 27140000000L, 2)], [(False, False, True, False)])
vm7: ([(0, 1, 27420000000L, 0)], [(True, False, False, False)])
vm8: ([(0, 1, 27430000000L, 1)], [(False, True, False, False)])
--------------------------------------------------------------------------------
0: 59.0 ['vm1', 'vm7']
1: 62.0 ['vm4', 'vm8']
2: 58.0 ['vm3', 'vm6']
3: 57.0 ['vm2', 'vm5']
--------------------------------------------------------------------------------
vm1: ([(0, 1, 34270000000L, 0)], [(True, False, False, False)])
vm2: ([(0, 1, 34290000000L, 3)], [(False, False, False, True)])
vm3: ([(0, 1, 34280000000L, 2)], [(False, False, True, False)])
vm4: ([(0, 1, 35160000000L, 1)], [(False, True, False, False)])
vm5: ([(0, 1, 27470000000L, 3)], [(False, False, False, True)])
vm6: ([(0, 1, 27350000000L, 2)], [(False, False, True, False)])
vm7: ([(0, 1, 27600000000L, 0)], [(True, False, False, False)])
vm8: ([(0, 1, 27620000000L, 1)], [(False, True, False, False)])
--------------------------------------------------------------------------------
0: 56.0 ['vm1', 'vm7']
1: 59.0 ['vm4', 'vm8']
2: 65.0 ['vm3', 'vm6']
3: 58.0 ['vm2', 'vm5']
--------------------------------------------------------------------------------
vm1: ([(0, 1, 34610000000L, 0)], [(True, False, False, False)])
vm2: ([(0, 1, 34710000000L, 3)], [(False, False, False, True)])
vm3: ([(0, 1, 34690000000L, 2)], [(False, False, True, False)])
vm4: ([(0, 1, 35620000000L, 1)], [(False, True, False, False)])
vm5: ([(0, 1, 27670000000L, 3)], [(False, False, False, True)])
vm6: ([(0, 1, 27540000000L, 2)], [(False, False, True, False)])
vm7: ([(0, 1, 27760000000L, 0)], [(True, False, False, False)])
vm8: ([(0, 1, 27830000000L, 1)], [(False, True, False, False)])
--------------------------------------------------------------------------------
0: 50.0 ['vm1', 'vm7']
1: 67.0 ['vm4', 'vm8']
2: 60.0 ['vm3', 'vm6']
3: 62.0 ['vm2', 'vm5']
--------------------------------------------------------------------------------
vm1: ([(0, 1, 35010000000L, 0)], [(True, False, False, False)])
vm2: ([(0, 1, 35120000000L, 3)], [(False, False, False, True)])
vm3: ([(0, 1, 35080000000L, 2)], [(False, False, True, False)])
vm4: ([(0, 1, 36010000000L, 1)], [(False, True, False, False)])
vm5: ([(0, 1, 27860000000L, 3)], [(False, False, False, True)])
vm6: ([(0, 1, 27730000000L, 2)], [(False, False, True, False)])
vm7: ([(0, 1, 27960000000L, 0)], [(True, False, False, False)])
vm8: ([(0, 1, 28030000000L, 1)], [(False, True, False, False)])
--------------------------------------------------------------------------------
0: 60.0 ['vm1', 'vm7']
1: 59.0 ['vm4', 'vm8']
2: 58.0 ['vm3', 'vm6']
3: 60.0 ['vm2', 'vm5']
--------------------------------------------------------------------------------
vm1: ([(0, 1, 35430000000L, 0)], [(True, False, False, False)])
vm2: ([(0, 1, 35490000000L, 3)], [(False, False, False, True)])
vm3: ([(0, 1, 35490000000L, 2)], [(False, False, True, False)])
vm4: ([(0, 1, 36430000000L, 1)], [(False, True, False, False)])
vm5: ([(0, 1, 28040000000L, 3)], [(False, False, False, True)])
vm6: ([(0, 1, 27920000000L, 2)], [(False, False, True, False)])
vm7: ([(0, 1, 28150000000L, 0)], [(True, False, False, False)])
vm8: ([(0, 1, 28240000000L, 1)], [(False, True, False, False)])
--------------------------------------------------------------------------------
0: 61.0 ['vm1', 'vm7']
1: 63.0 ['vm4', 'vm8']
2: 60.0 ['vm3', 'vm6']
3: 55.0 ['vm2', 'vm5']
--------------------------------------------------------------------------------
vm1: ([(0, 1, 35850000000L, 0)], [(True, False, False, False)])
vm2: ([(0, 1, 35890000000L, 3)], [(False, False, False, True)])
vm3: ([(0, 1, 35860000000L, 2)], [(False, False, True, False)])
vm4: ([(0, 1, 36830000000L, 1)], [(False, True, False, False)])
vm5: ([(0, 1, 28230000000L, 3)], [(False, False, False, True)])
vm6: ([(0, 1, 28110000000L, 2)], [(False, False, True, False)])
vm7: ([(0, 1, 28350000000L, 0)], [(True, False, False, False)])
vm8: ([(0, 1, 28420000000L, 1)], [(False, True, False, False)])
--------------------------------------------------------------------------------
0: 62.0 ['vm1', 'vm7']
1: 58.0 ['vm4', 'vm8']
2: 56.0 ['vm3', 'vm6']
3: 59.0 ['vm2', 'vm5']
--------------------------------------------------------------------------------
vm1: ([(0, 1, 36260000000L, 0)], [(True, False, False, False)])
vm2: ([(0, 1, 36270000000L, 3)], [(False, False, False, True)])
vm3: ([(0, 1, 36270000000L, 2)], [(False, False, True, False)])
vm4: ([(0, 1, 37260000000L, 1)], [(False, True, False, False)])
vm5: ([(0, 1, 28410000000L, 3)], [(False, False, False, True)])
vm6: ([(0, 1, 28310000000L, 2)], [(False, False, True, False)])
vm7: ([(0, 1, 28560000000L, 0)], [(True, False, False, False)])
vm8: ([(0, 1, 28630000000L, 1)], [(False, True, False, False)])
--------------------------------------------------------------------------------
0: 62.0 ['vm1', 'vm7']
1: 64.0 ['vm4', 'vm8']
2: 61.0 ['vm3', 'vm6']
3: 56.0 ['vm2', 'vm5']
--------------------------------------------------------------------------------
vm1: ([(0, 1, 36650000000L, 0)], [(True, False, False, False)])
vm2: ([(0, 1, 36710000000L, 3)], [(False, False, False, True)])
vm3: ([(0, 1, 36650000000L, 2)], [(False, False, True, False)])
vm4: ([(0, 1, 37670000000L, 1)], [(False, True, False, False)])
vm5: ([(0, 1, 28620000000L, 3)], [(False, False, False, True)])
vm6: ([(0, 1, 28490000000L, 2)], [(False, False, True, False)])
vm7: ([(0, 1, 28750000000L, 0)], [(True, False, False, False)])
vm8: ([(0, 1, 28830000000L, 1)], [(False, True, False, False)])
--------------------------------------------------------------------------------
0: 58.0 ['vm1', 'vm7']
1: 61.0 ['vm4', 'vm8']
2: 56.0 ['vm3', 'vm6']
3: 65.0 ['vm2', 'vm5']
--------------------------------------------------------------------------------
^CTraceback (most recent call last):
  File "monitor.py", line 72, in <module>
    s.run()
  File "/usr/lib/python2.7/sched.py", line 111, in run
    delayfunc(time - now)
KeyboardInterrupt
]0;habbes@ubuntu: ~/code/class/aos/p1-virtualization/test/cpu[01;32mhabbes@ubuntu[00m:[01;34m~/code/class/aos/p1-virtualization/test/cpu[00m$ exit
exit

Script done on 2019-09-24 06:28:35+0300
