Script started on 2019-09-24 06:17:02+0300
]0;habbes@ubuntu: ~/code/class/aos/p1-virtualization/test/cpu[01;32mhabbes@ubuntu[00m:[01;34m~/code/class/aos/p1-virtualization/test/cpu[00m$ clea[K[K[K[Kpython monitor.py 
vm1: ([(0, 1, 20360000000L, 0)], [(True, True, True, True)])
vm2: ([(0, 1, 20360000000L, 1)], [(True, True, True, True)])
vm3: ([(0, 1, 20670000000L, 1)], [(True, True, True, True)])
vm4: ([(0, 1, 20900000000L, 1)], [(True, True, True, True)])
vm5: ([(0, 1, 20530000000L, 1)], [(True, True, True, True)])
vm6: ([(0, 1, 20030000000L, 1)], [(True, True, True, True)])
vm7: ([(0, 1, 20100000000L, 3)], [(True, True, True, True)])
vm8: ([(0, 1, 20000000000L, 3)], [(True, True, True, True)])
--------------------------------------------------------------------------------
0: 0.0 []
1: 0.0 []
2: 0.0 []
3: 0.0 []
--------------------------------------------------------------------------------
vm1: ([(0, 1, 20360000000L, 0)], [(True, True, True, True)])
vm2: ([(0, 1, 20360000000L, 1)], [(True, True, True, True)])
vm3: ([(0, 1, 20680000000L, 1)], [(True, True, True, True)])
vm4: ([(0, 1, 20900000000L, 3)], [(True, True, True, True)])
vm5: ([(0, 1, 20540000000L, 1)], [(True, True, True, True)])
vm6: ([(0, 1, 20040000000L, 1)], [(True, True, True, True)])
vm7: ([(0, 1, 20100000000L, 3)], [(True, True, True, True)])
vm8: ([(0, 1, 20010000000L, 3)], [(True, True, True, True)])
--------------------------------------------------------------------------------
0: 0.0 ['vm1']
1: 3.0 ['vm2', 'vm3', 'vm5', 'vm6']
2: 0.0 []
3: 1.0 ['vm4', 'vm7', 'vm8']
--------------------------------------------------------------------------------
vm1: ([(0, 1, 20370000000L, 0)], [(True, True, True, True)])
vm2: ([(0, 1, 20360000000L, 1)], [(True, True, True, True)])
vm3: ([(0, 1, 20680000000L, 0)], [(True, True, True, True)])
vm4: ([(0, 1, 20900000000L, 3)], [(True, True, True, True)])
vm5: ([(0, 1, 20540000000L, 1)], [(True, True, True, True)])
vm6: ([(0, 1, 20040000000L, 1)], [(True, True, True, True)])
vm7: ([(0, 1, 20100000000L, 3)], [(True, True, True, True)])
vm8: ([(0, 1, 20010000000L, 3)], [(True, True, True, True)])
--------------------------------------------------------------------------------
0: 1.0 ['vm1', 'vm3']
1: 0.0 ['vm2', 'vm5', 'vm6']
2: 0.0 []
3: 0.0 ['vm4', 'vm7', 'vm8']
--------------------------------------------------------------------------------
vm1: ([(0, 1, 20370000000L, 0)], [(True, True, True, True)])
vm2: ([(0, 1, 20360000000L, 1)], [(True, True, True, True)])
vm3: ([(0, 1, 20680000000L, 0)], [(True, True, True, True)])
vm4: ([(0, 1, 20900000000L, 3)], [(True, True, True, True)])
vm5: ([(0, 1, 20540000000L, 1)], [(True, True, True, True)])
vm6: ([(0, 1, 20040000000L, 1)], [(True, True, True, True)])
vm7: ([(0, 1, 20100000000L, 3)], [(True, True, True, True)])
vm8: ([(0, 1, 20010000000L, 3)], [(True, True, True, True)])
--------------------------------------------------------------------------------
0: 0.0 ['vm1', 'vm3']
1: 0.0 ['vm2', 'vm5', 'vm6']
2: 0.0 []
3: 0.0 ['vm4', 'vm7', 'vm8']
--------------------------------------------------------------------------------
vm1: ([(0, 1, 20370000000L, 0)], [(True, True, True, True)])
vm2: ([(0, 1, 20370000000L, 1)], [(True, True, True, True)])
vm3: ([(0, 1, 20690000000L, 0)], [(True, True, True, True)])
vm4: ([(0, 1, 20900000000L, 2)], [(True, True, True, True)])
vm5: ([(0, 1, 20540000000L, 1)], [(True, True, True, True)])
vm6: ([(0, 1, 20040000000L, 1)], [(True, True, True, True)])
vm7: ([(0, 1, 20110000000L, 2)], [(True, True, True, True)])
vm8: ([(0, 1, 20010000000L, 2)], [(True, True, True, True)])
--------------------------------------------------------------------------------
0: 1.0 ['vm1', 'vm3']
1: 1.0 ['vm2', 'vm5', 'vm6']
2: 1.0 ['vm4', 'vm7', 'vm8']
3: 0.0 []
--------------------------------------------------------------------------------
vm1: ([(0, 1, 20370000000L, 1)], [(True, True, True, True)])
vm2: ([(0, 1, 20370000000L, 1)], [(True, True, True, True)])
vm3: ([(0, 1, 20690000000L, 0)], [(True, True, True, True)])
vm4: ([(0, 1, 20900000000L, 2)], [(True, True, True, True)])
vm5: ([(0, 1, 20540000000L, 1)], [(True, True, True, True)])
vm6: ([(0, 1, 20040000000L, 1)], [(True, True, True, True)])
vm7: ([(0, 1, 20110000000L, 2)], [(True, True, True, True)])
vm8: ([(0, 1, 20010000000L, 2)], [(True, True, True, True)])
--------------------------------------------------------------------------------
0: 0.0 ['vm3']
1: 0.0 ['vm1', 'vm2', 'vm5', 'vm6']
2: 0.0 ['vm4', 'vm7', 'vm8']
3: 0.0 []
--------------------------------------------------------------------------------
vm1: ([(0, 1, 20370000000L, 0)], [(True, True, True, True)])
vm2: ([(0, 1, 20370000000L, 1)], [(True, True, True, True)])
vm3: ([(0, 1, 20690000000L, 0)], [(True, True, True, True)])
vm4: ([(0, 1, 20910000000L, 2)], [(True, True, True, True)])
vm5: ([(0, 1, 20540000000L, 2)], [(True, True, True, True)])
vm6: ([(0, 1, 20040000000L, 2)], [(True, True, True, True)])
vm7: ([(0, 1, 20110000000L, 2)], [(True, True, True, True)])
vm8: ([(0, 1, 20020000000L, 2)], [(True, True, True, True)])
--------------------------------------------------------------------------------
0: 0.0 ['vm1', 'vm3']
1: 0.0 ['vm2']
2: 2.0 ['vm4', 'vm5', 'vm6', 'vm7', 'vm8']
3: 0.0 []
--------------------------------------------------------------------------------
vm1: ([(0, 1, 20370000000L, 0)], [(True, False, False, False)])
vm2: ([(0, 1, 20370000000L, 1)], [(False, True, False, False)])
vm3: ([(0, 1, 20690000000L, 2)], [(False, False, True, False)])
vm4: ([(0, 1, 20910000000L, 3)], [(False, False, False, True)])
vm5: ([(0, 1, 20540000000L, 0)], [(True, False, False, False)])
vm6: ([(0, 1, 20040000000L, 1)], [(False, True, False, False)])
vm7: ([(0, 1, 20120000000L, 2)], [(False, False, True, False)])
vm8: ([(0, 1, 20020000000L, 3)], [(False, False, False, True)])
--------------------------------------------------------------------------------
0: 0.0 ['vm1', 'vm5']
1: 0.0 ['vm2', 'vm6']
2: 1.0 ['vm3', 'vm7']
3: 0.0 ['vm4', 'vm8']
--------------------------------------------------------------------------------
vm1: ([(0, 1, 20380000000L, 0)], [(True, False, False, False)])
vm2: ([(0, 1, 20380000000L, 1)], [(False, True, False, False)])
vm3: ([(0, 1, 20690000000L, 2)], [(False, False, True, False)])
vm4: ([(0, 1, 20920000000L, 3)], [(False, False, False, True)])
vm5: ([(0, 1, 20540000000L, 0)], [(True, False, False, False)])
vm6: ([(0, 1, 20040000000L, 1)], [(False, True, False, False)])
vm7: ([(0, 1, 20120000000L, 2)], [(False, False, True, False)])
vm8: ([(0, 1, 20020000000L, 3)], [(False, False, False, True)])
--------------------------------------------------------------------------------
0: 1.0 ['vm1', 'vm5']
1: 1.0 ['vm2', 'vm6']
2: 0.0 ['vm3', 'vm7']
3: 1.0 ['vm4', 'vm8']
--------------------------------------------------------------------------------
vm1: ([(0, 1, 20380000000L, 0)], [(True, False, False, False)])
vm2: ([(0, 1, 20380000000L, 1)], [(False, True, False, False)])
vm3: ([(0, 1, 20690000000L, 2)], [(False, False, True, False)])
vm4: ([(0, 1, 20920000000L, 3)], [(False, False, False, True)])
vm5: ([(0, 1, 20540000000L, 0)], [(True, False, False, False)])
vm6: ([(0, 1, 20040000000L, 1)], [(False, True, False, False)])
vm7: ([(0, 1, 20120000000L, 2)], [(False, False, True, False)])
vm8: ([(0, 1, 20020000000L, 3)], [(False, False, False, True)])
--------------------------------------------------------------------------------
0: 0.0 ['vm1', 'vm5']
1: 0.0 ['vm2', 'vm6']
2: 0.0 ['vm3', 'vm7']
3: 0.0 ['vm4', 'vm8']
--------------------------------------------------------------------------------
vm1: ([(0, 1, 20380000000L, 0)], [(True, False, False, False)])
vm2: ([(0, 1, 20380000000L, 1)], [(False, True, False, False)])
vm3: ([(0, 1, 20690000000L, 2)], [(False, False, True, False)])
vm4: ([(0, 1, 20920000000L, 3)], [(False, False, False, True)])
vm5: ([(0, 1, 20550000000L, 0)], [(True, False, False, False)])
vm6: ([(0, 1, 20040000000L, 1)], [(False, True, False, False)])
vm7: ([(0, 1, 20120000000L, 2)], [(False, False, True, False)])
vm8: ([(0, 1, 20020000000L, 3)], [(False, False, False, True)])
--------------------------------------------------------------------------------
0: 1.0 ['vm1', 'vm5']
1: 0.0 ['vm2', 'vm6']
2: 0.0 ['vm3', 'vm7']
3: 0.0 ['vm4', 'vm8']
--------------------------------------------------------------------------------
vm1: ([(0, 1, 20430000000L, 0)], [(True, False, False, False)])
vm2: ([(0, 1, 20540000000L, 1)], [(False, True, False, False)])
vm3: ([(0, 1, 20900000000L, 2)], [(False, False, True, False)])
vm4: ([(0, 1, 21080000000L, 3)], [(False, False, False, True)])
vm5: ([(0, 1, 20590000000L, 0)], [(True, False, False, False)])
vm6: ([(0, 1, 20210000000L, 1)], [(False, True, False, False)])
vm7: ([(0, 1, 20260000000L, 2)], [(False, False, True, False)])
vm8: ([(0, 1, 20160000000L, 3)], [(False, False, False, True)])
--------------------------------------------------------------------------------
0: 9.0 ['vm1', 'vm5']
1: 33.0 ['vm2', 'vm6']
2: 35.0 ['vm3', 'vm7']
3: 30.0 ['vm4', 'vm8']
--------------------------------------------------------------------------------
vm1: ([(0, 1, 20790000000L, 0)], [(True, False, False, False)])
vm2: ([(0, 1, 20890000000L, 1)], [(False, True, False, False)])
vm3: ([(0, 1, 21270000000L, 2)], [(False, False, True, False)])
vm4: ([(0, 1, 21360000000L, 3)], [(False, False, False, True)])
vm5: ([(0, 1, 20950000000L, 0)], [(True, False, False, False)])
vm6: ([(0, 1, 20540000000L, 1)], [(False, True, False, False)])
vm7: ([(0, 1, 20650000000L, 2)], [(False, False, True, False)])
vm8: ([(0, 1, 20470000000L, 3)], [(False, False, False, True)])
--------------------------------------------------------------------------------
0: 72.0 ['vm1', 'vm5']
1: 68.0 ['vm2', 'vm6']
2: 76.0 ['vm3', 'vm7']
3: 59.0 ['vm4', 'vm8']
--------------------------------------------------------------------------------
vm1: ([(0, 1, 21070000000L, 0)], [(True, False, False, False)])
vm2: ([(0, 1, 21220000000L, 1)], [(False, True, False, False)])
vm3: ([(0, 1, 21600000000L, 2)], [(False, False, True, False)])
vm4: ([(0, 1, 21650000000L, 3)], [(False, False, False, True)])
vm5: ([(0, 1, 21240000000L, 0)], [(True, False, False, False)])
vm6: ([(0, 1, 20870000000L, 1)], [(False, True, False, False)])
vm7: ([(0, 1, 20990000000L, 2)], [(False, False, True, False)])
vm8: ([(0, 1, 20750000000L, 3)], [(False, False, False, True)])
--------------------------------------------------------------------------------
0: 57.0 ['vm1', 'vm5']
1: 66.0 ['vm2', 'vm6']
2: 67.0 ['vm3', 'vm7']
3: 57.0 ['vm4', 'vm8']
--------------------------------------------------------------------------------
vm1: ([(0, 1, 21330000000L, 0)], [(True, False, False, False)])
vm2: ([(0, 1, 21550000000L, 1)], [(False, True, False, False)])
vm3: ([(0, 1, 21920000000L, 2)], [(False, False, True, False)])
vm4: ([(0, 1, 21960000000L, 3)], [(False, False, False, True)])
vm5: ([(0, 1, 21490000000L, 0)], [(True, False, False, False)])
vm6: ([(0, 1, 21200000000L, 1)], [(False, True, False, False)])
vm7: ([(0, 1, 21300000000L, 2)], [(False, False, True, False)])
vm8: ([(0, 1, 21080000000L, 3)], [(False, False, False, True)])
--------------------------------------------------------------------------------
0: 51.0 ['vm1', 'vm5']
1: 66.0 ['vm2', 'vm6']
2: 63.0 ['vm3', 'vm7']
3: 64.0 ['vm4', 'vm8']
--------------------------------------------------------------------------------
vm1: ([(0, 1, 21660000000L, 0)], [(True, False, False, False)])
vm2: ([(0, 1, 21820000000L, 1)], [(False, True, False, False)])
vm3: ([(0, 1, 22160000000L, 2)], [(False, False, True, False)])
vm4: ([(0, 1, 22290000000L, 3)], [(False, False, False, True)])
vm5: ([(0, 1, 21810000000L, 0)], [(True, False, False, False)])
vm6: ([(0, 1, 21470000000L, 1)], [(False, True, False, False)])
vm7: ([(0, 1, 21550000000L, 2)], [(False, False, True, False)])
vm8: ([(0, 1, 21390000000L, 3)], [(False, False, False, True)])
--------------------------------------------------------------------------------
0: 65.0 ['vm1', 'vm5']
1: 54.0 ['vm2', 'vm6']
2: 49.0 ['vm3', 'vm7']
3: 64.0 ['vm4', 'vm8']
--------------------------------------------------------------------------------
vm1: ([(0, 1, 21930000000L, 0)], [(True, False, False, False)])
vm2: ([(0, 1, 22120000000L, 1)], [(False, True, False, False)])
vm3: ([(0, 1, 22460000000L, 2)], [(False, False, True, False)])
vm4: ([(0, 1, 22620000000L, 3)], [(False, False, False, True)])
vm5: ([(0, 1, 22100000000L, 0)], [(True, False, False, False)])
vm6: ([(0, 1, 21760000000L, 1)], [(False, True, False, False)])
vm7: ([(0, 1, 21850000000L, 2)], [(False, False, True, False)])
vm8: ([(0, 1, 21730000000L, 3)], [(False, False, False, True)])
--------------------------------------------------------------------------------
0: 56.0 ['vm1', 'vm5']
1: 59.0 ['vm2', 'vm6']
2: 60.0 ['vm3', 'vm7']
3: 67.0 ['vm4', 'vm8']
--------------------------------------------------------------------------------
vm1: ([(0, 1, 22250000000L, 0)], [(True, False, False, False)])
vm2: ([(0, 1, 22430000000L, 1)], [(False, True, False, False)])
vm3: ([(0, 1, 22790000000L, 2)], [(False, False, True, False)])
vm4: ([(0, 1, 22900000000L, 3)], [(False, False, False, True)])
vm5: ([(0, 1, 22410000000L, 0)], [(True, False, False, False)])
vm6: ([(0, 1, 22070000000L, 1)], [(False, True, False, False)])
vm7: ([(0, 1, 22180000000L, 2)], [(False, False, True, False)])
vm8: ([(0, 1, 22020000000L, 3)], [(False, False, False, True)])
--------------------------------------------------------------------------------
0: 63.0 ['vm1', 'vm5']
1: 62.0 ['vm2', 'vm6']
2: 66.0 ['vm3', 'vm7']
3: 57.0 ['vm4', 'vm8']
--------------------------------------------------------------------------------
vm1: ([(0, 1, 22560000000L, 0)], [(True, False, False, False)])
vm2: ([(0, 1, 22710000000L, 1)], [(False, True, False, False)])
vm3: ([(0, 1, 23110000000L, 2)], [(False, False, True, False)])
vm4: ([(0, 1, 23210000000L, 3)], [(False, False, False, True)])
vm5: ([(0, 1, 22730000000L, 0)], [(True, False, False, False)])
vm6: ([(0, 1, 22350000000L, 1)], [(False, True, False, False)])
vm7: ([(0, 1, 22500000000L, 2)], [(False, False, True, False)])
vm8: ([(0, 1, 22330000000L, 3)], [(False, False, False, True)])
--------------------------------------------------------------------------------
0: 63.0 ['vm1', 'vm5']
1: 56.0 ['vm2', 'vm6']
2: 64.0 ['vm3', 'vm7']
3: 62.0 ['vm4', 'vm8']
--------------------------------------------------------------------------------
vm1: ([(0, 1, 22840000000L, 0)], [(True, False, False, False)])
vm2: ([(0, 1, 23030000000L, 1)], [(False, True, False, False)])
vm3: ([(0, 1, 23420000000L, 2)], [(False, False, True, False)])
vm4: ([(0, 1, 23540000000L, 3)], [(False, False, False, True)])
vm5: ([(0, 1, 23000000000L, 0)], [(True, False, False, False)])
vm6: ([(0, 1, 22670000000L, 1)], [(False, True, False, False)])
vm7: ([(0, 1, 22810000000L, 2)], [(False, False, True, False)])
vm8: ([(0, 1, 22650000000L, 3)], [(False, False, False, True)])
--------------------------------------------------------------------------------
0: 55.0 ['vm1', 'vm5']
1: 64.0 ['vm2', 'vm6']
2: 62.0 ['vm3', 'vm7']
3: 65.0 ['vm4', 'vm8']
--------------------------------------------------------------------------------
vm1: ([(0, 1, 23130000000L, 0)], [(True, False, False, False)])
vm2: ([(0, 1, 23350000000L, 1)], [(False, True, False, False)])
vm3: ([(0, 1, 23760000000L, 2)], [(False, False, True, False)])
vm4: ([(0, 1, 23810000000L, 3)], [(False, False, False, True)])
vm5: ([(0, 1, 23290000000L, 0)], [(True, False, False, False)])
vm6: ([(0, 1, 22990000000L, 1)], [(False, True, False, False)])
vm7: ([(0, 1, 23160000000L, 2)], [(False, False, True, False)])
vm8: ([(0, 1, 22930000000L, 3)], [(False, False, False, True)])
--------------------------------------------------------------------------------
0: 58.0 ['vm1', 'vm5']
1: 64.0 ['vm2', 'vm6']
2: 69.0 ['vm3', 'vm7']
3: 55.0 ['vm4', 'vm8']
--------------------------------------------------------------------------------
vm1: ([(0, 1, 23510000000L, 0)], [(True, False, False, False)])
vm2: ([(0, 1, 23670000000L, 1)], [(False, True, False, False)])
vm3: ([(0, 1, 24020000000L, 2)], [(False, False, True, False)])
vm4: ([(0, 1, 24090000000L, 3)], [(False, False, False, True)])
vm5: ([(0, 1, 23670000000L, 0)], [(True, False, False, False)])
vm6: ([(0, 1, 23320000000L, 1)], [(False, True, False, False)])
vm7: ([(0, 1, 23410000000L, 2)], [(False, False, True, False)])
vm8: ([(0, 1, 23210000000L, 3)], [(False, False, False, True)])
--------------------------------------------------------------------------------
0: 76.0 ['vm1', 'vm5']
1: 65.0 ['vm2', 'vm6']
2: 51.0 ['vm3', 'vm7']
3: 56.0 ['vm4', 'vm8']
--------------------------------------------------------------------------------
vm1: ([(0, 1, 23830000000L, 0)], [(True, False, False, False)])
vm2: ([(0, 1, 24000000000L, 1)], [(False, True, False, False)])
vm3: ([(0, 1, 24280000000L, 2)], [(False, False, True, False)])
vm4: ([(0, 1, 24420000000L, 3)], [(False, False, False, True)])
vm5: ([(0, 1, 23990000000L, 0)], [(True, False, False, False)])
vm6: ([(0, 1, 23650000000L, 1)], [(False, True, False, False)])
vm7: ([(0, 1, 23670000000L, 2)], [(False, False, True, False)])
vm8: ([(0, 1, 23540000000L, 3)], [(False, False, False, True)])
--------------------------------------------------------------------------------
0: 64.0 ['vm1', 'vm5']
1: 66.0 ['vm2', 'vm6']
2: 52.0 ['vm3', 'vm7']
3: 66.0 ['vm4', 'vm8']
--------------------------------------------------------------------------------
vm1: ([(0, 1, 24140000000L, 0)], [(True, False, False, False)])
vm2: ([(0, 1, 24310000000L, 1)], [(False, True, False, False)])
vm3: ([(0, 1, 24610000000L, 2)], [(False, False, True, False)])
vm4: ([(0, 1, 24710000000L, 3)], [(False, False, False, True)])
vm5: ([(0, 1, 24300000000L, 0)], [(True, False, False, False)])
vm6: ([(0, 1, 23960000000L, 1)], [(False, True, False, False)])
vm7: ([(0, 1, 24010000000L, 2)], [(False, False, True, False)])
vm8: ([(0, 1, 23830000000L, 3)], [(False, False, False, True)])
--------------------------------------------------------------------------------
0: 62.0 ['vm1', 'vm5']
1: 62.0 ['vm2', 'vm6']
2: 67.0 ['vm3', 'vm7']
3: 58.0 ['vm4', 'vm8']
--------------------------------------------------------------------------------
vm1: ([(0, 1, 24450000000L, 0)], [(True, False, False, False)])
vm2: ([(0, 1, 24660000000L, 1)], [(False, True, False, False)])
vm3: ([(0, 1, 24870000000L, 2)], [(False, False, True, False)])
vm4: ([(0, 1, 25020000000L, 3)], [(False, False, False, True)])
vm5: ([(0, 1, 24620000000L, 0)], [(True, False, False, False)])
vm6: ([(0, 1, 24310000000L, 1)], [(False, True, False, False)])
vm7: ([(0, 1, 24260000000L, 2)], [(False, False, True, False)])
vm8: ([(0, 1, 24140000000L, 3)], [(False, False, False, True)])
--------------------------------------------------------------------------------
0: 63.0 ['vm1', 'vm5']
1: 70.0 ['vm2', 'vm6']
2: 51.0 ['vm3', 'vm7']
3: 62.0 ['vm4', 'vm8']
--------------------------------------------------------------------------------
vm1: ([(0, 1, 24750000000L, 0)], [(True, False, False, False)])
vm2: ([(0, 1, 24970000000L, 1)], [(False, True, False, False)])
vm3: ([(0, 1, 25170000000L, 2)], [(False, False, True, False)])
vm4: ([(0, 1, 25350000000L, 3)], [(False, False, False, True)])
vm5: ([(0, 1, 24910000000L, 0)], [(True, False, False, False)])
vm6: ([(0, 1, 24610000000L, 1)], [(False, True, False, False)])
vm7: ([(0, 1, 24560000000L, 2)], [(False, False, True, False)])
vm8: ([(0, 1, 24480000000L, 3)], [(False, False, False, True)])
--------------------------------------------------------------------------------
0: 59.0 ['vm1', 'vm5']
1: 61.0 ['vm2', 'vm6']
2: 60.0 ['vm3', 'vm7']
3: 67.0 ['vm4', 'vm8']
--------------------------------------------------------------------------------
vm1: ([(0, 1, 25040000000L, 0)], [(True, False, False, False)])
vm2: ([(0, 1, 25270000000L, 1)], [(False, True, False, False)])
vm3: ([(0, 1, 25510000000L, 2)], [(False, False, True, False)])
vm4: ([(0, 1, 25670000000L, 3)], [(False, False, False, True)])
vm5: ([(0, 1, 25200000000L, 0)], [(True, False, False, False)])
vm6: ([(0, 1, 24910000000L, 1)], [(False, True, False, False)])
vm7: ([(0, 1, 24900000000L, 2)], [(False, False, True, False)])
vm8: ([(0, 1, 24800000000L, 3)], [(False, False, False, True)])
--------------------------------------------------------------------------------
0: 58.0 ['vm1', 'vm5']
1: 60.0 ['vm2', 'vm6']
2: 68.0 ['vm3', 'vm7']
3: 64.0 ['vm4', 'vm8']
--------------------------------------------------------------------------------
vm1: ([(0, 1, 25360000000L, 0)], [(True, False, False, False)])
vm2: ([(0, 1, 25570000000L, 1)], [(False, True, False, False)])
vm3: ([(0, 1, 25800000000L, 2)], [(False, False, True, False)])
vm4: ([(0, 1, 25970000000L, 3)], [(False, False, False, True)])
vm5: ([(0, 1, 25530000000L, 0)], [(True, False, False, False)])
vm6: ([(0, 1, 25220000000L, 1)], [(False, True, False, False)])
vm7: ([(0, 1, 25200000000L, 2)], [(False, False, True, False)])
vm8: ([(0, 1, 25100000000L, 3)], [(False, False, False, True)])
--------------------------------------------------------------------------------
0: 65.0 ['vm1', 'vm5']
1: 61.0 ['vm2', 'vm6']
2: 59.0 ['vm3', 'vm7']
3: 60.0 ['vm4', 'vm8']
--------------------------------------------------------------------------------
vm1: ([(0, 1, 25670000000L, 0)], [(True, False, False, False)])
vm2: ([(0, 1, 25860000000L, 1)], [(False, True, False, False)])
vm3: ([(0, 1, 26110000000L, 2)], [(False, False, True, False)])
vm4: ([(0, 1, 26290000000L, 3)], [(False, False, False, True)])
vm5: ([(0, 1, 25840000000L, 0)], [(True, False, False, False)])
vm6: ([(0, 1, 25500000000L, 1)], [(False, True, False, False)])
vm7: ([(0, 1, 25500000000L, 2)], [(False, False, True, False)])
vm8: ([(0, 1, 25430000000L, 3)], [(False, False, False, True)])
--------------------------------------------------------------------------------
0: 62.0 ['vm1', 'vm5']
1: 57.0 ['vm2', 'vm6']
2: 61.0 ['vm3', 'vm7']
3: 65.0 ['vm4', 'vm8']
--------------------------------------------------------------------------------
vm1: ([(0, 1, 25960000000L, 0)], [(True, False, False, False)])
vm2: ([(0, 1, 26190000000L, 1)], [(False, True, False, False)])
vm3: ([(0, 1, 26440000000L, 2)], [(False, False, True, False)])
vm4: ([(0, 1, 26590000000L, 3)], [(False, False, False, True)])
vm5: ([(0, 1, 26140000000L, 0)], [(True, False, False, False)])
vm6: ([(0, 1, 25830000000L, 1)], [(False, True, False, False)])
vm7: ([(0, 1, 25830000000L, 2)], [(False, False, True, False)])
vm8: ([(0, 1, 25720000000L, 3)], [(False, False, False, True)])
--------------------------------------------------------------------------------
0: 59.0 ['vm1', 'vm5']
1: 66.0 ['vm2', 'vm6']
2: 66.0 ['vm3', 'vm7']
3: 59.0 ['vm4', 'vm8']
--------------------------------------------------------------------------------
vm1: ([(0, 1, 26260000000L, 0)], [(True, False, False, False)])
vm2: ([(0, 1, 26500000000L, 1)], [(False, True, False, False)])
vm3: ([(0, 1, 26760000000L, 2)], [(False, False, True, False)])
vm4: ([(0, 1, 26870000000L, 3)], [(False, False, False, True)])
vm5: ([(0, 1, 26430000000L, 0)], [(True, False, False, False)])
vm6: ([(0, 1, 26140000000L, 1)], [(False, True, False, False)])
vm7: ([(0, 1, 26170000000L, 2)], [(False, False, True, False)])
vm8: ([(0, 1, 26000000000L, 3)], [(False, False, False, True)])
--------------------------------------------------------------------------------
0: 59.0 ['vm1', 'vm5']
1: 62.0 ['vm2', 'vm6']
2: 66.0 ['vm3', 'vm7']
3: 56.0 ['vm4', 'vm8']
--------------------------------------------------------------------------------
vm1: ([(0, 1, 26550000000L, 0)], [(True, False, False, False)])
vm2: ([(0, 1, 26760000000L, 1)], [(False, True, False, False)])
vm3: ([(0, 1, 27140000000L, 2)], [(False, False, True, False)])
vm4: ([(0, 1, 27170000000L, 3)], [(False, False, False, True)])
vm5: ([(0, 1, 26740000000L, 0)], [(True, False, False, False)])
vm6: ([(0, 1, 26400000000L, 1)], [(False, True, False, False)])
vm7: ([(0, 1, 26540000000L, 2)], [(False, False, True, False)])
vm8: ([(0, 1, 26300000000L, 3)], [(False, False, False, True)])
--------------------------------------------------------------------------------
0: 60.0 ['vm1', 'vm5']
1: 52.0 ['vm2', 'vm6']
2: 75.0 ['vm3', 'vm7']
3: 60.0 ['vm4', 'vm8']
--------------------------------------------------------------------------------
vm1: ([(0, 1, 26870000000L, 0)], [(True, False, False, False)])
vm2: ([(0, 1, 27010000000L, 1)], [(False, True, False, False)])
vm3: ([(0, 1, 27470000000L, 2)], [(False, False, True, False)])
vm4: ([(0, 1, 27500000000L, 3)], [(False, False, False, True)])
vm5: ([(0, 1, 27060000000L, 0)], [(True, False, False, False)])
vm6: ([(0, 1, 26660000000L, 1)], [(False, True, False, False)])
vm7: ([(0, 1, 26870000000L, 2)], [(False, False, True, False)])
vm8: ([(0, 1, 26640000000L, 3)], [(False, False, False, True)])
--------------------------------------------------------------------------------
0: 64.0 ['vm1', 'vm5']
1: 51.0 ['vm2', 'vm6']
2: 66.0 ['vm3', 'vm7']
3: 67.0 ['vm4', 'vm8']
--------------------------------------------------------------------------------
vm1: ([(0, 1, 27180000000L, 0)], [(True, False, False, False)])
vm2: ([(0, 1, 27310000000L, 1)], [(False, True, False, False)])
vm3: ([(0, 1, 27800000000L, 2)], [(False, False, True, False)])
vm4: ([(0, 1, 27780000000L, 3)], [(False, False, False, True)])
vm5: ([(0, 1, 27360000000L, 0)], [(True, False, False, False)])
vm6: ([(0, 1, 26950000000L, 1)], [(False, True, False, False)])
vm7: ([(0, 1, 27190000000L, 2)], [(False, False, True, False)])
vm8: ([(0, 1, 26910000000L, 3)], [(False, False, False, True)])
--------------------------------------------------------------------------------
0: 61.0 ['vm1', 'vm5']
1: 59.0 ['vm2', 'vm6']
2: 65.0 ['vm3', 'vm7']
3: 55.0 ['vm4', 'vm8']
--------------------------------------------------------------------------------
vm1: ([(0, 1, 27460000000L, 0)], [(True, False, False, False)])
vm2: ([(0, 1, 27630000000L, 1)], [(False, True, False, False)])
vm3: ([(0, 1, 28100000000L, 2)], [(False, False, True, False)])
vm4: ([(0, 1, 28130000000L, 3)], [(False, False, False, True)])
vm5: ([(0, 1, 27640000000L, 0)], [(True, False, False, False)])
vm6: ([(0, 1, 27260000000L, 1)], [(False, True, False, False)])
vm7: ([(0, 1, 27490000000L, 2)], [(False, False, True, False)])
vm8: ([(0, 1, 27260000000L, 3)], [(False, False, False, True)])
--------------------------------------------------------------------------------
0: 56.0 ['vm1', 'vm5']
1: 63.0 ['vm2', 'vm6']
2: 60.0 ['vm3', 'vm7']
3: 70.0 ['vm4', 'vm8']
--------------------------------------------------------------------------------
vm1: ([(0, 1, 27750000000L, 0)], [(True, False, False, False)])
vm2: ([(0, 1, 27980000000L, 1)], [(False, True, False, False)])
vm3: ([(0, 1, 28390000000L, 2)], [(False, False, True, False)])
vm4: ([(0, 1, 28410000000L, 3)], [(False, False, False, True)])
vm5: ([(0, 1, 27920000000L, 0)], [(True, False, False, False)])
vm6: ([(0, 1, 27620000000L, 1)], [(False, True, False, False)])
vm7: ([(0, 1, 27780000000L, 2)], [(False, False, True, False)])
vm8: ([(0, 1, 27530000000L, 3)], [(False, False, False, True)])
--------------------------------------------------------------------------------
0: 57.0 ['vm1', 'vm5']
1: 71.0 ['vm2', 'vm6']
2: 58.0 ['vm3', 'vm7']
3: 55.0 ['vm4', 'vm8']
--------------------------------------------------------------------------------
vm1: ([(0, 1, 28010000000L, 0)], [(True, False, False, False)])
vm2: ([(0, 1, 28280000000L, 1)], [(False, True, False, False)])
vm3: ([(0, 1, 28720000000L, 2)], [(False, False, True, False)])
vm4: ([(0, 1, 28720000000L, 3)], [(False, False, False, True)])
vm5: ([(0, 1, 28190000000L, 0)], [(True, False, False, False)])
vm6: ([(0, 1, 27920000000L, 1)], [(False, True, False, False)])
vm7: ([(0, 1, 28110000000L, 2)], [(False, False, True, False)])
vm8: ([(0, 1, 27850000000L, 3)], [(False, False, False, True)])
--------------------------------------------------------------------------------
0: 53.0 ['vm1', 'vm5']
1: 60.0 ['vm2', 'vm6']
2: 66.0 ['vm3', 'vm7']
3: 63.0 ['vm4', 'vm8']
--------------------------------------------------------------------------------
vm1: ([(0, 1, 28300000000L, 0)], [(True, False, False, False)])
vm2: ([(0, 1, 28610000000L, 1)], [(False, True, False, False)])
vm3: ([(0, 1, 29050000000L, 2)], [(False, False, True, False)])
vm4: ([(0, 1, 29040000000L, 3)], [(False, False, False, True)])
vm5: ([(0, 1, 28460000000L, 0)], [(True, False, False, False)])
vm6: ([(0, 1, 28230000000L, 1)], [(False, True, False, False)])
vm7: ([(0, 1, 28420000000L, 2)], [(False, False, True, False)])
vm8: ([(0, 1, 28160000000L, 3)], [(False, False, False, True)])
--------------------------------------------------------------------------------
0: 56.0 ['vm1', 'vm5']
1: 64.0 ['vm2', 'vm6']
2: 64.0 ['vm3', 'vm7']
3: 63.0 ['vm4', 'vm8']
--------------------------------------------------------------------------------
vm1: ([(0, 1, 28580000000L, 0)], [(True, False, False, False)])
vm2: ([(0, 1, 28920000000L, 1)], [(False, True, False, False)])
vm3: ([(0, 1, 29350000000L, 2)], [(False, False, True, False)])
vm4: ([(0, 1, 29350000000L, 3)], [(False, False, False, True)])
vm5: ([(0, 1, 28750000000L, 0)], [(True, False, False, False)])
vm6: ([(0, 1, 28540000000L, 1)], [(False, True, False, False)])
vm7: ([(0, 1, 28710000000L, 2)], [(False, False, True, False)])
vm8: ([(0, 1, 28490000000L, 3)], [(False, False, False, True)])
--------------------------------------------------------------------------------
0: 57.0 ['vm1', 'vm5']
1: 62.0 ['vm2', 'vm6']
2: 59.0 ['vm3', 'vm7']
3: 64.0 ['vm4', 'vm8']
--------------------------------------------------------------------------------
vm1: ([(0, 1, 28890000000L, 0)], [(True, False, False, False)])
vm2: ([(0, 1, 29210000000L, 1)], [(False, True, False, False)])
vm3: ([(0, 1, 29640000000L, 2)], [(False, False, True, False)])
vm4: ([(0, 1, 29680000000L, 3)], [(False, False, False, True)])
vm5: ([(0, 1, 29070000000L, 0)], [(True, False, False, False)])
vm6: ([(0, 1, 28830000000L, 1)], [(False, True, False, False)])
vm7: ([(0, 1, 29010000000L, 2)], [(False, False, True, False)])
vm8: ([(0, 1, 28820000000L, 3)], [(False, False, False, True)])
--------------------------------------------------------------------------------
0: 63.0 ['vm1', 'vm5']
1: 58.0 ['vm2', 'vm6']
2: 59.0 ['vm3', 'vm7']
3: 66.0 ['vm4', 'vm8']
--------------------------------------------------------------------------------
vm1: ([(0, 1, 29160000000L, 0)], [(True, False, False, False)])
vm2: ([(0, 1, 29510000000L, 1)], [(False, True, False, False)])
vm3: ([(0, 1, 29980000000L, 2)], [(False, False, True, False)])
vm4: ([(0, 1, 30010000000L, 3)], [(False, False, False, True)])
vm5: ([(0, 1, 29340000000L, 0)], [(True, False, False, False)])
vm6: ([(0, 1, 29130000000L, 1)], [(False, True, False, False)])
vm7: ([(0, 1, 29350000000L, 2)], [(False, False, True, False)])
vm8: ([(0, 1, 29150000000L, 3)], [(False, False, False, True)])
--------------------------------------------------------------------------------
0: 54.0 ['vm1', 'vm5']
1: 60.0 ['vm2', 'vm6']
2: 68.0 ['vm3', 'vm7']
3: 66.0 ['vm4', 'vm8']
--------------------------------------------------------------------------------
vm1: ([(0, 1, 29480000000L, 0)], [(True, False, False, False)])
vm2: ([(0, 1, 29820000000L, 1)], [(False, True, False, False)])
vm3: ([(0, 1, 30280000000L, 2)], [(False, False, True, False)])
vm4: ([(0, 1, 30320000000L, 3)], [(False, False, False, True)])
vm5: ([(0, 1, 29660000000L, 0)], [(True, False, False, False)])
vm6: ([(0, 1, 29440000000L, 1)], [(False, True, False, False)])
vm7: ([(0, 1, 29650000000L, 2)], [(False, False, True, False)])
vm8: ([(0, 1, 29440000000L, 3)], [(False, False, False, True)])
--------------------------------------------------------------------------------
0: 64.0 ['vm1', 'vm5']
1: 62.0 ['vm2', 'vm6']
2: 60.0 ['vm3', 'vm7']
3: 60.0 ['vm4', 'vm8']
--------------------------------------------------------------------------------
vm1: ([(0, 1, 29770000000L, 0)], [(True, False, False, False)])
vm2: ([(0, 1, 30160000000L, 1)], [(False, True, False, False)])
vm3: ([(0, 1, 30630000000L, 2)], [(False, False, True, False)])
vm4: ([(0, 1, 30590000000L, 3)], [(False, False, False, True)])
vm5: ([(0, 1, 29930000000L, 0)], [(True, False, False, False)])
vm6: ([(0, 1, 29770000000L, 1)], [(False, True, False, False)])
vm7: ([(0, 1, 30000000000L, 2)], [(False, False, True, False)])
vm8: ([(0, 1, 29720000000L, 3)], [(False, False, False, True)])
--------------------------------------------------------------------------------
0: 56.0 ['vm1', 'vm5']
1: 67.0 ['vm2', 'vm6']
2: 70.0 ['vm3', 'vm7']
3: 55.0 ['vm4', 'vm8']
--------------------------------------------------------------------------------
vm1: ([(0, 1, 30040000000L, 0)], [(True, False, False, False)])
vm2: ([(0, 1, 30430000000L, 1)], [(False, True, False, False)])
vm3: ([(0, 1, 30960000000L, 2)], [(False, False, True, False)])
vm4: ([(0, 1, 30940000000L, 3)], [(False, False, False, True)])
vm5: ([(0, 1, 30210000000L, 0)], [(True, False, False, False)])
vm6: ([(0, 1, 30050000000L, 1)], [(False, True, False, False)])
vm7: ([(0, 1, 30330000000L, 2)], [(False, False, True, False)])
vm8: ([(0, 1, 30080000000L, 3)], [(False, False, False, True)])
--------------------------------------------------------------------------------
0: 55.0 ['vm1', 'vm5']
1: 55.0 ['vm2', 'vm6']
2: 66.0 ['vm3', 'vm7']
3: 71.0 ['vm4', 'vm8']
--------------------------------------------------------------------------------
vm1: ([(0, 1, 30360000000L, 0)], [(True, False, False, False)])
vm2: ([(0, 1, 30720000000L, 1)], [(False, True, False, False)])
vm3: ([(0, 1, 31260000000L, 2)], [(False, False, True, False)])
vm4: ([(0, 1, 31250000000L, 3)], [(False, False, False, True)])
vm5: ([(0, 1, 30520000000L, 0)], [(True, False, False, False)])
vm6: ([(0, 1, 30350000000L, 1)], [(False, True, False, False)])
vm7: ([(0, 1, 30630000000L, 2)], [(False, False, True, False)])
vm8: ([(0, 1, 30370000000L, 3)], [(False, False, False, True)])
--------------------------------------------------------------------------------
0: 63.0 ['vm1', 'vm5']
1: 59.0 ['vm2', 'vm6']
2: 60.0 ['vm3', 'vm7']
3: 60.0 ['vm4', 'vm8']
--------------------------------------------------------------------------------
vm1: ([(0, 1, 30650000000L, 0)], [(True, False, False, False)])
vm2: ([(0, 1, 31030000000L, 1)], [(False, True, False, False)])
vm3: ([(0, 1, 31560000000L, 2)], [(False, False, True, False)])
vm4: ([(0, 1, 31570000000L, 3)], [(False, False, False, True)])
vm5: ([(0, 1, 30810000000L, 0)], [(True, False, False, False)])
vm6: ([(0, 1, 30650000000L, 1)], [(False, True, False, False)])
vm7: ([(0, 1, 30930000000L, 2)], [(False, False, True, False)])
vm8: ([(0, 1, 30690000000L, 3)], [(False, False, False, True)])
--------------------------------------------------------------------------------
0: 58.0 ['vm1', 'vm5']
1: 61.0 ['vm2', 'vm6']
2: 60.0 ['vm3', 'vm7']
3: 64.0 ['vm4', 'vm8']
--------------------------------------------------------------------------------
vm1: ([(0, 1, 30940000000L, 0)], [(True, False, False, False)])
vm2: ([(0, 1, 31330000000L, 1)], [(False, True, False, False)])
vm3: ([(0, 1, 31850000000L, 2)], [(False, False, True, False)])
vm4: ([(0, 1, 31880000000L, 3)], [(False, False, False, True)])
vm5: ([(0, 1, 31090000000L, 0)], [(True, False, False, False)])
vm6: ([(0, 1, 30960000000L, 1)], [(False, True, False, False)])
vm7: ([(0, 1, 31210000000L, 2)], [(False, False, True, False)])
vm8: ([(0, 1, 31000000000L, 3)], [(False, False, False, True)])
--------------------------------------------------------------------------------
0: 57.0 ['vm1', 'vm5']
1: 61.0 ['vm2', 'vm6']
2: 57.0 ['vm3', 'vm7']
3: 62.0 ['vm4', 'vm8']
--------------------------------------------------------------------------------
vm1: ([(0, 1, 31210000000L, 0)], [(True, False, False, False)])
vm2: ([(0, 1, 31610000000L, 1)], [(False, True, False, False)])
vm3: ([(0, 1, 32160000000L, 2)], [(False, False, True, False)])
vm4: ([(0, 1, 32180000000L, 3)], [(False, False, False, True)])
vm5: ([(0, 1, 31350000000L, 0)], [(True, False, False, False)])
vm6: ([(0, 1, 31240000000L, 1)], [(False, True, False, False)])
vm7: ([(0, 1, 31520000000L, 2)], [(False, False, True, False)])
vm8: ([(0, 1, 31300000000L, 3)], [(False, False, False, True)])
--------------------------------------------------------------------------------
0: 53.0 ['vm1', 'vm5']
1: 56.0 ['vm2', 'vm6']
2: 62.0 ['vm3', 'vm7']
3: 60.0 ['vm4', 'vm8']
--------------------------------------------------------------------------------
vm1: ([(0, 1, 31530000000L, 0)], [(True, False, False, False)])
vm2: ([(0, 1, 31930000000L, 1)], [(False, True, False, False)])
vm3: ([(0, 1, 32460000000L, 2)], [(False, False, True, False)])
vm4: ([(0, 1, 32470000000L, 3)], [(False, False, False, True)])
vm5: ([(0, 1, 31680000000L, 0)], [(True, False, False, False)])
vm6: ([(0, 1, 31550000000L, 1)], [(False, True, False, False)])
vm7: ([(0, 1, 31830000000L, 2)], [(False, False, True, False)])
vm8: ([(0, 1, 31590000000L, 3)], [(False, False, False, True)])
--------------------------------------------------------------------------------
0: 65.0 ['vm1', 'vm5']
1: 63.0 ['vm2', 'vm6']
2: 61.0 ['vm3', 'vm7']
3: 58.0 ['vm4', 'vm8']
--------------------------------------------------------------------------------
vm1: ([(0, 1, 31890000000L, 0)], [(True, False, False, False)])
vm2: ([(0, 1, 32200000000L, 1)], [(False, True, False, False)])
vm3: ([(0, 1, 32780000000L, 2)], [(False, False, True, False)])
vm4: ([(0, 1, 32770000000L, 3)], [(False, False, False, True)])
vm5: ([(0, 1, 32030000000L, 0)], [(True, False, False, False)])
vm6: ([(0, 1, 31810000000L, 1)], [(False, True, False, False)])
vm7: ([(0, 1, 32140000000L, 2)], [(False, False, True, False)])
vm8: ([(0, 1, 31890000000L, 3)], [(False, False, False, True)])
--------------------------------------------------------------------------------
0: 71.0 ['vm1', 'vm5']
1: 53.0 ['vm2', 'vm6']
2: 63.0 ['vm3', 'vm7']
3: 60.0 ['vm4', 'vm8']
--------------------------------------------------------------------------------
vm1: ([(0, 1, 32200000000L, 0)], [(True, False, False, False)])
vm2: ([(0, 1, 32510000000L, 1)], [(False, True, False, False)])
vm3: ([(0, 1, 33110000000L, 2)], [(False, False, True, False)])
vm4: ([(0, 1, 33050000000L, 3)], [(False, False, False, True)])
vm5: ([(0, 1, 32350000000L, 0)], [(True, False, False, False)])
vm6: ([(0, 1, 32130000000L, 1)], [(False, True, False, False)])
vm7: ([(0, 1, 32480000000L, 2)], [(False, False, True, False)])
vm8: ([(0, 1, 32180000000L, 3)], [(False, False, False, True)])
--------------------------------------------------------------------------------
0: 63.0 ['vm1', 'vm5']
1: 63.0 ['vm2', 'vm6']
2: 67.0 ['vm3', 'vm7']
3: 57.0 ['vm4', 'vm8']
--------------------------------------------------------------------------------
vm1: ([(0, 1, 32500000000L, 0)], [(True, False, False, False)])
vm2: ([(0, 1, 32840000000L, 1)], [(False, True, False, False)])
vm3: ([(0, 1, 33460000000L, 2)], [(False, False, True, False)])
vm4: ([(0, 1, 33350000000L, 3)], [(False, False, False, True)])
vm5: ([(0, 1, 32640000000L, 0)], [(True, False, False, False)])
vm6: ([(0, 1, 32450000000L, 1)], [(False, True, False, False)])
vm7: ([(0, 1, 32820000000L, 2)], [(False, False, True, False)])
vm8: ([(0, 1, 32470000000L, 3)], [(False, False, False, True)])
--------------------------------------------------------------------------------
0: 59.0 ['vm1', 'vm5']
1: 65.0 ['vm2', 'vm6']
2: 69.0 ['vm3', 'vm7']
3: 59.0 ['vm4', 'vm8']
--------------------------------------------------------------------------------
vm1: ([(0, 1, 32790000000L, 0)], [(True, False, False, False)])
vm2: ([(0, 1, 33140000000L, 1)], [(False, True, False, False)])
vm3: ([(0, 1, 33770000000L, 2)], [(False, False, True, False)])
vm4: ([(0, 1, 33660000000L, 3)], [(False, False, False, True)])
vm5: ([(0, 1, 32930000000L, 0)], [(True, False, False, False)])
vm6: ([(0, 1, 32750000000L, 1)], [(False, True, False, False)])
vm7: ([(0, 1, 33150000000L, 2)], [(False, False, True, False)])
vm8: ([(0, 1, 32770000000L, 3)], [(False, False, False, True)])
--------------------------------------------------------------------------------
0: 58.0 ['vm1', 'vm5']
1: 60.0 ['vm2', 'vm6']
2: 64.0 ['vm3', 'vm7']
3: 61.0 ['vm4', 'vm8']
--------------------------------------------------------------------------------
^CTraceback (most recent call last):
  File "monitor.py", line 72, in <module>
    s.run()
  File "/usr/lib/python2.7/sched.py", line 111, in run
    delayfunc(time - now)
KeyboardInterrupt
]0;habbes@ubuntu: ~/code/class/aos/p1-virtualization/test/cpu[01;32mhabbes@ubuntu[00m:[01;34m~/code/class/aos/p1-virtualization/test/cpu[00m$ exit
exit

Script done on 2019-09-24 06:18:07+0300
