Script started on 2019-09-24 06:08:08+0300
]0;habbes@ubuntu: ~/code/class/aos/p1-virtualization/test/cpu[01;32mhabbes@ubuntu[00m:[01;34m~/code/class/aos/p1-virtualization/test/cpu[00m$ python monitor.py 
vm1: ([(0, 1, 25560000000L, 0)], [(True, False, False, False)])
vm2: ([(0, 1, 26710000000L, 0)], [(True, False, False, False)])
vm3: ([(0, 1, 26240000000L, 0)], [(True, False, False, False)])
vm4: ([(0, 1, 24010000000L, 0)], [(True, False, False, False)])
vm5: ([(0, 1, 22430000000L, 0)], [(True, False, False, False)])
vm6: ([(0, 1, 22270000000L, 0)], [(True, False, False, False)])
vm7: ([(0, 1, 23780000000L, 0)], [(True, False, False, False)])
vm8: ([(0, 1, 24490000000L, 0)], [(True, False, False, False)])
--------------------------------------------------------------------------------
0: 0.0 []
1: 0.0 []
2: 0.0 []
3: 0.0 []
--------------------------------------------------------------------------------
vm1: ([(0, 1, 25560000000L, 0)], [(True, False, False, False)])
vm2: ([(0, 1, 26710000000L, 0)], [(True, False, False, False)])
vm3: ([(0, 1, 26240000000L, 0)], [(True, False, False, False)])
vm4: ([(0, 1, 24020000000L, 0)], [(True, False, False, False)])
vm5: ([(0, 1, 22430000000L, 0)], [(True, False, False, False)])
vm6: ([(0, 1, 22270000000L, 0)], [(True, False, False, False)])
vm7: ([(0, 1, 23780000000L, 0)], [(True, False, False, False)])
vm8: ([(0, 1, 24490000000L, 0)], [(True, False, False, False)])
--------------------------------------------------------------------------------
0: 1.0 ['vm1', 'vm2', 'vm3', 'vm4', 'vm5', 'vm6', 'vm7', 'vm8']
1: 0.0 []
2: 0.0 []
3: 0.0 []
--------------------------------------------------------------------------------
vm1: ([(0, 1, 25560000000L, 0)], [(True, False, False, False)])
vm2: ([(0, 1, 26710000000L, 0)], [(True, False, False, False)])
vm3: ([(0, 1, 26240000000L, 0)], [(True, False, False, False)])
vm4: ([(0, 1, 24030000000L, 0)], [(True, False, False, False)])
vm5: ([(0, 1, 22430000000L, 0)], [(True, False, False, False)])
vm6: ([(0, 1, 22270000000L, 0)], [(True, False, False, False)])
vm7: ([(0, 1, 23780000000L, 0)], [(True, False, False, False)])
vm8: ([(0, 1, 24490000000L, 0)], [(True, False, False, False)])
--------------------------------------------------------------------------------
0: 1.0 ['vm1', 'vm2', 'vm3', 'vm4', 'vm5', 'vm6', 'vm7', 'vm8']
1: 0.0 []
2: 0.0 []
3: 0.0 []
--------------------------------------------------------------------------------
vm1: ([(0, 1, 25560000000L, 0)], [(True, False, False, False)])
vm2: ([(0, 1, 26710000000L, 0)], [(True, False, False, False)])
vm3: ([(0, 1, 26240000000L, 0)], [(True, False, False, False)])
vm4: ([(0, 1, 24030000000L, 0)], [(True, False, False, False)])
vm5: ([(0, 1, 22430000000L, 0)], [(True, False, False, False)])
vm6: ([(0, 1, 22270000000L, 0)], [(True, False, False, False)])
vm7: ([(0, 1, 23780000000L, 0)], [(True, False, False, False)])
vm8: ([(0, 1, 24490000000L, 0)], [(True, False, False, False)])
--------------------------------------------------------------------------------
0: 0.0 ['vm1', 'vm2', 'vm3', 'vm4', 'vm5', 'vm6', 'vm7', 'vm8']
1: 0.0 []
2: 0.0 []
3: 0.0 []
--------------------------------------------------------------------------------
vm1: ([(0, 1, 25560000000L, 0)], [(True, False, False, False)])
vm2: ([(0, 1, 26710000000L, 0)], [(True, False, False, False)])
vm3: ([(0, 1, 26240000000L, 0)], [(True, False, False, False)])
vm4: ([(0, 1, 24030000000L, 0)], [(True, False, False, False)])
vm5: ([(0, 1, 22440000000L, 0)], [(True, False, False, False)])
vm6: ([(0, 1, 22280000000L, 0)], [(True, False, False, False)])
vm7: ([(0, 1, 23780000000L, 0)], [(True, False, False, False)])
vm8: ([(0, 1, 24490000000L, 0)], [(True, False, False, False)])
--------------------------------------------------------------------------------
0: 2.0 ['vm1', 'vm2', 'vm3', 'vm4', 'vm5', 'vm6', 'vm7', 'vm8']
1: 0.0 []
2: 0.0 []
3: 0.0 []
--------------------------------------------------------------------------------
vm1: ([(0, 1, 25570000000L, 0)], [(True, False, False, False)])
vm2: ([(0, 1, 26710000000L, 0)], [(True, False, False, False)])
vm3: ([(0, 1, 26240000000L, 0)], [(True, False, False, False)])
vm4: ([(0, 1, 24030000000L, 0)], [(True, False, False, False)])
vm5: ([(0, 1, 22440000000L, 0)], [(True, False, False, False)])
vm6: ([(0, 1, 22280000000L, 0)], [(True, False, False, False)])
vm7: ([(0, 1, 23790000000L, 0)], [(True, False, False, False)])
vm8: ([(0, 1, 24490000000L, 0)], [(True, False, False, False)])
--------------------------------------------------------------------------------
0: 2.0 ['vm1', 'vm2', 'vm3', 'vm4', 'vm5', 'vm6', 'vm7', 'vm8']
1: 0.0 []
2: 0.0 []
3: 0.0 []
--------------------------------------------------------------------------------
vm1: ([(0, 1, 25570000000L, 0)], [(True, False, False, False)])
vm2: ([(0, 1, 26710000000L, 0)], [(True, False, False, False)])
vm3: ([(0, 1, 26240000000L, 0)], [(True, False, False, False)])
vm4: ([(0, 1, 24030000000L, 0)], [(True, False, False, False)])
vm5: ([(0, 1, 22440000000L, 0)], [(True, False, False, False)])
vm6: ([(0, 1, 22280000000L, 0)], [(True, False, False, False)])
vm7: ([(0, 1, 23790000000L, 0)], [(True, False, False, False)])
vm8: ([(0, 1, 24490000000L, 0)], [(True, False, False, False)])
--------------------------------------------------------------------------------
0: 0.0 ['vm1', 'vm2', 'vm3', 'vm4', 'vm5', 'vm6', 'vm7', 'vm8']
1: 0.0 []
2: 0.0 []
3: 0.0 []
--------------------------------------------------------------------------------
vm1: ([(0, 1, 25570000000L, 0)], [(True, False, False, False)])
vm2: ([(0, 1, 26710000000L, 0)], [(True, False, False, False)])
vm3: ([(0, 1, 26240000000L, 0)], [(True, False, False, False)])
vm4: ([(0, 1, 24030000000L, 0)], [(True, False, False, False)])
vm5: ([(0, 1, 22450000000L, 0)], [(True, False, False, False)])
vm6: ([(0, 1, 22280000000L, 0)], [(True, False, False, False)])
vm7: ([(0, 1, 23790000000L, 0)], [(True, False, False, False)])
vm8: ([(0, 1, 24490000000L, 0)], [(True, False, False, False)])
--------------------------------------------------------------------------------
0: 1.0 ['vm1', 'vm2', 'vm3', 'vm4', 'vm5', 'vm6', 'vm7', 'vm8']
1: 0.0 []
2: 0.0 []
3: 0.0 []
--------------------------------------------------------------------------------
vm1: ([(0, 1, 25580000000L, 0)], [(True, False, False, False)])
vm2: ([(0, 1, 26710000000L, 0)], [(True, False, False, False)])
vm3: ([(0, 1, 26240000000L, 0)], [(True, False, False, False)])
vm4: ([(0, 1, 24030000000L, 0)], [(True, False, False, False)])
vm5: ([(0, 1, 22450000000L, 0)], [(True, False, False, False)])
vm6: ([(0, 1, 22280000000L, 0)], [(True, False, False, False)])
vm7: ([(0, 1, 23790000000L, 0)], [(True, False, False, False)])
vm8: ([(0, 1, 24500000000L, 0)], [(True, False, False, False)])
--------------------------------------------------------------------------------
0: 2.0 ['vm1', 'vm2', 'vm3', 'vm4', 'vm5', 'vm6', 'vm7', 'vm8']
1: 0.0 []
2: 0.0 []
3: 0.0 []
--------------------------------------------------------------------------------
vm1: ([(0, 1, 25580000000L, 0)], [(True, False, False, False)])
vm2: ([(0, 1, 26720000000L, 0)], [(True, False, False, False)])
vm3: ([(0, 1, 26240000000L, 0)], [(True, False, False, False)])
vm4: ([(0, 1, 24030000000L, 0)], [(True, False, False, False)])
vm5: ([(0, 1, 22450000000L, 0)], [(True, False, False, False)])
vm6: ([(0, 1, 22280000000L, 0)], [(True, False, False, False)])
vm7: ([(0, 1, 23790000000L, 0)], [(True, False, False, False)])
vm8: ([(0, 1, 24500000000L, 0)], [(True, False, False, False)])
--------------------------------------------------------------------------------
0: 1.0 ['vm1', 'vm2', 'vm3', 'vm4', 'vm5', 'vm6', 'vm7', 'vm8']
1: 0.0 []
2: 0.0 []
3: 0.0 []
--------------------------------------------------------------------------------
vm1: ([(0, 1, 25580000000L, 0)], [(True, False, False, False)])
vm2: ([(0, 1, 26720000000L, 0)], [(True, False, False, False)])
vm3: ([(0, 1, 26240000000L, 0)], [(True, False, False, False)])
vm4: ([(0, 1, 24030000000L, 0)], [(True, False, False, False)])
vm5: ([(0, 1, 22450000000L, 0)], [(True, False, False, False)])
vm6: ([(0, 1, 22280000000L, 0)], [(True, False, False, False)])
vm7: ([(0, 1, 23790000000L, 0)], [(True, False, False, False)])
vm8: ([(0, 1, 24500000000L, 0)], [(True, False, False, False)])
--------------------------------------------------------------------------------
0: 0.0 ['vm1', 'vm2', 'vm3', 'vm4', 'vm5', 'vm6', 'vm7', 'vm8']
1: 0.0 []
2: 0.0 []
3: 0.0 []
--------------------------------------------------------------------------------
vm1: ([(0, 1, 25690000000L, 0)], [(True, False, False, False)])
vm2: ([(0, 1, 26830000000L, 0)], [(True, False, False, False)])
vm3: ([(0, 1, 26370000000L, 0)], [(True, False, False, False)])
vm4: ([(0, 1, 24140000000L, 0)], [(True, False, False, False)])
vm5: ([(0, 1, 22570000000L, 0)], [(True, False, False, False)])
vm6: ([(0, 1, 22400000000L, 0)], [(True, False, False, False)])
vm7: ([(0, 1, 23910000000L, 0)], [(True, False, False, False)])
vm8: ([(0, 1, 24610000000L, 0)], [(True, False, False, False)])
--------------------------------------------------------------------------------
0: 93.0 ['vm1', 'vm2', 'vm3', 'vm4', 'vm5', 'vm6', 'vm7', 'vm8']
1: 0.0 []
2: 0.0 []
3: 0.0 []
--------------------------------------------------------------------------------
vm1: ([(0, 1, 25810000000L, 0)], [(True, False, False, False)])
vm2: ([(0, 1, 26970000000L, 0)], [(True, False, False, False)])
vm3: ([(0, 1, 26490000000L, 0)], [(True, False, False, False)])
vm4: ([(0, 1, 24280000000L, 0)], [(True, False, False, False)])
vm5: ([(0, 1, 22690000000L, 0)], [(True, False, False, False)])
vm6: ([(0, 1, 22520000000L, 0)], [(True, False, False, False)])
vm7: ([(0, 1, 24030000000L, 0)], [(True, False, False, False)])
vm8: ([(0, 1, 24740000000L, 0)], [(True, False, False, False)])
--------------------------------------------------------------------------------
0: 101.0 ['vm1', 'vm2', 'vm3', 'vm4', 'vm5', 'vm6', 'vm7', 'vm8']
1: 0.0 []
2: 0.0 []
3: 0.0 []
--------------------------------------------------------------------------------
vm1: ([(0, 1, 25940000000L, 0)], [(True, False, False, False)])
vm2: ([(0, 1, 27080000000L, 0)], [(True, False, False, False)])
vm3: ([(0, 1, 26620000000L, 0)], [(True, False, False, False)])
vm4: ([(0, 1, 24400000000L, 0)], [(True, False, False, False)])
vm5: ([(0, 1, 22810000000L, 0)], [(True, False, False, False)])
vm6: ([(0, 1, 22640000000L, 0)], [(True, False, False, False)])
vm7: ([(0, 1, 24160000000L, 0)], [(True, False, False, False)])
vm8: ([(0, 1, 24860000000L, 0)], [(True, False, False, False)])
--------------------------------------------------------------------------------
0: 98.0 ['vm1', 'vm2', 'vm3', 'vm4', 'vm5', 'vm6', 'vm7', 'vm8']
1: 0.0 []
2: 0.0 []
3: 0.0 []
--------------------------------------------------------------------------------
vm1: ([(0, 1, 26050000000L, 0)], [(True, False, False, False)])
vm2: ([(0, 1, 27200000000L, 0)], [(True, False, False, False)])
vm3: ([(0, 1, 26730000000L, 0)], [(True, False, False, False)])
vm4: ([(0, 1, 24520000000L, 0)], [(True, False, False, False)])
vm5: ([(0, 1, 22930000000L, 0)], [(True, False, False, False)])
vm6: ([(0, 1, 22760000000L, 0)], [(True, False, False, False)])
vm7: ([(0, 1, 24280000000L, 0)], [(True, False, False, False)])
vm8: ([(0, 1, 24980000000L, 0)], [(True, False, False, False)])
--------------------------------------------------------------------------------
0: 94.0 ['vm1', 'vm2', 'vm3', 'vm4', 'vm5', 'vm6', 'vm7', 'vm8']
1: 0.0 []
2: 0.0 []
3: 0.0 []
--------------------------------------------------------------------------------
vm1: ([(0, 1, 26180000000L, 0)], [(True, False, False, False)])
vm2: ([(0, 1, 27330000000L, 0)], [(True, False, False, False)])
vm3: ([(0, 1, 26850000000L, 0)], [(True, False, False, False)])
vm4: ([(0, 1, 24640000000L, 0)], [(True, False, False, False)])
vm5: ([(0, 1, 23040000000L, 0)], [(True, False, False, False)])
vm6: ([(0, 1, 22890000000L, 0)], [(True, False, False, False)])
vm7: ([(0, 1, 24400000000L, 0)], [(True, False, False, False)])
vm8: ([(0, 1, 25100000000L, 0)], [(True, False, False, False)])
--------------------------------------------------------------------------------
0: 98.0 ['vm1', 'vm2', 'vm3', 'vm4', 'vm5', 'vm6', 'vm7', 'vm8']
1: 0.0 []
2: 0.0 []
3: 0.0 []
--------------------------------------------------------------------------------
vm1: ([(0, 1, 26300000000L, 0)], [(True, False, False, False)])
vm2: ([(0, 1, 27430000000L, 0)], [(True, False, False, False)])
vm3: ([(0, 1, 26980000000L, 0)], [(True, False, False, False)])
vm4: ([(0, 1, 24750000000L, 0)], [(True, False, False, False)])
vm5: ([(0, 1, 23160000000L, 0)], [(True, False, False, False)])
vm6: ([(0, 1, 22990000000L, 0)], [(True, False, False, False)])
vm7: ([(0, 1, 24520000000L, 0)], [(True, False, False, False)])
vm8: ([(0, 1, 25220000000L, 0)], [(True, False, False, False)])
--------------------------------------------------------------------------------
0: 92.0 ['vm1', 'vm2', 'vm3', 'vm4', 'vm5', 'vm6', 'vm7', 'vm8']
1: 0.0 []
2: 0.0 []
3: 0.0 []
--------------------------------------------------------------------------------
vm1: ([(0, 1, 26410000000L, 0)], [(True, False, False, False)])
vm2: ([(0, 1, 27560000000L, 0)], [(True, False, False, False)])
vm3: ([(0, 1, 27080000000L, 0)], [(True, False, False, False)])
vm4: ([(0, 1, 24880000000L, 0)], [(True, False, False, False)])
vm5: ([(0, 1, 23290000000L, 0)], [(True, False, False, False)])
vm6: ([(0, 1, 23120000000L, 0)], [(True, False, False, False)])
vm7: ([(0, 1, 24620000000L, 0)], [(True, False, False, False)])
vm8: ([(0, 1, 25330000000L, 0)], [(True, False, False, False)])
--------------------------------------------------------------------------------
0: 94.0 ['vm1', 'vm2', 'vm3', 'vm4', 'vm5', 'vm6', 'vm7', 'vm8']
1: 0.0 []
2: 0.0 []
3: 0.0 []
--------------------------------------------------------------------------------
vm1: ([(0, 1, 26520000000L, 0)], [(True, False, False, False)])
vm2: ([(0, 1, 27670000000L, 0)], [(True, False, False, False)])
vm3: ([(0, 1, 27190000000L, 0)], [(True, False, False, False)])
vm4: ([(0, 1, 24990000000L, 0)], [(True, False, False, False)])
vm5: ([(0, 1, 23400000000L, 0)], [(True, False, False, False)])
vm6: ([(0, 1, 23240000000L, 0)], [(True, False, False, False)])
vm7: ([(0, 1, 24730000000L, 0)], [(True, False, False, False)])
vm8: ([(0, 1, 25440000000L, 0)], [(True, False, False, False)])
--------------------------------------------------------------------------------
0: 89.0 ['vm1', 'vm2', 'vm3', 'vm4', 'vm5', 'vm6', 'vm7', 'vm8']
1: 0.0 []
2: 0.0 []
3: 0.0 []
--------------------------------------------------------------------------------
vm1: ([(0, 1, 26650000000L, 0)], [(True, False, False, False)])
vm2: ([(0, 1, 27790000000L, 0)], [(True, False, False, False)])
vm3: ([(0, 1, 27310000000L, 0)], [(True, False, False, False)])
vm4: ([(0, 1, 25110000000L, 0)], [(True, False, False, False)])
vm5: ([(0, 1, 23520000000L, 0)], [(True, False, False, False)])
vm6: ([(0, 1, 23350000000L, 0)], [(True, False, False, False)])
vm7: ([(0, 1, 24850000000L, 0)], [(True, False, False, False)])
vm8: ([(0, 1, 25560000000L, 0)], [(True, False, False, False)])
--------------------------------------------------------------------------------
0: 96.0 ['vm1', 'vm2', 'vm3', 'vm4', 'vm5', 'vm6', 'vm7', 'vm8']
1: 0.0 []
2: 0.0 []
3: 0.0 []
--------------------------------------------------------------------------------
vm1: ([(0, 1, 26770000000L, 0)], [(True, False, False, False)])
vm2: ([(0, 1, 27910000000L, 0)], [(True, False, False, False)])
vm3: ([(0, 1, 27430000000L, 0)], [(True, False, False, False)])
vm4: ([(0, 1, 25240000000L, 0)], [(True, False, False, False)])
vm5: ([(0, 1, 23640000000L, 0)], [(True, False, False, False)])
vm6: ([(0, 1, 23470000000L, 0)], [(True, False, False, False)])
vm7: ([(0, 1, 24980000000L, 0)], [(True, False, False, False)])
vm8: ([(0, 1, 25680000000L, 0)], [(True, False, False, False)])
--------------------------------------------------------------------------------
0: 98.0 ['vm1', 'vm2', 'vm3', 'vm4', 'vm5', 'vm6', 'vm7', 'vm8']
1: 0.0 []
2: 0.0 []
3: 0.0 []
--------------------------------------------------------------------------------
vm1: ([(0, 1, 27010000000L, 0)], [(True, False, False, False)])
vm2: ([(0, 1, 28140000000L, 3)], [(False, False, False, True)])
vm3: ([(0, 1, 27650000000L, 3)], [(False, False, False, True)])
vm4: ([(0, 1, 25460000000L, 1)], [(False, True, False, False)])
vm5: ([(0, 1, 23900000000L, 2)], [(False, False, True, False)])
vm6: ([(0, 1, 23710000000L, 1)], [(False, True, False, False)])
vm7: ([(0, 1, 25220000000L, 2)], [(False, False, True, False)])
vm8: ([(0, 1, 25920000000L, 0)], [(True, False, False, False)])
--------------------------------------------------------------------------------
0: 48.0 ['vm1', 'vm8']
1: 46.0 ['vm4', 'vm6']
2: 50.0 ['vm5', 'vm7']
3: 45.0 ['vm2', 'vm3']
--------------------------------------------------------------------------------
vm1: ([(0, 1, 27290000000L, 0)], [(True, False, False, False)])
vm2: ([(0, 1, 28430000000L, 3)], [(False, False, False, True)])
vm3: ([(0, 1, 27940000000L, 3)], [(False, False, False, True)])
vm4: ([(0, 1, 25730000000L, 1)], [(False, True, False, False)])
vm5: ([(0, 1, 24210000000L, 2)], [(False, False, True, False)])
vm6: ([(0, 1, 23980000000L, 1)], [(False, True, False, False)])
vm7: ([(0, 1, 25530000000L, 2)], [(False, False, True, False)])
vm8: ([(0, 1, 26220000000L, 0)], [(True, False, False, False)])
--------------------------------------------------------------------------------
0: 58.0 ['vm1', 'vm8']
1: 54.0 ['vm4', 'vm6']
2: 62.0 ['vm5', 'vm7']
3: 58.0 ['vm2', 'vm3']
--------------------------------------------------------------------------------
vm1: ([(0, 1, 27580000000L, 0)], [(True, False, False, False)])
vm2: ([(0, 1, 28740000000L, 3)], [(False, False, False, True)])
vm3: ([(0, 1, 28260000000L, 3)], [(False, False, False, True)])
vm4: ([(0, 1, 26010000000L, 1)], [(False, True, False, False)])
vm5: ([(0, 1, 24570000000L, 2)], [(False, False, True, False)])
vm6: ([(0, 1, 24250000000L, 1)], [(False, True, False, False)])
vm7: ([(0, 1, 25890000000L, 2)], [(False, False, True, False)])
vm8: ([(0, 1, 26490000000L, 0)], [(True, False, False, False)])
--------------------------------------------------------------------------------
0: 56.0 ['vm1', 'vm8']
1: 55.0 ['vm4', 'vm6']
2: 72.0 ['vm5', 'vm7']
3: 63.0 ['vm2', 'vm3']
--------------------------------------------------------------------------------
vm1: ([(0, 1, 27860000000L, 0)], [(True, False, False, False)])
vm2: ([(0, 1, 29080000000L, 3)], [(False, False, False, True)])
vm3: ([(0, 1, 28600000000L, 3)], [(False, False, False, True)])
vm4: ([(0, 1, 26320000000L, 1)], [(False, True, False, False)])
vm5: ([(0, 1, 24860000000L, 2)], [(False, False, True, False)])
vm6: ([(0, 1, 24560000000L, 1)], [(False, True, False, False)])
vm7: ([(0, 1, 26190000000L, 2)], [(False, False, True, False)])
vm8: ([(0, 1, 26760000000L, 0)], [(True, False, False, False)])
--------------------------------------------------------------------------------
0: 55.0 ['vm1', 'vm8']
1: 62.0 ['vm4', 'vm6']
2: 59.0 ['vm5', 'vm7']
3: 68.0 ['vm2', 'vm3']
--------------------------------------------------------------------------------
vm1: ([(0, 1, 28140000000L, 0)], [(True, False, False, False)])
vm2: ([(0, 1, 29370000000L, 3)], [(False, False, False, True)])
vm3: ([(0, 1, 28880000000L, 3)], [(False, False, False, True)])
vm4: ([(0, 1, 26650000000L, 1)], [(False, True, False, False)])
vm5: ([(0, 1, 25170000000L, 2)], [(False, False, True, False)])
vm6: ([(0, 1, 24890000000L, 1)], [(False, True, False, False)])
vm7: ([(0, 1, 26490000000L, 2)], [(False, False, True, False)])
vm8: ([(0, 1, 27040000000L, 0)], [(True, False, False, False)])
--------------------------------------------------------------------------------
0: 56.0 ['vm1', 'vm8']
1: 66.0 ['vm4', 'vm6']
2: 61.0 ['vm5', 'vm7']
3: 57.0 ['vm2', 'vm3']
--------------------------------------------------------------------------------
vm1: ([(0, 1, 28440000000L, 0)], [(True, False, False, False)])
vm2: ([(0, 1, 29640000000L, 3)], [(False, False, False, True)])
vm3: ([(0, 1, 29160000000L, 3)], [(False, False, False, True)])
vm4: ([(0, 1, 26930000000L, 1)], [(False, True, False, False)])
vm5: ([(0, 1, 25480000000L, 2)], [(False, False, True, False)])
vm6: ([(0, 1, 25170000000L, 1)], [(False, True, False, False)])
vm7: ([(0, 1, 26810000000L, 2)], [(False, False, True, False)])
vm8: ([(0, 1, 27340000000L, 0)], [(True, False, False, False)])
--------------------------------------------------------------------------------
0: 60.0 ['vm1', 'vm8']
1: 56.0 ['vm4', 'vm6']
2: 63.0 ['vm5', 'vm7']
3: 55.0 ['vm2', 'vm3']
--------------------------------------------------------------------------------
vm1: ([(0, 1, 28710000000L, 0)], [(True, False, False, False)])
vm2: ([(0, 1, 29910000000L, 3)], [(False, False, False, True)])
vm3: ([(0, 1, 29420000000L, 3)], [(False, False, False, True)])
vm4: ([(0, 1, 27230000000L, 1)], [(False, True, False, False)])
vm5: ([(0, 1, 25810000000L, 2)], [(False, False, True, False)])
vm6: ([(0, 1, 25470000000L, 1)], [(False, True, False, False)])
vm7: ([(0, 1, 27120000000L, 2)], [(False, False, True, False)])
vm8: ([(0, 1, 27610000000L, 0)], [(True, False, False, False)])
--------------------------------------------------------------------------------
0: 54.0 ['vm1', 'vm8']
1: 60.0 ['vm4', 'vm6']
2: 64.0 ['vm5', 'vm7']
3: 53.0 ['vm2', 'vm3']
--------------------------------------------------------------------------------
vm1: ([(0, 1, 28980000000L, 0)], [(True, False, False, False)])
vm2: ([(0, 1, 30210000000L, 3)], [(False, False, False, True)])
vm3: ([(0, 1, 29720000000L, 3)], [(False, False, False, True)])
vm4: ([(0, 1, 27520000000L, 1)], [(False, True, False, False)])
vm5: ([(0, 1, 26110000000L, 2)], [(False, False, True, False)])
vm6: ([(0, 1, 25760000000L, 1)], [(False, True, False, False)])
vm7: ([(0, 1, 27410000000L, 2)], [(False, False, True, False)])
vm8: ([(0, 1, 27880000000L, 0)], [(True, False, False, False)])
--------------------------------------------------------------------------------
0: 54.0 ['vm1', 'vm8']
1: 58.0 ['vm4', 'vm6']
2: 59.0 ['vm5', 'vm7']
3: 60.0 ['vm2', 'vm3']
--------------------------------------------------------------------------------
vm1: ([(0, 1, 29250000000L, 0)], [(True, False, False, False)])
vm2: ([(0, 1, 30510000000L, 3)], [(False, False, False, True)])
vm3: ([(0, 1, 30030000000L, 3)], [(False, False, False, True)])
vm4: ([(0, 1, 27810000000L, 1)], [(False, True, False, False)])
vm5: ([(0, 1, 26390000000L, 2)], [(False, False, True, False)])
vm6: ([(0, 1, 26060000000L, 1)], [(False, True, False, False)])
vm7: ([(0, 1, 27710000000L, 2)], [(False, False, True, False)])
vm8: ([(0, 1, 28160000000L, 0)], [(True, False, False, False)])
--------------------------------------------------------------------------------
0: 55.0 ['vm1', 'vm8']
1: 59.0 ['vm4', 'vm6']
2: 58.0 ['vm5', 'vm7']
3: 61.0 ['vm2', 'vm3']
--------------------------------------------------------------------------------
vm1: ([(0, 1, 29540000000L, 0)], [(True, False, False, False)])
vm2: ([(0, 1, 30800000000L, 3)], [(False, False, False, True)])
vm3: ([(0, 1, 30310000000L, 3)], [(False, False, False, True)])
vm4: ([(0, 1, 28120000000L, 1)], [(False, True, False, False)])
vm5: ([(0, 1, 26700000000L, 2)], [(False, False, True, False)])
vm6: ([(0, 1, 26350000000L, 1)], [(False, True, False, False)])
vm7: ([(0, 1, 28020000000L, 2)], [(False, False, True, False)])
vm8: ([(0, 1, 28440000000L, 0)], [(True, False, False, False)])
--------------------------------------------------------------------------------
0: 57.0 ['vm1', 'vm8']
1: 60.0 ['vm4', 'vm6']
2: 62.0 ['vm5', 'vm7']
3: 57.0 ['vm2', 'vm3']
--------------------------------------------------------------------------------
vm1: ([(0, 1, 29840000000L, 0)], [(True, False, False, False)])
vm2: ([(0, 1, 31100000000L, 3)], [(False, False, False, True)])
vm3: ([(0, 1, 30620000000L, 3)], [(False, False, False, True)])
vm4: ([(0, 1, 28390000000L, 1)], [(False, True, False, False)])
vm5: ([(0, 1, 26980000000L, 2)], [(False, False, True, False)])
vm6: ([(0, 1, 26630000000L, 1)], [(False, True, False, False)])
vm7: ([(0, 1, 28300000000L, 2)], [(False, False, True, False)])
vm8: ([(0, 1, 28740000000L, 0)], [(True, False, False, False)])
--------------------------------------------------------------------------------
0: 60.0 ['vm1', 'vm8']
1: 55.0 ['vm4', 'vm6']
2: 56.0 ['vm5', 'vm7']
3: 61.0 ['vm2', 'vm3']
--------------------------------------------------------------------------------
vm1: ([(0, 1, 30130000000L, 0)], [(True, False, False, False)])
vm2: ([(0, 1, 31370000000L, 3)], [(False, False, False, True)])
vm3: ([(0, 1, 30880000000L, 3)], [(False, False, False, True)])
vm4: ([(0, 1, 28690000000L, 1)], [(False, True, False, False)])
vm5: ([(0, 1, 27290000000L, 2)], [(False, False, True, False)])
vm6: ([(0, 1, 26940000000L, 1)], [(False, True, False, False)])
vm7: ([(0, 1, 28610000000L, 2)], [(False, False, True, False)])
vm8: ([(0, 1, 29040000000L, 0)], [(True, False, False, False)])
--------------------------------------------------------------------------------
0: 59.0 ['vm1', 'vm8']
1: 61.0 ['vm4', 'vm6']
2: 62.0 ['vm5', 'vm7']
3: 53.0 ['vm2', 'vm3']
--------------------------------------------------------------------------------
vm1: ([(0, 1, 30430000000L, 0)], [(True, False, False, False)])
vm2: ([(0, 1, 31700000000L, 3)], [(False, False, False, True)])
vm3: ([(0, 1, 31210000000L, 3)], [(False, False, False, True)])
vm4: ([(0, 1, 29000000000L, 1)], [(False, True, False, False)])
vm5: ([(0, 1, 27600000000L, 2)], [(False, False, True, False)])
vm6: ([(0, 1, 27230000000L, 1)], [(False, True, False, False)])
vm7: ([(0, 1, 28910000000L, 2)], [(False, False, True, False)])
vm8: ([(0, 1, 29340000000L, 0)], [(True, False, False, False)])
--------------------------------------------------------------------------------
0: 60.0 ['vm1', 'vm8']
1: 60.0 ['vm4', 'vm6']
2: 61.0 ['vm5', 'vm7']
3: 66.0 ['vm2', 'vm3']
--------------------------------------------------------------------------------
vm1: ([(0, 1, 30720000000L, 0)], [(True, False, False, False)])
vm2: ([(0, 1, 32030000000L, 3)], [(False, False, False, True)])
vm3: ([(0, 1, 31550000000L, 3)], [(False, False, False, True)])
vm4: ([(0, 1, 29300000000L, 1)], [(False, True, False, False)])
vm5: ([(0, 1, 27880000000L, 2)], [(False, False, True, False)])
vm6: ([(0, 1, 27530000000L, 1)], [(False, True, False, False)])
vm7: ([(0, 1, 29200000000L, 2)], [(False, False, True, False)])
vm8: ([(0, 1, 29620000000L, 0)], [(True, False, False, False)])
--------------------------------------------------------------------------------
0: 57.0 ['vm1', 'vm8']
1: 60.0 ['vm4', 'vm6']
2: 57.0 ['vm5', 'vm7']
3: 67.0 ['vm2', 'vm3']
--------------------------------------------------------------------------------
vm1: ([(0, 1, 31010000000L, 0)], [(True, False, False, False)])
vm2: ([(0, 1, 32330000000L, 3)], [(False, False, False, True)])
vm3: ([(0, 1, 31840000000L, 3)], [(False, False, False, True)])
vm4: ([(0, 1, 29590000000L, 1)], [(False, True, False, False)])
vm5: ([(0, 1, 28170000000L, 2)], [(False, False, True, False)])
vm6: ([(0, 1, 27830000000L, 1)], [(False, True, False, False)])
vm7: ([(0, 1, 29490000000L, 2)], [(False, False, True, False)])
vm8: ([(0, 1, 29910000000L, 0)], [(True, False, False, False)])
--------------------------------------------------------------------------------
0: 58.0 ['vm1', 'vm8']
1: 59.0 ['vm4', 'vm6']
2: 58.0 ['vm5', 'vm7']
3: 59.0 ['vm2', 'vm3']
--------------------------------------------------------------------------------
vm1: ([(0, 1, 31320000000L, 0)], [(True, False, False, False)])
vm2: ([(0, 1, 32620000000L, 3)], [(False, False, False, True)])
vm3: ([(0, 1, 32130000000L, 3)], [(False, False, False, True)])
vm4: ([(0, 1, 29910000000L, 1)], [(False, True, False, False)])
vm5: ([(0, 1, 28480000000L, 2)], [(False, False, True, False)])
vm6: ([(0, 1, 28140000000L, 1)], [(False, True, False, False)])
vm7: ([(0, 1, 29800000000L, 2)], [(False, False, True, False)])
vm8: ([(0, 1, 30230000000L, 0)], [(True, False, False, False)])
--------------------------------------------------------------------------------
0: 63.0 ['vm1', 'vm8']
1: 63.0 ['vm4', 'vm6']
2: 62.0 ['vm5', 'vm7']
3: 58.0 ['vm2', 'vm3']
--------------------------------------------------------------------------------
vm1: ([(0, 1, 31650000000L, 0)], [(True, False, False, False)])
vm2: ([(0, 1, 32950000000L, 3)], [(False, False, False, True)])
vm3: ([(0, 1, 32470000000L, 3)], [(False, False, False, True)])
vm4: ([(0, 1, 30190000000L, 1)], [(False, True, False, False)])
vm5: ([(0, 1, 28780000000L, 2)], [(False, False, True, False)])
vm6: ([(0, 1, 28440000000L, 1)], [(False, True, False, False)])
vm7: ([(0, 1, 30090000000L, 2)], [(False, False, True, False)])
vm8: ([(0, 1, 30560000000L, 0)], [(True, False, False, False)])
--------------------------------------------------------------------------------
0: 66.0 ['vm1', 'vm8']
1: 58.0 ['vm4', 'vm6']
2: 59.0 ['vm5', 'vm7']
3: 67.0 ['vm2', 'vm3']
--------------------------------------------------------------------------------
vm1: ([(0, 1, 31930000000L, 0)], [(True, False, False, False)])
vm2: ([(0, 1, 33230000000L, 3)], [(False, False, False, True)])
vm3: ([(0, 1, 32750000000L, 3)], [(False, False, False, True)])
vm4: ([(0, 1, 30510000000L, 1)], [(False, True, False, False)])
vm5: ([(0, 1, 29040000000L, 2)], [(False, False, True, False)])
vm6: ([(0, 1, 28750000000L, 1)], [(False, True, False, False)])
vm7: ([(0, 1, 30360000000L, 2)], [(False, False, True, False)])
vm8: ([(0, 1, 30840000000L, 0)], [(True, False, False, False)])
--------------------------------------------------------------------------------
0: 56.0 ['vm1', 'vm8']
1: 63.0 ['vm4', 'vm6']
2: 53.0 ['vm5', 'vm7']
3: 56.0 ['vm2', 'vm3']
--------------------------------------------------------------------------------
vm1: ([(0, 1, 32210000000L, 0)], [(True, False, False, False)])
vm2: ([(0, 1, 33560000000L, 3)], [(False, False, False, True)])
vm3: ([(0, 1, 33080000000L, 3)], [(False, False, False, True)])
vm4: ([(0, 1, 30820000000L, 1)], [(False, True, False, False)])
vm5: ([(0, 1, 29360000000L, 2)], [(False, False, True, False)])
vm6: ([(0, 1, 29060000000L, 1)], [(False, True, False, False)])
vm7: ([(0, 1, 30680000000L, 2)], [(False, False, True, False)])
vm8: ([(0, 1, 31120000000L, 0)], [(True, False, False, False)])
--------------------------------------------------------------------------------
0: 56.0 ['vm1', 'vm8']
1: 62.0 ['vm4', 'vm6']
2: 64.0 ['vm5', 'vm7']
3: 66.0 ['vm2', 'vm3']
--------------------------------------------------------------------------------
vm1: ([(0, 1, 32500000000L, 0)], [(True, False, False, False)])
vm2: ([(0, 1, 33920000000L, 3)], [(False, False, False, True)])
vm3: ([(0, 1, 33420000000L, 3)], [(False, False, False, True)])
vm4: ([(0, 1, 31130000000L, 1)], [(False, True, False, False)])
vm5: ([(0, 1, 29660000000L, 2)], [(False, False, True, False)])
vm6: ([(0, 1, 29380000000L, 1)], [(False, True, False, False)])
vm7: ([(0, 1, 30970000000L, 2)], [(False, False, True, False)])
vm8: ([(0, 1, 31410000000L, 0)], [(True, False, False, False)])
--------------------------------------------------------------------------------
0: 58.0 ['vm1', 'vm8']
1: 63.0 ['vm4', 'vm6']
2: 59.0 ['vm5', 'vm7']
3: 70.0 ['vm2', 'vm3']
--------------------------------------------------------------------------------
vm1: ([(0, 1, 32780000000L, 0)], [(True, False, False, False)])
vm2: ([(0, 1, 34200000000L, 3)], [(False, False, False, True)])
vm3: ([(0, 1, 33730000000L, 3)], [(False, False, False, True)])
vm4: ([(0, 1, 31490000000L, 1)], [(False, True, False, False)])
vm5: ([(0, 1, 29950000000L, 2)], [(False, False, True, False)])
vm6: ([(0, 1, 29730000000L, 1)], [(False, True, False, False)])
vm7: ([(0, 1, 31270000000L, 2)], [(False, False, True, False)])
vm8: ([(0, 1, 31690000000L, 0)], [(True, False, False, False)])
--------------------------------------------------------------------------------
0: 56.0 ['vm1', 'vm8']
1: 71.0 ['vm4', 'vm6']
2: 59.0 ['vm5', 'vm7']
3: 59.0 ['vm2', 'vm3']
--------------------------------------------------------------------------------
exivm1: ([(0, 1, 33080000000L, 0)], [(True, False, False, False)])
vm2: ([(0, 1, 34490000000L, 3)], [(False, False, False, True)])
vm3: ([(0, 1, 34020000000L, 3)], [(False, False, False, True)])
vm4: ([(0, 1, 31800000000L, 1)], [(False, True, False, False)])
vm5: ([(0, 1, 30260000000L, 2)], [(False, False, True, False)])
vm6: ([(0, 1, 30040000000L, 1)], [(False, True, False, False)])
vm7: ([(0, 1, 31580000000L, 2)], [(False, False, True, False)])
vm8: ([(0, 1, 31990000000L, 0)], [(True, False, False, False)])
--------------------------------------------------------------------------------
0: 60.0 ['vm1', 'vm8']
1: 62.0 ['vm4', 'vm6']
2: 62.0 ['vm5', 'vm7']
3: 58.0 ['vm2', 'vm3']
--------------------------------------------------------------------------------
t
vm1: ([(0, 1, 33400000000L, 0)], [(True, False, False, False)])
vm2: ([(0, 1, 34800000000L, 3)], [(False, False, False, True)])
vm3: ([(0, 1, 34330000000L, 3)], [(False, False, False, True)])
vm4: ([(0, 1, 32110000000L, 1)], [(False, True, False, False)])
vm5: ([(0, 1, 30570000000L, 2)], [(False, False, True, False)])
vm6: ([(0, 1, 30350000000L, 1)], [(False, True, False, False)])
vm7: ([(0, 1, 31910000000L, 2)], [(False, False, True, False)])
vm8: ([(0, 1, 32310000000L, 0)], [(True, False, False, False)])
--------------------------------------------------------------------------------
0: 64.0 ['vm1', 'vm8']
1: 62.0 ['vm4', 'vm6']
2: 64.0 ['vm5', 'vm7']
3: 62.0 ['vm2', 'vm3']
--------------------------------------------------------------------------------
vm1: ([(0, 1, 33700000000L, 0)], [(True, False, False, False)])
vm2: ([(0, 1, 35120000000L, 3)], [(False, False, False, True)])
vm3: ([(0, 1, 34650000000L, 3)], [(False, False, False, True)])
vm4: ([(0, 1, 32420000000L, 1)], [(False, True, False, False)])
vm5: ([(0, 1, 30890000000L, 2)], [(False, False, True, False)])
vm6: ([(0, 1, 30650000000L, 1)], [(False, True, False, False)])
vm7: ([(0, 1, 32220000000L, 2)], [(False, False, True, False)])
vm8: ([(0, 1, 32600000000L, 0)], [(True, False, False, False)])
--------------------------------------------------------------------------------
0: 59.0 ['vm1', 'vm8']
1: 61.0 ['vm4', 'vm6']
2: 63.0 ['vm5', 'vm7']
3: 64.0 ['vm2', 'vm3']
--------------------------------------------------------------------------------
vm1: ([(0, 1, 33960000000L, 0)], [(True, False, False, False)])
vm2: ([(0, 1, 35440000000L, 3)], [(False, False, False, True)])
vm3: ([(0, 1, 34970000000L, 3)], [(False, False, False, True)])
vm4: ([(0, 1, 32730000000L, 1)], [(False, True, False, False)])
vm5: ([(0, 1, 31240000000L, 2)], [(False, False, True, False)])
vm6: ([(0, 1, 30970000000L, 1)], [(False, True, False, False)])
vm7: ([(0, 1, 32580000000L, 2)], [(False, False, True, False)])
vm8: ([(0, 1, 32870000000L, 0)], [(True, False, False, False)])
--------------------------------------------------------------------------------
0: 53.0 ['vm1', 'vm8']
1: 63.0 ['vm4', 'vm6']
2: 71.0 ['vm5', 'vm7']
3: 64.0 ['vm2', 'vm3']
--------------------------------------------------------------------------------
vm1: ([(0, 1, 34290000000L, 0)], [(True, False, False, False)])
vm2: ([(0, 1, 35740000000L, 3)], [(False, False, False, True)])
vm3: ([(0, 1, 35270000000L, 3)], [(False, False, False, True)])
vm4: ([(0, 1, 33030000000L, 1)], [(False, True, False, False)])
vm5: ([(0, 1, 31580000000L, 2)], [(False, False, True, False)])
vm6: ([(0, 1, 31250000000L, 1)], [(False, True, False, False)])
vm7: ([(0, 1, 32890000000L, 2)], [(False, False, True, False)])
vm8: ([(0, 1, 33180000000L, 0)], [(True, False, False, False)])
--------------------------------------------------------------------------------
0: 64.0 ['vm1', 'vm8']
1: 58.0 ['vm4', 'vm6']
2: 65.0 ['vm5', 'vm7']
3: 60.0 ['vm2', 'vm3']
--------------------------------------------------------------------------------
^CTraceback (most recent call last):
  File "monitor.py", line 72, in <module>
    s.run()
  File "/usr/lib/python2.7/sched.py", line 111, in run
    delayfunc(time - now)
KeyboardInterrupt
]0;habbes@ubuntu: ~/code/class/aos/p1-virtualization/test/cpu[01;32mhabbes@ubuntu[00m:[01;34m~/code/class/aos/p1-virtualization/test/cpu[00m$ exit
exit

Script done on 2019-09-24 06:09:03+0300
